#
# A fatal error has been detected by the Java Runtime Environment:
#
#  EXCEPTION_ACCESS_VIOLATION (0xc0000005) at pc=0x000000006f165a43, pid=1668, tid=0x0000000000000484
#
# JRE version: Java(TM) SE Runtime Environment (8.0_101-b13) (build 1.8.0_101-b13)
# Java VM: Java HotSpot(TM) 64-Bit Server VM (25.101-b13 mixed mode windows-amd64 compressed oops)
# Problematic frame:
# C  [prism_common.dll+0x5a43]
#
# Failed to write core dump. Minidumps are not enabled by default on client versions of Windows
#
# If you would like to submit a bug report, please visit:
#   http://bugreport.java.com/bugreport/crash.jsp
# The crash happened outside the Java Virtual Machine in native code.
# See problematic frame for where to report the bug.
#

---------------  T H R E A D  ---------------

Current thread (0x0000000057555000):  JavaThread "QuantumRenderer-0" daemon [_thread_in_native, id=1156, stack(0x0000000057670000,0x0000000057770000)]

siginfo: ExceptionCode=0xc0000005, reading address 0xffffe000616234f8

Registers:
RAX=0x00000000616234f0, RBX=0x000000005776be10, RCX=0xffffe00000000008, RDX=0x0000000000000000
RSP=0x000000005776ba70, RBP=0x0000000000000ce0, RSI=0xffffffff9e969dd4, RDI=0x0000000061696230
R8 =0x000000000000a9f4, R9 =0x0000000061696238, R10=0x0000000000002a7d, R11=0x000000000000a9f6
R12=0xffffffff9e969dc8, R13=0x000000000000a9f6, R14=0x0000000000000ce1, R15=0xffffffff9e969dd0
RIP=0x000000006f165a43, EFLAGS=0x0000000000010206

Top of Stack: (sp=0x000000005776ba70)
0x000000005776ba70:   40a9c00000000000 00000000a14c39e0
0x000000005776ba80:   0000000000000000 000000006f164e6f
0x000000005776ba90:   0000000043af2b80 0000000000000000
0x000000005776baa0:   00000000bfe38000 0000000000000000
0x000000005776bab0:   000000003dd2a000 0000000000000000
0x000000005776bac0:   00000000bdb1761e 0000000000000000
0x000000005776bad0:   00000000bfbfadec 0000000000000000
0x000000005776bae0:   00000000456466f4 0000000000000000
0x000000005776baf0:   00000000454e03e9 0000000000000000
0x000000005776bb00:   0000000000001e5e 00000000a14c39e8
0x000000005776bb10:   00000000a14c39e4 00000000a14c39e0
0x000000005776bb20:   000000005776be10 000000006f164e6f
0x000000005776bb30:   0000000000001e5c 000000005776bef0
0x000000005776bb40:   0000000000001e60 00000000000000c8
0x000000005776bb50:   00000000000153f6 0000000000000000
0x000000005776bb60:   0000000000000000 0000000000000000 

Instructions: (pc=0x000000006f165a43)
0x000000006f165a23:   68 4b 8d 14 0c 8b 0c 02 41 89 49 f8 48 8b 43 68
0x000000006f165a33:   8b 4c 02 04 41 89 49 fc 48 8b 43 68 4b 8d 0c 0f
0x000000006f165a43:   8b 0c 01 41 89 09 48 8b 43 68 4a 8d 0c 0e 8b 0c
0x000000006f165a53:   01 4d 8d 49 10 41 89 49 f4 49 ff ca 75 bf 44 8b 


Register to memory mapping:

RAX=0x00000000616234f0 is an unknown value
RBX=0x000000005776be10 is pointing into the stack for thread: 0x0000000057555000
RCX=0xffffe00000000008 is an unknown value
RDX=0x0000000000000000 is an unknown value
RSP=0x000000005776ba70 is pointing into the stack for thread: 0x0000000057555000
RBP=0x0000000000000ce0 is an unknown value
RSI=0xffffffff9e969dd4 is an unknown value
RDI=0x0000000061696230 is an unknown value
R8 =0x000000000000a9f4 is an unknown value
R9 =0x0000000061696238 is an unknown value
R10=0x0000000000002a7d is an unknown value
R11=0x000000000000a9f6 is an unknown value
R12=0xffffffff9e969dc8 is an unknown value
R13=0x000000000000a9f6 is an unknown value
R14=0x0000000000000ce1 is an unknown value
R15=0xffffffff9e969dd0 is an unknown value


Stack: [0x0000000057670000,0x0000000057770000],  sp=0x000000005776ba70,  free space=1006k
Native frames: (J=compiled Java code, j=interpreted, Vv=VM code, C=native code)
C  [prism_common.dll+0x5a43]
C  [prism_common.dll+0x4e6f]
C  [prism_common.dll+0x6c28]
C  [prism_common.dll+0x4a72]
C  [prism_common.dll+0x4649]
C  0x0000000002775994

Java frames: (J=compiled Java code, j=interpreted, Vv=VM code)
j  com.sun.prism.impl.shape.NativePiscesRasterizer.produceStrokeAlphas([F[BIFIIF[FFDDDDDD[I[B)V+0
j  com.sun.prism.impl.shape.NativePiscesRasterizer.getMaskData(Lcom/sun/javafx/geom/Shape;Lcom/sun/prism/BasicStroke;Lcom/sun/javafx/geom/RectBounds;Lcom/sun/javafx/geom/transform/BaseTransform;ZZ)Lcom/sun/prism/impl/shape/MaskData;+487
j  com.sun.prism.impl.shape.ShapeUtil.rasterizeShape(Lcom/sun/javafx/geom/Shape;Lcom/sun/prism/BasicStroke;Lcom/sun/javafx/geom/RectBounds;Lcom/sun/javafx/geom/transform/BaseTransform;ZZ)Lcom/sun/prism/impl/shape/MaskData;+11
j  com.sun.prism.impl.ps.BaseShaderGraphics.renderShape(Lcom/sun/javafx/geom/Shape;Lcom/sun/prism/BasicStroke;FFFF)V+40
j  com.sun.prism.impl.BaseGraphics.draw(Lcom/sun/javafx/geom/Shape;)V+136
j  com.sun.prism.impl.ps.CachingShapeRepState.drawNoCache(Lcom/sun/prism/Graphics;Lcom/sun/javafx/geom/Shape;)V+2
j  com.sun.prism.impl.ps.CachingShapeRepState.render(Lcom/sun/prism/Graphics;Lcom/sun/javafx/geom/Shape;Lcom/sun/javafx/geom/RectBounds;Lcom/sun/prism/BasicStroke;)V+241
j  com.sun.prism.impl.ps.CachingShapeRep.draw(Lcom/sun/prism/Graphics;Lcom/sun/javafx/geom/Shape;Lcom/sun/javafx/geom/BaseBounds;)V+31
j  com.sun.javafx.sg.prism.NGShape.renderContent2D(Lcom/sun/prism/Graphics;Z)V+144
J 2635 C1 com.sun.javafx.sg.prism.NGShape.renderContent(Lcom/sun/prism/Graphics;)V (458 bytes) @ 0x0000000002f1b1b4 [0x0000000002f19020+0x2194]
J 2299 C1 com.sun.javafx.sg.prism.NGNode.doRender(Lcom/sun/prism/Graphics;)V (473 bytes) @ 0x0000000002e1a39c [0x0000000002e18560+0x1e3c]
J 2281 C1 com.sun.javafx.sg.prism.NGNode.render(Lcom/sun/prism/Graphics;)V (38 bytes) @ 0x0000000002e107b4 [0x0000000002e10540+0x274]
J 2638 C1 com.sun.javafx.sg.prism.NGGroup.renderContent(Lcom/sun/prism/Graphics;)V (436 bytes) @ 0x0000000002f1ee4c [0x0000000002f1dae0+0x136c]
J 2299 C1 com.sun.javafx.sg.prism.NGNode.doRender(Lcom/sun/prism/Graphics;)V (473 bytes) @ 0x0000000002e1a39c [0x0000000002e18560+0x1e3c]
J 2281 C1 com.sun.javafx.sg.prism.NGNode.render(Lcom/sun/prism/Graphics;)V (38 bytes) @ 0x0000000002e107b4 [0x0000000002e10540+0x274]
J 2638 C1 com.sun.javafx.sg.prism.NGGroup.renderContent(Lcom/sun/prism/Graphics;)V (436 bytes) @ 0x0000000002f1ee4c [0x0000000002f1dae0+0x136c]
J 3345 C1 com.sun.javafx.sg.prism.NGNode.renderRectClip(Lcom/sun/prism/Graphics;Lcom/sun/javafx/sg/prism/NGRectangle;)V (122 bytes) @ 0x0000000003185864 [0x00000000031847e0+0x1084]
J 3374 C1 com.sun.javafx.sg.prism.NGNode.renderClip(Lcom/sun/prism/Graphics;)V (473 bytes) @ 0x00000000031a8234 [0x00000000031a37e0+0x4a54]
J 2299 C1 com.sun.javafx.sg.prism.NGNode.doRender(Lcom/sun/prism/Graphics;)V (473 bytes) @ 0x0000000002e1a054 [0x0000000002e18560+0x1af4]
J 2281 C1 com.sun.javafx.sg.prism.NGNode.render(Lcom/sun/prism/Graphics;)V (38 bytes) @ 0x0000000002e107b4 [0x0000000002e10540+0x274]
J 2638 C1 com.sun.javafx.sg.prism.NGGroup.renderContent(Lcom/sun/prism/Graphics;)V (436 bytes) @ 0x0000000002f1ee4c [0x0000000002f1dae0+0x136c]
J 2423 C1 com.sun.javafx.sg.prism.NGRegion.renderContent(Lcom/sun/prism/Graphics;)V (115 bytes) @ 0x0000000002e5f124 [0x0000000002e5dcc0+0x1464]
J 2299 C1 com.sun.javafx.sg.prism.NGNode.doRender(Lcom/sun/prism/Graphics;)V (473 bytes) @ 0x0000000002e1a39c [0x0000000002e18560+0x1e3c]
J 2281 C1 com.sun.javafx.sg.prism.NGNode.render(Lcom/sun/prism/Graphics;)V (38 bytes) @ 0x0000000002e107b4 [0x0000000002e10540+0x274]
J 2638 C1 com.sun.javafx.sg.prism.NGGroup.renderContent(Lcom/sun/prism/Graphics;)V (436 bytes) @ 0x0000000002f1ee4c [0x0000000002f1dae0+0x136c]
J 2423 C1 com.sun.javafx.sg.prism.NGRegion.renderContent(Lcom/sun/prism/Graphics;)V (115 bytes) @ 0x0000000002e5f124 [0x0000000002e5dcc0+0x1464]
J 2299 C1 com.sun.javafx.sg.prism.NGNode.doRender(Lcom/sun/prism/Graphics;)V (473 bytes) @ 0x0000000002e1a39c [0x0000000002e18560+0x1e3c]
J 2281 C1 com.sun.javafx.sg.prism.NGNode.render(Lcom/sun/prism/Graphics;)V (38 bytes) @ 0x0000000002e107b4 [0x0000000002e10540+0x274]
J 2638 C1 com.sun.javafx.sg.prism.NGGroup.renderContent(Lcom/sun/prism/Graphics;)V (436 bytes) @ 0x0000000002f1ee4c [0x0000000002f1dae0+0x136c]
J 2423 C1 com.sun.javafx.sg.prism.NGRegion.renderContent(Lcom/sun/prism/Graphics;)V (115 bytes) @ 0x0000000002e5f124 [0x0000000002e5dcc0+0x1464]
J 2299 C1 com.sun.javafx.sg.prism.NGNode.doRender(Lcom/sun/prism/Graphics;)V (473 bytes) @ 0x0000000002e1a39c [0x0000000002e18560+0x1e3c]
J 2281 C1 com.sun.javafx.sg.prism.NGNode.render(Lcom/sun/prism/Graphics;)V (38 bytes) @ 0x0000000002e107b4 [0x0000000002e10540+0x274]
J 2638 C1 com.sun.javafx.sg.prism.NGGroup.renderContent(Lcom/sun/prism/Graphics;)V (436 bytes) @ 0x0000000002f1ee4c [0x0000000002f1dae0+0x136c]
J 2423 C1 com.sun.javafx.sg.prism.NGRegion.renderContent(Lcom/sun/prism/Graphics;)V (115 bytes) @ 0x0000000002e5f124 [0x0000000002e5dcc0+0x1464]
J 2299 C1 com.sun.javafx.sg.prism.NGNode.doRender(Lcom/sun/prism/Graphics;)V (473 bytes) @ 0x0000000002e1a39c [0x0000000002e18560+0x1e3c]
J 2281 C1 com.sun.javafx.sg.prism.NGNode.render(Lcom/sun/prism/Graphics;)V (38 bytes) @ 0x0000000002e107b4 [0x0000000002e10540+0x274]
j  com.sun.javafx.tk.quantum.ViewPainter.doPaint(Lcom/sun/prism/Graphics;Lcom/sun/javafx/sg/prism/NodePath;)V+201
j  com.sun.javafx.tk.quantum.ViewPainter.paintImpl(Lcom/sun/prism/Graphics;)V+953
j  com.sun.javafx.tk.quantum.PresentingPainter.run()V+326
j  java.util.concurrent.Executors$RunnableAdapter.call()Ljava/lang/Object;+4
j  java.util.concurrent.FutureTask.runAndReset()Z+47
j  com.sun.javafx.tk.RenderJob.run()V+1
j  java.util.concurrent.ThreadPoolExecutor.runWorker(Ljava/util/concurrent/ThreadPoolExecutor$Worker;)V+95
j  java.util.concurrent.ThreadPoolExecutor$Worker.run()V+5
j  com.sun.javafx.tk.quantum.QuantumRenderer$PipelineRunnable.run()V+8
j  java.lang.Thread.run()V+11
v  ~StubRoutines::call_stub

---------------  P R O C E S S  ---------------

Java Threads: ( => current thread )
  0x0000000059824000 JavaThread "Prism Font Disposer" daemon [_thread_blocked, id=4616, stack(0x000000005c690000,0x000000005c790000)]
  0x000000005952d800 JavaThread "JavaFX-Launcher" [_thread_blocked, id=2900, stack(0x0000000059f50000,0x000000005a050000)]
  0x000000005952d000 JavaThread "Thread-2" daemon [_thread_in_native, id=5596, stack(0x0000000059d60000,0x0000000059e60000)]
  0x000000005759f000 JavaThread "JavaFX Application Thread" [_thread_blocked, id=1752, stack(0x0000000058200000,0x0000000058300000)]
  0x000000005759c000 JavaThread "Thread-1" daemon [_thread_blocked, id=5532, stack(0x00000000580c0000,0x00000000581c0000)]
=>0x0000000057555000 JavaThread "QuantumRenderer-0" daemon [_thread_in_native, id=1156, stack(0x0000000057670000,0x0000000057770000)]
  0x0000000056019800 JavaThread "Service Thread" daemon [_thread_blocked, id=1136, stack(0x0000000057800000,0x0000000057900000)]
  0x0000000056014800 JavaThread "C1 CompilerThread1" daemon [_thread_blocked, id=2112, stack(0x0000000057030000,0x0000000057130000)]
  0x0000000055fba800 JavaThread "C2 CompilerThread0" daemon [_thread_in_native, id=4072, stack(0x0000000057130000,0x0000000057230000)]
  0x0000000055fb8800 JavaThread "Attach Listener" daemon [_thread_blocked, id=5760, stack(0x0000000056ee0000,0x0000000056fe0000)]
  0x0000000055fb7800 JavaThread "Signal Dispatcher" daemon [_thread_blocked, id=4412, stack(0x0000000056d80000,0x0000000056e80000)]
  0x0000000055f9e000 JavaThread "Finalizer" daemon [_thread_blocked, id=4416, stack(0x00000000568a0000,0x00000000569a0000)]
  0x0000000055f55000 JavaThread "Reference Handler" daemon [_thread_blocked, id=5300, stack(0x0000000056b60000,0x0000000056c60000)]
  0x000000000215e000 JavaThread "main" [_thread_blocked, id=4380, stack(0x0000000002390000,0x0000000002490000)]

Other Threads:
  0x0000000055f4d000 VMThread [stack: 0x0000000056a30000,0x0000000056b30000] [id=5012]
  0x0000000057236000 WatcherThread [stack: 0x0000000057a10000,0x0000000057b10000] [id=5524]

VM state:not at safepoint (normal execution)

VM Mutex/Monitor currently owned by a thread: None

Heap:
 PSYoungGen      total 268800K, used 137161K [0x00000000e0000000, 0x00000000fa300000, 0x0000000100000000)
  eden space 241152K, 56% used [0x00000000e0000000,0x00000000e8522588,0x00000000eeb80000)
  from space 27648K, 3% used [0x00000000eeb80000,0x00000000eec500e8,0x00000000f0680000)
  to   space 26624K, 0% used [0x00000000f8900000,0x00000000f8900000,0x00000000fa300000)
 ParOldGen       total 91648K, used 47604K [0x00000000a0000000, 0x00000000a5980000, 0x00000000e0000000)
  object space 91648K, 51% used [0x00000000a0000000,0x00000000a2e7d110,0x00000000a5980000)
 Metaspace       used 19596K, capacity 20558K, committed 20736K, reserved 1067008K
  class space    used 2739K, capacity 2948K, committed 3072K, reserved 1048576K

Card table byte_map: [0x0000000011b20000,0x0000000011e30000] byte_map_base: 0x0000000011620000

Marking Bits: (ParMarkBitMap*) 0x000000006fcba6d0
 Begin Bits: [0x0000000012320000, 0x0000000013b20000)
 End Bits:   [0x0000000013b20000, 0x0000000015320000)

Polling page: 0x0000000001c60000

CodeCache: size=245760Kb used=12799Kb max_used=12840Kb free=232960Kb
 bounds [0x0000000002760000, 0x0000000003400000, 0x0000000011760000]
 total_blobs=4597 nmethods=3922 adapters=588
 compilation: enabled

Compilation events (10 events):
Event: 49.597 Thread 0x0000000056014800 3956       2       javafx.scene.shape.Shape::isSmooth (19 bytes)
Event: 49.597 Thread 0x0000000056014800 nmethod 3956 0x00000000033cf990 code [0x00000000033cfb00, 0x00000000033cfcc8]
Event: 49.597 Thread 0x0000000056014800 3957       2       com.sun.javafx.sg.prism.NGShape::setSmooth (34 bytes)
Event: 49.597 Thread 0x0000000056014800 nmethod 3957 0x00000000033cfd90 code [0x00000000033cff20, 0x00000000033d0188]
Event: 49.598 Thread 0x0000000056014800 3958       2       com.sun.javafx.geom.transform.TransformHelper::general3dBoundsTransform (937 bytes)
Event: 49.601 Thread 0x0000000056014800 nmethod 3958 0x00000000033d0310 code [0x00000000033d0540, 0x00000000033d1308]
Event: 49.601 Thread 0x0000000056014800 3959       2       com.sun.javafx.geom.transform.GeneralTransform3D::transform (29 bytes)
Event: 49.601 Thread 0x0000000056014800 nmethod 3959 0x00000000033d1c90 code [0x00000000033d1e00, 0x00000000033d1fe8]
Event: 49.611 Thread 0x0000000056014800 3960       2       java.util.concurrent.locks.AbstractQueuedSynchronizer$Node::predecessor (19 bytes)
Event: 49.611 Thread 0x0000000056014800 nmethod 3960 0x00000000033d20d0 code [0x00000000033d2240, 0x00000000033d2448]

GC Heap History (10 events):
Event: 42.119 GC heap before
{Heap before GC invocations=10 (full 0):
 PSYoungGen      total 112128K, used 98769K [0x00000000e0000000, 0x00000000eb500000, 0x0000000100000000)
  eden space 98304K, 100% used [0x00000000e0000000,0x00000000e6000000,0x00000000e6000000)
  from space 13824K, 3% used [0x00000000e6000000,0x00000000e60747d0,0x00000000e6d80000)
  to   space 13824K, 0% used [0x00000000ea780000,0x00000000ea780000,0x00000000eb500000)
 ParOldGen       total 65536K, used 19892K [0x00000000a0000000, 0x00000000a4000000, 0x00000000e0000000)
  object space 65536K, 30% used [0x00000000a0000000,0x00000000a136d130,0x00000000a4000000)
 Metaspace       used 19391K, capacity 20418K, committed 20736K, reserved 1067008K
  class space    used 2739K, capacity 2948K, committed 3072K, reserved 1048576K
Event: 42.205 GC heap after
Heap after GC invocations=10 (full 0):
 PSYoungGen      total 164352K, used 13815K [0x00000000e0000000, 0x00000000ec300000, 0x0000000100000000)
  eden space 150528K, 0% used [0x00000000e0000000,0x00000000e0000000,0x00000000e9300000)
  from space 13824K, 99% used [0x00000000ea780000,0x00000000eb4fde70,0x00000000eb500000)
  to   space 20992K, 0% used [0x00000000e9300000,0x00000000e9300000,0x00000000ea780000)
 ParOldGen       total 65536K, used 32416K [0x00000000a0000000, 0x00000000a4000000, 0x00000000e0000000)
  object space 65536K, 49% used [0x00000000a0000000,0x00000000a1fa8328,0x00000000a4000000)
 Metaspace       used 19391K, capacity 20418K, committed 20736K, reserved 1067008K
  class space    used 2739K, capacity 2948K, committed 3072K, reserved 1048576K
}
Event: 47.267 GC heap before
{Heap before GC invocations=11 (full 0):
 PSYoungGen      total 164352K, used 164343K [0x00000000e0000000, 0x00000000ec300000, 0x0000000100000000)
  eden space 150528K, 100% used [0x00000000e0000000,0x00000000e9300000,0x00000000e9300000)
  from space 13824K, 99% used [0x00000000ea780000,0x00000000eb4fde70,0x00000000eb500000)
  to   space 20992K, 0% used [0x00000000e9300000,0x00000000e9300000,0x00000000ea780000)
 ParOldGen       total 65536K, used 32416K [0x00000000a0000000, 0x00000000a4000000, 0x00000000e0000000)
  object space 65536K, 49% used [0x00000000a0000000,0x00000000a1fa8328,0x00000000a4000000)
 Metaspace       used 19511K, capacity 20490K, committed 20736K, reserved 1067008K
  class space    used 2739K, capacity 2948K, committed 3072K, reserved 1048576K
Event: 47.365 GC heap after
Heap after GC invocations=11 (full 0):
 PSYoungGen      total 171520K, used 20963K [0x00000000e0000000, 0x00000000f2180000, 0x0000000100000000)
  eden space 150528K, 0% used [0x00000000e0000000,0x00000000e0000000,0x00000000e9300000)
  from space 20992K, 99% used [0x00000000e9300000,0x00000000ea778c38,0x00000000ea780000)
  to   space 27648K, 0% used [0x00000000f0680000,0x00000000f0680000,0x00000000f2180000)
 ParOldGen       total 65536K, used 40727K [0x00000000a0000000, 0x00000000a4000000, 0x00000000e0000000)
  object space 65536K, 62% used [0x00000000a0000000,0x00000000a27c5c18,0x00000000a4000000)
 Metaspace       used 19511K, capacity 20490K, committed 20736K, reserved 1067008K
  class space    used 2739K, capacity 2948K, committed 3072K, reserved 1048576K
}
Event: 47.507 GC heap before
{Heap before GC invocations=12 (full 0):
 PSYoungGen      total 171520K, used 171491K [0x00000000e0000000, 0x00000000f2180000, 0x0000000100000000)
  eden space 150528K, 100% used [0x00000000e0000000,0x00000000e9300000,0x00000000e9300000)
  from space 20992K, 99% used [0x00000000e9300000,0x00000000ea778c38,0x00000000ea780000)
  to   space 27648K, 0% used [0x00000000f0680000,0x00000000f0680000,0x00000000f2180000)
 ParOldGen       total 65536K, used 40727K [0x00000000a0000000, 0x00000000a4000000, 0x00000000e0000000)
  object space 65536K, 62% used [0x00000000a0000000,0x00000000a27c5c18,0x00000000a4000000)
 Metaspace       used 19511K, capacity 20490K, committed 20736K, reserved 1067008K
  class space    used 2739K, capacity 2948K, committed 3072K, reserved 1048576K
Event: 47.572 GC heap after
Heap after GC invocations=12 (full 0):
 PSYoungGen      total 268800K, used 521K [0x00000000e0000000, 0x00000000f2180000, 0x0000000100000000)
  eden space 241152K, 0% used [0x00000000e0000000,0x00000000e0000000,0x00000000eeb80000)
  from space 27648K, 1% used [0x00000000f0680000,0x00000000f0702590,0x00000000f2180000)
  to   space 27648K, 0% used [0x00000000eeb80000,0x00000000eeb80000,0x00000000f0680000)
 ParOldGen       total 65536K, used 61366K [0x00000000a0000000, 0x00000000a4000000, 0x00000000e0000000)
  object space 65536K, 93% used [0x00000000a0000000,0x00000000a3bed8a0,0x00000000a4000000)
 Metaspace       used 19511K, capacity 20490K, committed 20736K, reserved 1067008K
  class space    used 2739K, capacity 2948K, committed 3072K, reserved 1048576K
}
Event: 47.572 GC heap before
{Heap before GC invocations=13 (full 1):
 PSYoungGen      total 268800K, used 521K [0x00000000e0000000, 0x00000000f2180000, 0x0000000100000000)
  eden space 241152K, 0% used [0x00000000e0000000,0x00000000e0000000,0x00000000eeb80000)
  from space 27648K, 1% used [0x00000000f0680000,0x00000000f0702590,0x00000000f2180000)
  to   space 27648K, 0% used [0x00000000eeb80000,0x00000000eeb80000,0x00000000f0680000)
 ParOldGen       total 65536K, used 61366K [0x00000000a0000000, 0x00000000a4000000, 0x00000000e0000000)
  object space 65536K, 93% used [0x00000000a0000000,0x00000000a3bed8a0,0x00000000a4000000)
 Metaspace       used 19511K, capacity 20490K, committed 20736K, reserved 1067008K
  class space    used 2739K, capacity 2948K, committed 3072K, reserved 1048576K
Event: 47.995 GC heap after
Heap after GC invocations=13 (full 1):
 PSYoungGen      total 268800K, used 0K [0x00000000e0000000, 0x00000000f2180000, 0x0000000100000000)
  eden space 241152K, 0% used [0x00000000e0000000,0x00000000e0000000,0x00000000eeb80000)
  from space 27648K, 0% used [0x00000000f0680000,0x00000000f0680000,0x00000000f2180000)
  to   space 27648K, 0% used [0x00000000eeb80000,0x00000000eeb80000,0x00000000f0680000)
 ParOldGen       total 91648K, used 47604K [0x00000000a0000000, 0x00000000a5980000, 0x00000000e0000000)
  object space 91648K, 51% used [0x00000000a0000000,0x00000000a2e7d110,0x00000000a5980000)
 Metaspace       used 19511K, capacity 20490K, committed 20736K, reserved 1067008K
  class space    used 2739K, capacity 2948K, committed 3072K, reserved 1048576K
}
Event: 48.521 GC heap before
{Heap before GC invocations=14 (full 1):
 PSYoungGen      total 268800K, used 241152K [0x00000000e0000000, 0x00000000f2180000, 0x0000000100000000)
  eden space 241152K, 100% used [0x00000000e0000000,0x00000000eeb80000,0x00000000eeb80000)
  from space 27648K, 0% used [0x00000000f0680000,0x00000000f0680000,0x00000000f2180000)
  to   space 27648K, 0% used [0x00000000eeb80000,0x00000000eeb80000,0x00000000f0680000)
 ParOldGen       total 91648K, used 47604K [0x00000000a0000000, 0x00000000a5980000, 0x00000000e0000000)
  object space 91648K, 51% used [0x00000000a0000000,0x00000000a2e7d110,0x00000000a5980000)
 Metaspace       used 19511K, capacity 20490K, committed 20736K, reserved 1067008K
  class space    used 2739K, capacity 2948K, committed 3072K, reserved 1048576K
Event: 48.523 GC heap after
Heap after GC invocations=14 (full 1):
 PSYoungGen      total 268800K, used 832K [0x00000000e0000000, 0x00000000fa300000, 0x0000000100000000)
  eden space 241152K, 0% used [0x00000000e0000000,0x00000000e0000000,0x00000000eeb80000)
  from space 27648K, 3% used [0x00000000eeb80000,0x00000000eec500e8,0x00000000f0680000)
  to   space 26624K, 0% used [0x00000000f8900000,0x00000000f8900000,0x00000000fa300000)
 ParOldGen       total 91648K, used 47604K [0x00000000a0000000, 0x00000000a5980000, 0x00000000e0000000)
  object space 91648K, 51% used [0x00000000a0000000,0x00000000a2e7d110,0x00000000a5980000)
 Metaspace       used 19511K, capacity 20490K, committed 20736K, reserved 1067008K
  class space    used 2739K, capacity 2948K, committed 3072K, reserved 1048576K
}

Deoptimization events (10 events):
Event: 16.355 Thread 0x000000005759f000 Uncommon trap: reason=unstable_if action=reinterpret pc=0x0000000002e6e8a4 method=java.util.WeakHashMap.expungeStaleEntries()V @ 9
Event: 17.833 Thread 0x000000005759f000 Uncommon trap: reason=unstable_if action=reinterpret pc=0x0000000002ea0fec method=com.sun.javafx.css.StyleManager$CacheContainer.getStyleMap(I)Lcom/sun/javafx/css/StyleMap; @ 22
Event: 26.317 Thread 0x000000005759f000 Uncommon trap: reason=unstable_if action=reinterpret pc=0x0000000002d4d2e8 method=javafx.collections.ListChangeBuilder.commit()V @ 16
Event: 26.465 Thread 0x000000005759f000 Uncommon trap: reason=array_check action=maybe_recompile pc=0x000000000302026c method=com.sun.javafx.css.CompoundSelector.applies(Ljavafx/css/Styleable;[Ljava/util/Set;I)Z @ 128
Event: 26.466 Thread 0x000000005759f000 Uncommon trap: reason=array_check action=maybe_recompile pc=0x000000000302026c method=com.sun.javafx.css.CompoundSelector.applies(Ljavafx/css/Styleable;[Ljava/util/Set;I)Z @ 128
Event: 26.466 Thread 0x000000005759f000 Uncommon trap: reason=array_check action=maybe_recompile pc=0x000000000302026c method=com.sun.javafx.css.CompoundSelector.applies(Ljavafx/css/Styleable;[Ljava/util/Set;I)Z @ 128
Event: 26.466 Thread 0x000000005759f000 Uncommon trap: reason=array_check action=maybe_recompile pc=0x000000000302026c method=com.sun.javafx.css.CompoundSelector.applies(Ljavafx/css/Styleable;[Ljava/util/Set;I)Z @ 128
Event: 26.578 Thread 0x000000005759f000 Uncommon trap: reason=unstable_if action=reinterpret pc=0x0000000002dff9ec method=javafx.scene.shape.LineTo.setY(D)V @ 10
Event: 43.827 Thread 0x000000005759f000 Uncommon trap: reason=unstable_if action=reinterpret pc=0x0000000002c87a2c method=java.util.WeakHashMap.expungeStaleEntries()V @ 9
Event: 43.895 Thread 0x000000005759f000 Uncommon trap: reason=unstable_if action=reinterpret pc=0x000000000300bbfc method=javafx.scene.Parent.setChildDirty(Ljavafx/scene/Node;Z)V @ 51

Internal exceptions (10 events):
Event: 0.615 Thread 0x000000005759f000 Exception <a 'java/lang/NullPointerException'> (0x00000000e0bf12d0) thrown at [C:\re\workspace\8-2-build-windows-amd64-cygwin\jdk8u101\7261\hotspot\src\share\vm\prims\jvm.cpp, line 1390]
Event: 0.837 Thread 0x000000005759f000 Exception <a 'java/lang/ArrayIndexOutOfBoundsException'> (0x00000000e1042228) thrown at [C:\re\workspace\8-2-build-windows-amd64-cygwin\jdk8u101\7261\hotspot\src\share\vm\runtime\sharedRuntime.cpp, line 605]
Event: 0.838 Thread 0x000000005759f000 Exception <a 'java/lang/ArrayIndexOutOfBoundsException'> (0x00000000e1042d70) thrown at [C:\re\workspace\8-2-build-windows-amd64-cygwin\jdk8u101\7261\hotspot\src\share\vm\runtime\sharedRuntime.cpp, line 605]
Event: 0.838 Thread 0x000000005759f000 Exception <a 'java/lang/ArrayIndexOutOfBoundsException'> (0x00000000e1044118) thrown at [C:\re\workspace\8-2-build-windows-amd64-cygwin\jdk8u101\7261\hotspot\src\share\vm\runtime\sharedRuntime.cpp, line 605]
Event: 0.840 Thread 0x000000005759f000 Exception <a 'java/lang/ArrayIndexOutOfBoundsException'> (0x00000000e1046428) thrown at [C:\re\workspace\8-2-build-windows-amd64-cygwin\jdk8u101\7261\hotspot\src\share\vm\runtime\sharedRuntime.cpp, line 605]
Event: 0.874 Thread 0x000000005759f000 Exception <a 'java/lang/ArrayIndexOutOfBoundsException'> (0x00000000e10d1c18) thrown at [C:\re\workspace\8-2-build-windows-amd64-cygwin\jdk8u101\7261\hotspot\src\share\vm\runtime\sharedRuntime.cpp, line 605]
Event: 1.663 Thread 0x000000005759f000 Exception <a 'java/lang/ArrayIndexOutOfBoundsException'> (0x00000000e0684238) thrown at [C:\re\workspace\8-2-build-windows-amd64-cygwin\jdk8u101\7261\hotspot\src\share\vm\runtime\sharedRuntime.cpp, line 605]
Event: 1.669 Thread 0x000000005759f000 Exception <a 'java/lang/ArrayIndexOutOfBoundsException'> (0x00000000e06a9100) thrown at [C:\re\workspace\8-2-build-windows-amd64-cygwin\jdk8u101\7261\hotspot\src\share\vm\runtime\sharedRuntime.cpp, line 605]
Event: 11.567 Thread 0x000000005759f000 Implicit null exception at 0x0000000002df9c15 to 0x0000000002df9e25
Event: 11.602 Thread 0x000000005759f000 Implicit null exception at 0x0000000002e07ab6 to 0x0000000002e082d9

Events (10 events):
Event: 49.569 Thread 0x000000005759f000 DEOPT PACKING pc=0x000000000329f4a2 sp=0x00000000582fd7f0
Event: 49.570 Thread 0x000000005759f000 DEOPT UNPACKING pc=0x00000000027a71bf sp=0x00000000582fd568 mode 0
Event: 49.572 Thread 0x000000005759f000 DEOPT PACKING pc=0x000000000329f4a2 sp=0x00000000582fd7f0
Event: 49.572 Thread 0x000000005759f000 DEOPT UNPACKING pc=0x00000000027a71bf sp=0x00000000582fd568 mode 0
Event: 49.574 Thread 0x000000005759f000 DEOPT PACKING pc=0x000000000329f4a2 sp=0x00000000582fd7f0
Event: 49.574 Thread 0x000000005759f000 DEOPT UNPACKING pc=0x00000000027a71bf sp=0x00000000582fd568 mode 0
Event: 49.576 Thread 0x000000005759f000 DEOPT PACKING pc=0x000000000329f4a2 sp=0x00000000582fd7f0
Event: 49.576 Thread 0x000000005759f000 DEOPT UNPACKING pc=0x00000000027a71bf sp=0x00000000582fd568 mode 0
Event: 49.579 Thread 0x000000005759f000 DEOPT PACKING pc=0x000000000329f4a2 sp=0x00000000582fd7f0
Event: 49.579 Thread 0x000000005759f000 DEOPT UNPACKING pc=0x00000000027a71bf sp=0x00000000582fd568 mode 0


Dynamic libraries:
0x000000013f440000 - 0x000000013f477000 	C:\Program Files\Java\jdk1.8.0_101\jre\bin\java.exe
0x00000000776f0000 - 0x0000000077899000 	C:\Windows\SYSTEM32\ntdll.dll
0x00000000775d0000 - 0x00000000776f0000 	C:\Windows\system32\kernel32.dll
0x000007fefd580000 - 0x000007fefd5eb000 	C:\Windows\system32\KERNELBASE.dll
0x000007fefe6d0000 - 0x000007fefe7ab000 	C:\Windows\system32\ADVAPI32.dll
0x000007feff6f0000 - 0x000007feff78f000 	C:\Windows\system32\msvcrt.dll
0x000007fefe3a0000 - 0x000007fefe3bf000 	C:\Windows\SYSTEM32\sechost.dll
0x000007fefdca0000 - 0x000007fefddcd000 	C:\Windows\system32\RPCRT4.dll
0x00000000774d0000 - 0x00000000775ca000 	C:\Windows\system32\USER32.dll
0x000007feff680000 - 0x000007feff6e7000 	C:\Windows\system32\GDI32.dll
0x000007fefddd0000 - 0x000007fefddde000 	C:\Windows\system32\LPK.dll
0x000007fefe600000 - 0x000007fefe6ca000 	C:\Windows\system32\USP10.dll
0x000007fefab30000 - 0x000007fefad24000 	C:\Windows\WinSxS\amd64_microsoft.windows.common-controls_6595b64144ccf1df_6.0.7601.18837_none_fa3b1e3d17594757\COMCTL32.dll
0x000007fefdbf0000 - 0x000007fefdc61000 	C:\Windows\system32\SHLWAPI.dll
0x000007fefdc70000 - 0x000007fefdc9e000 	C:\Windows\system32\IMM32.DLL
0x000007fefe1b0000 - 0x000007fefe2b9000 	C:\Windows\system32\MSCTF.dll
0x0000000074a70000 - 0x0000000074b42000 	C:\Program Files\Java\jdk1.8.0_101\jre\bin\msvcr100.dll
0x000000006f4a0000 - 0x000000006fd3a000 	C:\Program Files\Java\jdk1.8.0_101\jre\bin\server\jvm.dll
0x000007fef78c0000 - 0x000007fef78c9000 	C:\Windows\system32\WSOCK32.dll
0x000007fefe3d0000 - 0x000007fefe41d000 	C:\Windows\system32\WS2_32.dll
0x000007fefe3c0000 - 0x000007fefe3c8000 	C:\Windows\system32\NSI.dll
0x000007fef8660000 - 0x000007fef869b000 	C:\Windows\system32\WINMM.dll
0x000007fefc430000 - 0x000007fefc43c000 	C:\Windows\system32\VERSION.dll
0x00000000778b0000 - 0x00000000778b7000 	C:\Windows\system32\PSAPI.DLL
0x0000000074be0000 - 0x0000000074bef000 	C:\Program Files\Java\jdk1.8.0_101\jre\bin\verify.dll
0x0000000074a40000 - 0x0000000074a69000 	C:\Program Files\Java\jdk1.8.0_101\jre\bin\java.dll
0x0000000074a20000 - 0x0000000074a36000 	C:\Program Files\Java\jdk1.8.0_101\jre\bin\zip.dll
0x000007fefe7b0000 - 0x000007feff539000 	C:\Windows\system32\SHELL32.dll
0x000007fefd9e0000 - 0x000007fefdbe3000 	C:\Windows\system32\ole32.dll
0x000007fefd4a0000 - 0x000007fefd4af000 	C:\Windows\system32\profapi.dll
0x000007fee8db0000 - 0x000007fee8e9f000 	C:\Program Files\Java\jdk1.8.0_101\jre\bin\msvcr120.dll
0x000007fee93b0000 - 0x000007fee9456000 	C:\Program Files\Java\jdk1.8.0_101\jre\bin\msvcp120.dll
0x0000000074f10000 - 0x0000000074f32000 	C:\Program Files\Java\jdk1.8.0_101\jre\bin\prism_d3d.dll
0x000007feecf00000 - 0x000007feed0ff000 	C:\Windows\system32\d3d9.dll
0x000007feed190000 - 0x000007feed197000 	C:\Windows\system32\d3d8thk.dll
0x000007fef97c0000 - 0x000007fef97d8000 	C:\Windows\system32\dwmapi.dll
0x000007fef9fa0000 - 0x000007fef9ff6000 	C:\Windows\system32\uxtheme.dll
0x000007fee6f10000 - 0x000007fee7faf000 	C:\Windows\system32\nvd3dumx.dll
0x000007fee9460000 - 0x000007fee9617000 	C:\Windows\system32\nvspcap64.dll
0x000007fefdde0000 - 0x000007fefdeb7000 	C:\Windows\system32\OLEAUT32.dll
0x000007fefe420000 - 0x000007fefe5f7000 	C:\Windows\system32\SETUPAPI.dll
0x000007fefd660000 - 0x000007fefd696000 	C:\Windows\system32\CFGMGR32.dll
0x000007fefd4c0000 - 0x000007fefd4da000 	C:\Windows\system32\DEVOBJ.dll
0x000007fef5050000 - 0x000007fef50c1000 	C:\Windows\system32\WINHTTP.dll
0x000007fef4fe0000 - 0x000007fef5044000 	C:\Windows\system32\webio.dll
0x000007fef8760000 - 0x000007fef8b4c000 	C:\Windows\system32\nvapi64.dll
0x000007fefd260000 - 0x000007fefd285000 	C:\Windows\system32\SspiCli.dll
0x0000000074ec0000 - 0x0000000074f03000 	C:\Program Files\Java\jdk1.8.0_101\jre\bin\glass.dll
0x000007feff5e0000 - 0x000007feff677000 	C:\Windows\system32\COMDLG32.dll
0x000007fefd2f0000 - 0x000007fefd2ff000 	C:\Windows\system32\CRYPTBASE.dll
0x000007fefab00000 - 0x000007fefab2c000 	C:\Windows\system32\powrprof.dll
0x000007fee7fb0000 - 0x000007fee8096000 	C:\Program Files (x86)\NVIDIA Corporation\3D Vision\nvSCPAPI64.dll
0x000000006f180000 - 0x000000006f194000 	C:\Program Files\Java\jdk1.8.0_101\jre\bin\javafx_font.dll
0x000007fee8600000 - 0x000007fee8797000 	C:\Windows\system32\dwrite.dll
0x000007feff540000 - 0x000007feff5d9000 	C:\Windows\system32\CLBCatQ.DLL
0x000007fef9500000 - 0x000007fef9661000 	C:\Windows\system32\WindowsCodecs.dll
0x000007fefd290000 - 0x000007fefd2e7000 	C:\Windows\system32\apphelp.dll
0x000007fef5f70000 - 0x000007fef60b2000 	C:\Users\Gringo\AppData\Roaming\Yandex\YandexDisk\YandexDiskOverlays-2398.dll
0x000007fef5f30000 - 0x000007fef5f65000 	C:\Windows\system32\EhStorShell.dll
0x000007fefa000000 - 0x000007fefa12c000 	C:\Windows\system32\PROPSYS.dll
0x000007fef58b0000 - 0x000007fef5f21000 	C:\PROGRA~1\MICROS~2\Office14\GROOVEEX.DLL
0x0000000072f70000 - 0x0000000073013000 	C:\Windows\WinSxS\amd64_microsoft.vc90.crt_1fc8b3b9a1e18e3b_9.0.30729.6161_none_08e61857a83bc251\MSVCR90.dll
0x0000000072e90000 - 0x0000000072f63000 	C:\Windows\WinSxS\amd64_microsoft.vc90.crt_1fc8b3b9a1e18e3b_9.0.30729.6161_none_08e61857a83bc251\MSVCP90.dll
0x0000000072e60000 - 0x0000000072e8f000 	C:\Windows\WinSxS\amd64_microsoft.vc90.atl_1fc8b3b9a1e18e3b_9.0.30729.6161_none_0a1fd3a3a768b895\ATL90.DLL
0x000007fef42a0000 - 0x000007fef46af000 	C:\PROGRA~1\COMMON~1\MICROS~1\OFFICE14\Cultures\office.odf
0x000007fef3a20000 - 0x000007fef4296000 	C:\PROGRA~1\MICROS~2\Office14\1049\GrooveIntlResource.dll
0x000007fef7e60000 - 0x000007fef7ede000 	C:\Windows\System32\cscui.dll
0x000007fef7e50000 - 0x000007fef7e5c000 	C:\Windows\System32\CSCDLL.dll
0x000007fef86a0000 - 0x000007fef86af000 	C:\Windows\system32\CSCAPI.dll
0x000007fee9ea0000 - 0x000007fee9ecd000 	C:\Program Files\Common Files\Microsoft Shared\Ink\rtscom.dll
0x000000006f160000 - 0x000000006f171000 	C:\Program Files\Java\jdk1.8.0_101\jre\bin\prism_common.dll
0x000007fee8230000 - 0x000007fee85f4000 	C:\Windows\system32\d2d1.dll
0x000007fef7ef0000 - 0x000007fef80c5000 	C:\Windows\system32\d3d11.dll
0x000007fef80d0000 - 0x000007fef812d000 	C:\Windows\system32\dxgi.dll
0x000007fee6c90000 - 0x000007fee6f09000 	C:\Windows\system32\D3D10Warp.dll
0x000007fefd610000 - 0x000007fefd64b000 	C:\Windows\system32\WINTRUST.dll
0x000007fefd6a0000 - 0x000007fefd80d000 	C:\Windows\system32\CRYPT32.dll
0x000007fefd490000 - 0x000007fefd49f000 	C:\Windows\system32\MSASN1.dll
0x000007fefaa20000 - 0x000007fefaa4d000 	C:\Windows\system32\ntmarta.dll
0x000007fefe2c0000 - 0x000007fefe312000 	C:\Windows\system32\WLDAP32.dll
0x000007fef73d0000 - 0x000007fef744f000 	C:\Program Files\Common Files\microsoft shared\ink\tiptsf.dll
0x000007fef6a30000 - 0x000007fef6bfa000 	C:\Windows\system32\explorerframe.dll
0x000007fef9830000 - 0x000007fef9873000 	C:\Windows\system32\DUser.dll
0x000007fef9880000 - 0x000007fef9972000 	C:\Windows\system32\DUI70.dll
0x000007fef7450000 - 0x000007fef7492000 	C:\Windows\system32\msls31.dll
0x000007fef9670000 - 0x000007fef96a5000 	C:\Windows\system32\xmllite.dll
0x000007fefcc90000 - 0x000007fefcca8000 	C:\Windows\system32\CRYPTSP.dll
0x000007fefc990000 - 0x000007fefc9d7000 	C:\Windows\system32\rsaenh.dll
0x000007fefd3e0000 - 0x000007fefd3f4000 	C:\Windows\system32\RpcRtRemote.dll
0x000007feedfc0000 - 0x000007feee03b000 	C:\Windows\System32\StructuredQuery.dll
0x000007fefd220000 - 0x000007fefd22b000 	C:\Windows\System32\Secur32.dll
0x000007fef7920000 - 0x000007fef7a0e000 	C:\Windows\system32\actxprxy.dll
0x000007feec580000 - 0x000007feec63a000 	C:\Program Files\Internet Explorer\ieproxy.dll
0x000007fefd600000 - 0x000007fefd604000 	C:\Windows\system32\api-ms-win-downlevel-shlwapi-l1-1-0.dll
0x000007fef1010000 - 0x000007fef1014000 	C:\Windows\system32\api-ms-win-downlevel-shlwapi-l2-1-0.dll
0x000007fefd810000 - 0x000007fefd815000 	C:\Windows\system32\api-ms-win-downlevel-advapi32-l1-1-0.dll
0x000007fefc330000 - 0x000007fefc348000 	C:\Windows\system32\MPR.dll
0x000007fef0e50000 - 0x000007fef0e5a000 	C:\Windows\System32\drprov.dll
0x000007fefd3a0000 - 0x000007fefd3dd000 	C:\Windows\System32\WINSTA.dll
0x000007fef0d90000 - 0x000007fef0db2000 	C:\Windows\System32\ntlanman.dll
0x000007fef0d70000 - 0x000007fef0d8d000 	C:\Windows\System32\davclnt.dll
0x000007fef0d60000 - 0x000007fef0d6a000 	C:\Windows\System32\DAVHLPR.dll
0x000007fefc2e0000 - 0x000007fefc2f5000 	C:\Windows\system32\wkscli.dll
0x000007fefc300000 - 0x000007fefc30c000 	C:\Windows\system32\netutils.dll
0x000007fef09f0000 - 0x000007fef0a0f000 	C:\Windows\system32\thumbcache.dll
0x000007fee6a10000 - 0x000007fee6c81000 	C:\Windows\system32\wpdshext.dll
0x000007fef9d80000 - 0x000007fef9f96000 	C:\Windows\WinSxS\amd64_microsoft.windows.gdiplus_6595b64144ccf1df_1.1.7601.19061_none_2b299db671e86e03\gdiplus.dll
0x000007fef93b0000 - 0x000007fef946d000 	C:\Windows\system32\PortableDeviceApi.dll
0x000007fef78e0000 - 0x000007fef7914000 	C:\Windows\system32\SHDOCVW.dll
0x000007fefad40000 - 0x000007fefbb10000 	C:\Windows\system32\ieframe.DLL
0x000007fefd4b0000 - 0x000007fefd4b4000 	C:\Windows\system32\api-ms-win-downlevel-user32-l1-1-0.dll
0x000007fefad30000 - 0x000007fefad34000 	C:\Windows\system32\api-ms-win-downlevel-shell32-l1-1-0.dll
0x000007fefd5f0000 - 0x000007fefd5f4000 	C:\Windows\system32\api-ms-win-downlevel-version-l1-1-0.dll
0x000007fefd840000 - 0x000007fefd843000 	C:\Windows\system32\api-ms-win-downlevel-normaliz-l1-1-0.dll
0x00000000778c0000 - 0x00000000778c3000 	C:\Windows\system32\normaliz.DLL
0x000007fefdec0000 - 0x000007fefe188000 	C:\Windows\system32\iertutil.dll
0x000007fef94a0000 - 0x000007fef94d9000 	C:\Windows\system32\PortableDeviceTypes.dll
0x000007feea090000 - 0x000007feea0b7000 	C:\Windows\system32\EhStorAPI.dll
0x000007feea100000 - 0x000007feea211000 	C:\Users\Gringo\AppData\Roaming\Yandex\YandexDisk\YandexDiskShellExt-4724.dll
0x000007fef96f0000 - 0x000007fef96f7000 	C:\Windows\system32\MSIMG32.dll
0x000007feff790000 - 0x000007feff9f9000 	C:\Windows\system32\WININET.dll
0x000007fefd820000 - 0x000007fefd83e000 	C:\Windows\system32\USERENV.dll
0x000007fee9f20000 - 0x000007fee9ff7000 	C:\Windows\system32\SearchFolder.dll
0x000007fef0350000 - 0x000007fef03d0000 	C:\Windows\system32\ntshrui.dll
0x000007fefd010000 - 0x000007fefd033000 	C:\Windows\system32\srvcli.dll
0x000007fef8ea0000 - 0x000007fef8eab000 	C:\Windows\system32\slc.dll
0x000007fef0e60000 - 0x000007fef0ffc000 	C:\Windows\system32\NetworkExplorer.dll
0x000007fef78d0000 - 0x000007fef78dc000 	C:\Windows\system32\LINKINFO.dll

VM Arguments:
jvm_args: -Dfile.encoding=UTF-8 
java_command: C:\Users\Gringo\Desktop\AdcE440DataFilesGraph_3\dist\run405079453\AdcE440DataFilesGraph.jar
java_class_path (initial): C:\Users\Gringo\Desktop\AdcE440DataFilesGraph_3\dist\run405079453\AdcE440DataFilesGraph.jar
Launcher Type: SUN_STANDARD

Environment Variables:
JAVA_HOME=C:\Program Files\Java\jdk1.8.0_101
PATH=C:\oraclexe\app\oracle\product\11.2.0\server\bin;;C:\ProgramData\Oracle\Java\javapath;C:\Windows\system32;C:\Windows;C:\Windows\System32\Wbem;C:\Windows\System32\WindowsPowerShell\v1.0\;C:\Program Files\7-Zip;C:\Program Files (x86)\NVIDIA Corporation\PhysX\Common;C:\Program Files\Java\jdk1.8.0_101\bin;C:\Program Files\Git\cmd;C:\apache-maven-3.3.9\bin;C:\Program Files (x86)\Skype\Phone\
USERNAME=Gringo
OS=Windows_NT
PROCESSOR_IDENTIFIER=AMD64 Family 15 Model 67 Stepping 3, AuthenticAMD



---------------  S Y S T E M  ---------------

OS: Windows 7 , 64 bit Build 7601 (6.1.7601.23250)

CPU:total 2 (2 cores per cpu, 1 threads per core) family 15 model 67 stepping 3, cmov, cx8, fxsr, mmx, sse, sse2, sse3, mmxext, 3dnowpref, tsc

Memory: 4k page, physical 6289912k(2254172k free), swap 12577968k(7020212k free)

vm_info: Java HotSpot(TM) 64-Bit Server VM (25.101-b13) for windows-amd64 JRE (1.8.0_101-b13), built on Jun 22 2016 01:21:29 by "java_re" with MS VC++ 10.0 (VS2010)

time: Wed Apr 19 15:30:59 2017
elapsed time: 49 seconds (0d 0h 0m 49s)

