#
# A fatal error has been detected by the Java Runtime Environment:
#
#  EXCEPTION_ACCESS_VIOLATION (0xc0000005) at pc=0x00000000714d5a43, pid=3580, tid=0x0000000000000d14
#
# JRE version: Java(TM) SE Runtime Environment (8.0_101-b13) (build 1.8.0_101-b13)
# Java VM: Java HotSpot(TM) 64-Bit Server VM (25.101-b13 mixed mode windows-amd64 compressed oops)
# Problematic frame:
# C  [prism_common.dll+0x5a43]
#
# Failed to write core dump. Minidumps are not enabled by default on client versions of Windows
#
# If you would like to submit a bug report, please visit:
#   http://bugreport.java.com/bugreport/crash.jsp
# The crash happened outside the Java Virtual Machine in native code.
# See problematic frame for where to report the bug.
#

---------------  T H R E A D  ---------------

Current thread (0x0000000057466800):  JavaThread "QuantumRenderer-0" daemon [_thread_in_native, id=3348, stack(0x00000000577c0000,0x00000000578c0000)]

siginfo: ExceptionCode=0xc0000005, reading address 0xffffe00062435d78

Registers:
RAX=0x0000000062435d70, RBX=0x00000000578bbed0, RCX=0xffffe00000000008, RDX=0x0000000000000000
RSP=0x00000000578bbb60, RBP=0x0000000000000991, RSI=0xffffffff9db86aa4, RDI=0x0000000062479560
R8 =0x000000000000a9f4, R9 =0x0000000062479568, R10=0x0000000000002a7d, R11=0x000000000000a9f6
R12=0xffffffff9db86a98, R13=0x000000000000a9f6, R14=0x0000000000000992, R15=0xffffffff9db86aa0
RIP=0x00000000714d5a43, EFLAGS=0x0000000000010206

Top of Stack: (sp=0x00000000578bbb60)
0x00000000578bbb60:   40a3220000000000 0000000000000000
0x00000000578bbb70:   0000000000000000 0000000000000000
0x00000000578bbb80:   0000000000000000 0000000000000000
0x00000000578bbb90:   404e000000000000 0000000000000000
0x00000000578bbba0:   3ff0000000000000 0000000000000000
0x00000000578bbbb0:   0000000000000000 0000000000000000
0x00000000578bbbc0:   404a800000000000 0000000000000000
0x00000000578bbbd0:   0000000045921ad1 0000000000000000
0x00000000578bbbe0:   00000000451910ad 0000000000000000
0x00000000578bbbf0:   0000000000000000 00000000e029ffa8
0x00000000578bbc00:   00000000578bc468 00000000578bc518
0x00000000578bbc10:   00000000578bbed0 00000000714d4e6f
0x00000000578bbc20:   00000000574669f8 00000000578bbfb0
0x00000000578bbc30:   00000000578bc470 0000000000000000
0x00000000578bbc40:   00000000000153f6 00000000e029ffa8
0x00000000578bbc50:   0000000000000000 0000000000000000 

Instructions: (pc=0x00000000714d5a43)
0x00000000714d5a23:   68 4b 8d 14 0c 8b 0c 02 41 89 49 f8 48 8b 43 68
0x00000000714d5a33:   8b 4c 02 04 41 89 49 fc 48 8b 43 68 4b 8d 0c 0f
0x00000000714d5a43:   8b 0c 01 41 89 09 48 8b 43 68 4a 8d 0c 0e 8b 0c
0x00000000714d5a53:   01 4d 8d 49 10 41 89 49 f4 49 ff ca 75 bf 44 8b 


Register to memory mapping:

RAX=0x0000000062435d70 is an unknown value
RBX=0x00000000578bbed0 is pointing into the stack for thread: 0x0000000057466800
RCX=0xffffe00000000008 is an unknown value
RDX=0x0000000000000000 is an unknown value
RSP=0x00000000578bbb60 is pointing into the stack for thread: 0x0000000057466800
RBP=0x0000000000000991 is an unknown value
RSI=0xffffffff9db86aa4 is an unknown value
RDI=0x0000000062479560 is an unknown value
R8 =0x000000000000a9f4 is an unknown value
R9 =0x0000000062479568 is an unknown value
R10=0x0000000000002a7d is an unknown value
R11=0x000000000000a9f6 is an unknown value
R12=0xffffffff9db86a98 is an unknown value
R13=0x000000000000a9f6 is an unknown value
R14=0x0000000000000992 is an unknown value
R15=0xffffffff9db86aa0 is an unknown value


Stack: [0x00000000577c0000,0x00000000578c0000],  sp=0x00000000578bbb60,  free space=1006k
Native frames: (J=compiled Java code, j=interpreted, Vv=VM code, C=native code)
C  [prism_common.dll+0x5a43]
C  [prism_common.dll+0x4e6f]
C  [prism_common.dll+0x881a]
C  [prism_common.dll+0x8c84]
C  [prism_common.dll+0x6df4]
C  [prism_common.dll+0x4b60]
C  [prism_common.dll+0x4649]
C  0x0000000002625994

Java frames: (J=compiled Java code, j=interpreted, Vv=VM code)
j  com.sun.prism.impl.shape.NativePiscesRasterizer.produceStrokeAlphas([F[BIFIIF[FFDDDDDD[I[B)V+0
j  com.sun.prism.impl.shape.NativePiscesRasterizer.getMaskData(Lcom/sun/javafx/geom/Shape;Lcom/sun/prism/BasicStroke;Lcom/sun/javafx/geom/RectBounds;Lcom/sun/javafx/geom/transform/BaseTransform;ZZ)Lcom/sun/prism/impl/shape/MaskData;+487
j  com.sun.prism.impl.shape.ShapeUtil.rasterizeShape(Lcom/sun/javafx/geom/Shape;Lcom/sun/prism/BasicStroke;Lcom/sun/javafx/geom/RectBounds;Lcom/sun/javafx/geom/transform/BaseTransform;ZZ)Lcom/sun/prism/impl/shape/MaskData;+11
j  com.sun.prism.impl.ps.BaseShaderGraphics.renderShape(Lcom/sun/javafx/geom/Shape;Lcom/sun/prism/BasicStroke;FFFF)V+40
j  com.sun.prism.impl.BaseGraphics.draw(Lcom/sun/javafx/geom/Shape;)V+136
j  com.sun.prism.impl.ps.CachingShapeRepState.drawNoCache(Lcom/sun/prism/Graphics;Lcom/sun/javafx/geom/Shape;)V+2
j  com.sun.prism.impl.ps.CachingShapeRepState.render(Lcom/sun/prism/Graphics;Lcom/sun/javafx/geom/Shape;Lcom/sun/javafx/geom/RectBounds;Lcom/sun/prism/BasicStroke;)V+241
j  com.sun.prism.impl.ps.CachingShapeRep.draw(Lcom/sun/prism/Graphics;Lcom/sun/javafx/geom/Shape;Lcom/sun/javafx/geom/BaseBounds;)V+31
j  com.sun.javafx.sg.prism.NGShape.renderContent2D(Lcom/sun/prism/Graphics;Z)V+144
J 2714 C1 com.sun.javafx.sg.prism.NGShape.renderContent(Lcom/sun/prism/Graphics;)V (458 bytes) @ 0x0000000002e3d734 [0x0000000002e3b5a0+0x2194]
J 1916 C1 com.sun.javafx.sg.prism.NGNode.doRender(Lcom/sun/prism/Graphics;)V (473 bytes) @ 0x0000000002bba15c [0x0000000002bb8320+0x1e3c]
J 1909 C1 com.sun.javafx.sg.prism.NGNode.render(Lcom/sun/prism/Graphics;)V (38 bytes) @ 0x0000000002bb5cf4 [0x0000000002bb5a80+0x274]
J 2580 C1 com.sun.javafx.sg.prism.NGGroup.renderContent(Lcom/sun/prism/Graphics;)V (436 bytes) @ 0x0000000002dcb6bc [0x0000000002dca320+0x139c]
J 1916 C1 com.sun.javafx.sg.prism.NGNode.doRender(Lcom/sun/prism/Graphics;)V (473 bytes) @ 0x0000000002bba15c [0x0000000002bb8320+0x1e3c]
J 1909 C1 com.sun.javafx.sg.prism.NGNode.render(Lcom/sun/prism/Graphics;)V (38 bytes) @ 0x0000000002bb5cf4 [0x0000000002bb5a80+0x274]
J 2580 C1 com.sun.javafx.sg.prism.NGGroup.renderContent(Lcom/sun/prism/Graphics;)V (436 bytes) @ 0x0000000002dcb6bc [0x0000000002dca320+0x139c]
j  com.sun.javafx.sg.prism.NGNode.renderForClip(Lcom/sun/prism/Graphics;)V+17
j  com.sun.javafx.sg.prism.NGNode.renderRectClip(Lcom/sun/prism/Graphics;Lcom/sun/javafx/sg/prism/NGRectangle;)V+106
j  com.sun.javafx.sg.prism.NGNode.renderClip(Lcom/sun/prism/Graphics;)V+83
J 1916 C1 com.sun.javafx.sg.prism.NGNode.doRender(Lcom/sun/prism/Graphics;)V (473 bytes) @ 0x0000000002bb9e14 [0x0000000002bb8320+0x1af4]
J 1909 C1 com.sun.javafx.sg.prism.NGNode.render(Lcom/sun/prism/Graphics;)V (38 bytes) @ 0x0000000002bb5cf4 [0x0000000002bb5a80+0x274]
J 2580 C1 com.sun.javafx.sg.prism.NGGroup.renderContent(Lcom/sun/prism/Graphics;)V (436 bytes) @ 0x0000000002dcb6bc [0x0000000002dca320+0x139c]
J 2725 C1 com.sun.javafx.sg.prism.NGRegion.renderContent(Lcom/sun/prism/Graphics;)V (115 bytes) @ 0x0000000002e4a524 [0x0000000002e490c0+0x1464]
J 1916 C1 com.sun.javafx.sg.prism.NGNode.doRender(Lcom/sun/prism/Graphics;)V (473 bytes) @ 0x0000000002bba15c [0x0000000002bb8320+0x1e3c]
J 1909 C1 com.sun.javafx.sg.prism.NGNode.render(Lcom/sun/prism/Graphics;)V (38 bytes) @ 0x0000000002bb5cf4 [0x0000000002bb5a80+0x274]
J 2580 C1 com.sun.javafx.sg.prism.NGGroup.renderContent(Lcom/sun/prism/Graphics;)V (436 bytes) @ 0x0000000002dcb6bc [0x0000000002dca320+0x139c]
J 2725 C1 com.sun.javafx.sg.prism.NGRegion.renderContent(Lcom/sun/prism/Graphics;)V (115 bytes) @ 0x0000000002e4a524 [0x0000000002e490c0+0x1464]
J 1916 C1 com.sun.javafx.sg.prism.NGNode.doRender(Lcom/sun/prism/Graphics;)V (473 bytes) @ 0x0000000002bba15c [0x0000000002bb8320+0x1e3c]
J 1909 C1 com.sun.javafx.sg.prism.NGNode.render(Lcom/sun/prism/Graphics;)V (38 bytes) @ 0x0000000002bb5cf4 [0x0000000002bb5a80+0x274]
J 2580 C1 com.sun.javafx.sg.prism.NGGroup.renderContent(Lcom/sun/prism/Graphics;)V (436 bytes) @ 0x0000000002dcb6bc [0x0000000002dca320+0x139c]
J 2725 C1 com.sun.javafx.sg.prism.NGRegion.renderContent(Lcom/sun/prism/Graphics;)V (115 bytes) @ 0x0000000002e4a524 [0x0000000002e490c0+0x1464]
J 1916 C1 com.sun.javafx.sg.prism.NGNode.doRender(Lcom/sun/prism/Graphics;)V (473 bytes) @ 0x0000000002bba15c [0x0000000002bb8320+0x1e3c]
J 1909 C1 com.sun.javafx.sg.prism.NGNode.render(Lcom/sun/prism/Graphics;)V (38 bytes) @ 0x0000000002bb5cf4 [0x0000000002bb5a80+0x274]
J 2580 C1 com.sun.javafx.sg.prism.NGGroup.renderContent(Lcom/sun/prism/Graphics;)V (436 bytes) @ 0x0000000002dcb6bc [0x0000000002dca320+0x139c]
J 2725 C1 com.sun.javafx.sg.prism.NGRegion.renderContent(Lcom/sun/prism/Graphics;)V (115 bytes) @ 0x0000000002e4a524 [0x0000000002e490c0+0x1464]
J 1916 C1 com.sun.javafx.sg.prism.NGNode.doRender(Lcom/sun/prism/Graphics;)V (473 bytes) @ 0x0000000002bba15c [0x0000000002bb8320+0x1e3c]
J 1909 C1 com.sun.javafx.sg.prism.NGNode.render(Lcom/sun/prism/Graphics;)V (38 bytes) @ 0x0000000002bb5cf4 [0x0000000002bb5a80+0x274]
j  com.sun.javafx.tk.quantum.ViewPainter.doPaint(Lcom/sun/prism/Graphics;Lcom/sun/javafx/sg/prism/NodePath;)V+201
j  com.sun.javafx.tk.quantum.ViewPainter.paintImpl(Lcom/sun/prism/Graphics;)V+953
j  com.sun.javafx.tk.quantum.PresentingPainter.run()V+326
j  java.util.concurrent.Executors$RunnableAdapter.call()Ljava/lang/Object;+4
j  java.util.concurrent.FutureTask.runAndReset()Z+47
j  com.sun.javafx.tk.RenderJob.run()V+1
j  java.util.concurrent.ThreadPoolExecutor.runWorker(Ljava/util/concurrent/ThreadPoolExecutor$Worker;)V+95
j  java.util.concurrent.ThreadPoolExecutor$Worker.run()V+5
j  com.sun.javafx.tk.quantum.QuantumRenderer$PipelineRunnable.run()V+8
j  java.lang.Thread.run()V+11
v  ~StubRoutines::call_stub

---------------  P R O C E S S  ---------------

Java Threads: ( => current thread )
  0x0000000059784800 JavaThread "Prism Font Disposer" daemon [_thread_blocked, id=2716, stack(0x000000005c6b0000,0x000000005c7b0000)]
  0x00000000594ae800 JavaThread "JavaFX-Launcher" [_thread_blocked, id=5012, stack(0x0000000059fc0000,0x000000005a0c0000)]
  0x00000000594b2000 JavaThread "Thread-2" daemon [_thread_in_native, id=3168, stack(0x0000000059e70000,0x0000000059f70000)]
  0x000000005748f800 JavaThread "JavaFX Application Thread" [_thread_in_native, id=2820, stack(0x0000000058180000,0x0000000058280000)]
  0x000000005749a000 JavaThread "Thread-1" daemon [_thread_blocked, id=5092, stack(0x0000000057ec0000,0x0000000057fc0000)]
=>0x0000000057466800 JavaThread "QuantumRenderer-0" daemon [_thread_in_native, id=3348, stack(0x00000000577c0000,0x00000000578c0000)]
  0x0000000055e68000 JavaThread "Service Thread" daemon [_thread_blocked, id=5656, stack(0x0000000056e00000,0x0000000056f00000)]
  0x0000000055e5b000 JavaThread "C1 CompilerThread1" daemon [_thread_blocked, id=4844, stack(0x0000000057030000,0x0000000057130000)]
  0x0000000055e58800 JavaThread "C2 CompilerThread0" daemon [_thread_blocked, id=2932, stack(0x0000000056ae0000,0x0000000056be0000)]
  0x0000000055e57000 JavaThread "Attach Listener" daemon [_thread_blocked, id=2828, stack(0x00000000568b0000,0x00000000569b0000)]
  0x0000000055e55800 JavaThread "Signal Dispatcher" daemon [_thread_blocked, id=5964, stack(0x0000000056f20000,0x0000000057020000)]
  0x0000000055e38800 JavaThread "Finalizer" daemon [_thread_blocked, id=5856, stack(0x0000000056d00000,0x0000000056e00000)]
  0x0000000055df5000 JavaThread "Reference Handler" daemon [_thread_blocked, id=3660, stack(0x0000000056bf0000,0x0000000056cf0000)]
  0x000000000047e000 JavaThread "main" [_thread_blocked, id=4228, stack(0x00000000021b0000,0x00000000022b0000)]

Other Threads:
  0x0000000055ded000 VMThread [stack: 0x00000000569b0000,0x0000000056ab0000] [id=5256]
  0x0000000057144800 WatcherThread [stack: 0x0000000057540000,0x0000000057640000] [id=3244]

VM state:not at safepoint (normal execution)

VM Mutex/Monitor currently owned by a thread: None

Heap:
 PSYoungGen      total 28672K, used 11247K [0x00000000e0000000, 0x00000000e3800000, 0x0000000100000000)
  eden space 24576K, 29% used [0x00000000e0000000,0x00000000e06ff668,0x00000000e1800000)
  from space 4096K, 99% used [0x00000000e1800000,0x00000000e1bfc720,0x00000000e1c00000)
  to   space 4096K, 0% used [0x00000000e3400000,0x00000000e3400000,0x00000000e3800000)
 ParOldGen       total 65536K, used 23201K [0x00000000a0000000, 0x00000000a4000000, 0x00000000e0000000)
  object space 65536K, 35% used [0x00000000a0000000,0x00000000a16a86d8,0x00000000a4000000)
 Metaspace       used 18895K, capacity 19888K, committed 20224K, reserved 1067008K
  class space    used 2727K, capacity 2945K, committed 3072K, reserved 1048576K

Card table byte_map: [0x00000000119d0000,0x0000000011ce0000] byte_map_base: 0x00000000114d0000

Marking Bits: (ParMarkBitMap*) 0x000000006fcba6d0
 Begin Bits: [0x00000000121c0000, 0x00000000139c0000)
 End Bits:   [0x00000000139c0000, 0x00000000151c0000)

Polling page: 0x0000000000440000

CodeCache: size=245760Kb used=8658Kb max_used=8658Kb free=237101Kb
 bounds [0x0000000002610000, 0x0000000002e90000, 0x0000000011610000]
 total_blobs=3497 nmethods=2822 adapters=588
 compilation: enabled

Compilation events (10 events):
Event: 16.197 Thread 0x0000000055e5b000 2819       3       javafx.scene.layout.GridPane$CompositeSize::access$900 (6 bytes)
Event: 16.198 Thread 0x0000000055e5b000 nmethod 2819 0x0000000002e87210 code [0x0000000002e87380, 0x0000000002e87530]
Event: 16.198 Thread 0x0000000055e5b000 2820       3       javafx.scene.layout.GridPane$CompositeSize::getSize (7 bytes)
Event: 16.198 Thread 0x0000000055e5b000 nmethod 2820 0x0000000002e83210 code [0x0000000002e83360, 0x0000000002e834d0]
Event: 16.198 Thread 0x0000000055e5b000 2818       3       javafx.scene.layout.Region::snapSpace (9 bytes)
Event: 16.198 Thread 0x0000000055e5b000 nmethod 2818 0x0000000002e82d10 code [0x0000000002e82e80, 0x0000000002e83148]
Event: 16.198 Thread 0x0000000055e5b000 2821       3       com.sun.javafx.geom.RectBounds::<init> (10 bytes)
Event: 16.198 Thread 0x0000000055e5b000 nmethod 2821 0x0000000002e88790 code [0x0000000002e88920, 0x0000000002e88f90]
Event: 16.198 Thread 0x0000000055e5b000 2822       1       javafx.scene.layout.CornerRadii::isUniform (5 bytes)
Event: 16.198 Thread 0x0000000055e5b000 nmethod 2822 0x0000000002e891d0 code [0x0000000002e89320, 0x0000000002e89430]

GC Heap History (6 events):
Event: 1.687 GC heap before
{Heap before GC invocations=1 (full 0):
 PSYoungGen      total 28672K, used 24576K [0x00000000e0000000, 0x00000000e2000000, 0x0000000100000000)
  eden space 24576K, 100% used [0x00000000e0000000,0x00000000e1800000,0x00000000e1800000)
  from space 4096K, 0% used [0x00000000e1c00000,0x00000000e1c00000,0x00000000e2000000)
  to   space 4096K, 0% used [0x00000000e1800000,0x00000000e1800000,0x00000000e1c00000)
 ParOldGen       total 65536K, used 0K [0x00000000a0000000, 0x00000000a4000000, 0x00000000e0000000)
  object space 65536K, 0% used [0x00000000a0000000,0x00000000a0000000,0x00000000a4000000)
 Metaspace       used 13632K, capacity 14168K, committed 14336K, reserved 1060864K
  class space    used 1884K, capacity 2048K, committed 2048K, reserved 1048576K
Event: 1.699 GC heap after
Heap after GC invocations=1 (full 0):
 PSYoungGen      total 28672K, used 3824K [0x00000000e0000000, 0x00000000e2000000, 0x0000000100000000)
  eden space 24576K, 0% used [0x00000000e0000000,0x00000000e0000000,0x00000000e1800000)
  from space 4096K, 93% used [0x00000000e1800000,0x00000000e1bbc030,0x00000000e1c00000)
  to   space 4096K, 0% used [0x00000000e1c00000,0x00000000e1c00000,0x00000000e2000000)
 ParOldGen       total 65536K, used 80K [0x00000000a0000000, 0x00000000a4000000, 0x00000000e0000000)
  object space 65536K, 0% used [0x00000000a0000000,0x00000000a0014010,0x00000000a4000000)
 Metaspace       used 13632K, capacity 14168K, committed 14336K, reserved 1060864K
  class space    used 1884K, capacity 2048K, committed 2048K, reserved 1048576K
}
Event: 12.904 GC heap before
{Heap before GC invocations=2 (full 0):
 PSYoungGen      total 28672K, used 28400K [0x00000000e0000000, 0x00000000e2000000, 0x0000000100000000)
  eden space 24576K, 100% used [0x00000000e0000000,0x00000000e1800000,0x00000000e1800000)
  from space 4096K, 93% used [0x00000000e1800000,0x00000000e1bbc030,0x00000000e1c00000)
  to   space 4096K, 0% used [0x00000000e1c00000,0x00000000e1c00000,0x00000000e2000000)
 ParOldGen       total 65536K, used 80K [0x00000000a0000000, 0x00000000a4000000, 0x00000000e0000000)
  object space 65536K, 0% used [0x00000000a0000000,0x00000000a0014010,0x00000000a4000000)
 Metaspace       used 18125K, capacity 19114K, committed 19328K, reserved 1064960K
  class space    used 2704K, capacity 2944K, committed 2944K, reserved 1048576K
Event: 12.938 GC heap after
Heap after GC invocations=2 (full 0):
 PSYoungGen      total 28672K, used 4090K [0x00000000e0000000, 0x00000000e2000000, 0x0000000100000000)
  eden space 24576K, 0% used [0x00000000e0000000,0x00000000e0000000,0x00000000e1800000)
  from space 4096K, 99% used [0x00000000e1c00000,0x00000000e1ffe820,0x00000000e2000000)
  to   space 4096K, 0% used [0x00000000e1800000,0x00000000e1800000,0x00000000e1c00000)
 ParOldGen       total 65536K, used 7950K [0x00000000a0000000, 0x00000000a4000000, 0x00000000e0000000)
  object space 65536K, 12% used [0x00000000a0000000,0x00000000a07c3b40,0x00000000a4000000)
 Metaspace       used 18125K, capacity 19114K, committed 19328K, reserved 1064960K
  class space    used 2704K, capacity 2944K, committed 2944K, reserved 1048576K
}
Event: 13.418 GC heap before
{Heap before GC invocations=3 (full 0):
 PSYoungGen      total 28672K, used 28666K [0x00000000e0000000, 0x00000000e2000000, 0x0000000100000000)
  eden space 24576K, 100% used [0x00000000e0000000,0x00000000e1800000,0x00000000e1800000)
  from space 4096K, 99% used [0x00000000e1c00000,0x00000000e1ffe820,0x00000000e2000000)
  to   space 4096K, 0% used [0x00000000e1800000,0x00000000e1800000,0x00000000e1c00000)
 ParOldGen       total 65536K, used 7950K [0x00000000a0000000, 0x00000000a4000000, 0x00000000e0000000)
  object space 65536K, 12% used [0x00000000a0000000,0x00000000a07c3b40,0x00000000a4000000)
 Metaspace       used 18424K, capacity 19440K, committed 19712K, reserved 1067008K
  class space    used 2709K, capacity 2945K, committed 3072K, reserved 1048576K
Event: 13.479 GC heap after
Heap after GC invocations=3 (full 0):
 PSYoungGen      total 28672K, used 4081K [0x00000000e0000000, 0x00000000e3800000, 0x0000000100000000)
  eden space 24576K, 0% used [0x00000000e0000000,0x00000000e0000000,0x00000000e1800000)
  from space 4096K, 99% used [0x00000000e1800000,0x00000000e1bfc720,0x00000000e1c00000)
  to   space 4096K, 0% used [0x00000000e3400000,0x00000000e3400000,0x00000000e3800000)
 ParOldGen       total 65536K, used 23201K [0x00000000a0000000, 0x00000000a4000000, 0x00000000e0000000)
  object space 65536K, 35% used [0x00000000a0000000,0x00000000a16a86d8,0x00000000a4000000)
 Metaspace       used 18424K, capacity 19440K, committed 19712K, reserved 1067008K
  class space    used 2709K, capacity 2945K, committed 3072K, reserved 1048576K
}

Deoptimization events (10 events):
Event: 13.139 Thread 0x000000005748f800 Uncommon trap: reason=array_check action=maybe_recompile pc=0x0000000002c88ddc method=com.sun.javafx.css.CompoundSelector.applies(Ljavafx/css/Styleable;[Ljava/util/Set;I)Z @ 128
Event: 13.139 Thread 0x000000005748f800 Uncommon trap: reason=array_check action=maybe_recompile pc=0x0000000002c88ddc method=com.sun.javafx.css.CompoundSelector.applies(Ljavafx/css/Styleable;[Ljava/util/Set;I)Z @ 128
Event: 13.534 Thread 0x000000005748f800 Uncommon trap: reason=unstable_if action=reinterpret pc=0x0000000002d7a984 method=com.sun.prism.BasicStroke.accumulate(FFFF[F)V @ 12
Event: 13.566 Thread 0x000000005748f800 Uncommon trap: reason=unstable_if action=reinterpret pc=0x0000000002d81ef8 method=javafx.scene.shape.LineTo.getY()D @ 4
Event: 13.618 Thread 0x0000000057466800 Uncommon trap: reason=unstable_if action=reinterpret pc=0x0000000002d7ffd0 method=com.sun.javafx.geom.Path2D$TxIterator.currentSegment([F)I @ 20
Event: 13.646 Thread 0x0000000057466800 Uncommon trap: reason=class_check action=maybe_recompile pc=0x0000000002cd7420 method=java.util.WeakHashMap.eq(Ljava/lang/Object;Ljava/lang/Object;)Z @ 7
Event: 13.649 Thread 0x0000000057466800 Uncommon trap: reason=class_check action=maybe_recompile pc=0x0000000002cd7420 method=java.util.WeakHashMap.eq(Ljava/lang/Object;Ljava/lang/Object;)Z @ 7
Event: 13.649 Thread 0x0000000057466800 Uncommon trap: reason=class_check action=maybe_recompile pc=0x0000000002cd7420 method=java.util.WeakHashMap.eq(Ljava/lang/Object;Ljava/lang/Object;)Z @ 7
Event: 13.650 Thread 0x0000000057466800 Uncommon trap: reason=unstable_if action=reinterpret pc=0x0000000002d2f51c method=java.lang.Double.compare(DD)I @ 11
Event: 14.830 Thread 0x0000000057466800 Uncommon trap: reason=class_check action=maybe_recompile pc=0x0000000002cd7420 method=java.util.WeakHashMap.eq(Ljava/lang/Object;Ljava/lang/Object;)Z @ 7

Internal exceptions (10 events):
Event: 0.895 Thread 0x000000005748f800 Exception <a 'java/lang/NullPointerException'> (0x00000000e0bd5cd8) thrown at [C:\re\workspace\8-2-build-windows-amd64-cygwin\jdk8u101\7261\hotspot\src\share\vm\prims\jvm.cpp, line 1390]
Event: 1.101 Thread 0x000000005748f800 Exception <a 'java/lang/ArrayIndexOutOfBoundsException'> (0x00000000e10249f8) thrown at [C:\re\workspace\8-2-build-windows-amd64-cygwin\jdk8u101\7261\hotspot\src\share\vm\runtime\sharedRuntime.cpp, line 605]
Event: 1.102 Thread 0x000000005748f800 Exception <a 'java/lang/ArrayIndexOutOfBoundsException'> (0x00000000e1025540) thrown at [C:\re\workspace\8-2-build-windows-amd64-cygwin\jdk8u101\7261\hotspot\src\share\vm\runtime\sharedRuntime.cpp, line 605]
Event: 1.102 Thread 0x000000005748f800 Exception <a 'java/lang/ArrayIndexOutOfBoundsException'> (0x00000000e10268e8) thrown at [C:\re\workspace\8-2-build-windows-amd64-cygwin\jdk8u101\7261\hotspot\src\share\vm\runtime\sharedRuntime.cpp, line 605]
Event: 1.103 Thread 0x000000005748f800 Exception <a 'java/lang/ArrayIndexOutOfBoundsException'> (0x00000000e1028bf8) thrown at [C:\re\workspace\8-2-build-windows-amd64-cygwin\jdk8u101\7261\hotspot\src\share\vm\runtime\sharedRuntime.cpp, line 605]
Event: 1.189 Thread 0x000000005748f800 Implicit null exception at 0x00000000028886e5 to 0x00000000028888f5
Event: 2.153 Thread 0x000000005748f800 Exception <a 'java/lang/ArrayIndexOutOfBoundsException'> (0x00000000e064a480) thrown at [C:\re\workspace\8-2-build-windows-amd64-cygwin\jdk8u101\7261\hotspot\src\share\vm\runtime\sharedRuntime.cpp, line 605]
Event: 2.173 Thread 0x000000005748f800 Exception <a 'java/lang/ArrayIndexOutOfBoundsException'> (0x00000000e068e278) thrown at [C:\re\workspace\8-2-build-windows-amd64-cygwin\jdk8u101\7261\hotspot\src\share\vm\runtime\sharedRuntime.cpp, line 605]
Event: 2.176 Thread 0x000000005748f800 Exception <a 'java/lang/ArrayIndexOutOfBoundsException'> (0x00000000e069eb68) thrown at [C:\re\workspace\8-2-build-windows-amd64-cygwin\jdk8u101\7261\hotspot\src\share\vm\runtime\sharedRuntime.cpp, line 605]
Event: 13.566 Thread 0x000000005748f800 Implicit null exception at 0x0000000002d81a76 to 0x0000000002d81edd

Events (10 events):
Event: 13.649 Thread 0x0000000057466800 DEOPT UNPACKING pc=0x000000000265556a sp=0x00000000578bbec8 mode 2
Event: 13.649 Thread 0x0000000057466800 Uncommon trap: trap_request=0xffffffde fr.pc=0x0000000002cd7420
Event: 13.649 Thread 0x0000000057466800 DEOPT PACKING pc=0x0000000002cd7420 sp=0x00000000578bbf70
Event: 13.649 Thread 0x0000000057466800 DEOPT UNPACKING pc=0x000000000265556a sp=0x00000000578bbec8 mode 2
Event: 13.650 Thread 0x0000000057466800 Uncommon trap: trap_request=0xffffff65 fr.pc=0x0000000002d2f51c
Event: 13.650 Thread 0x0000000057466800 DEOPT PACKING pc=0x0000000002d2f51c sp=0x00000000578bbfb0
Event: 13.650 Thread 0x0000000057466800 DEOPT UNPACKING pc=0x000000000265556a sp=0x00000000578bbf38 mode 2
Event: 14.830 Thread 0x0000000057466800 Uncommon trap: trap_request=0xffffffde fr.pc=0x0000000002cd7420
Event: 14.830 Thread 0x0000000057466800 DEOPT PACKING pc=0x0000000002cd7420 sp=0x00000000578bb790
Event: 14.830 Thread 0x0000000057466800 DEOPT UNPACKING pc=0x000000000265556a sp=0x00000000578bb6e8 mode 2


Dynamic libraries:
0x000000013fc90000 - 0x000000013fcc7000 	C:\Program Files\Java\jdk1.8.0_101\jre\bin\java.exe
0x00000000776f0000 - 0x0000000077899000 	C:\Windows\SYSTEM32\ntdll.dll
0x00000000775d0000 - 0x00000000776f0000 	C:\Windows\system32\kernel32.dll
0x000007fefd580000 - 0x000007fefd5eb000 	C:\Windows\system32\KERNELBASE.dll
0x000007fefe6d0000 - 0x000007fefe7ab000 	C:\Windows\system32\ADVAPI32.dll
0x000007feff6f0000 - 0x000007feff78f000 	C:\Windows\system32\msvcrt.dll
0x000007fefe3a0000 - 0x000007fefe3bf000 	C:\Windows\SYSTEM32\sechost.dll
0x000007fefdca0000 - 0x000007fefddcd000 	C:\Windows\system32\RPCRT4.dll
0x00000000774d0000 - 0x00000000775ca000 	C:\Windows\system32\USER32.dll
0x000007feff680000 - 0x000007feff6e7000 	C:\Windows\system32\GDI32.dll
0x000007fefddd0000 - 0x000007fefddde000 	C:\Windows\system32\LPK.dll
0x000007fefe600000 - 0x000007fefe6ca000 	C:\Windows\system32\USP10.dll
0x000007fefab30000 - 0x000007fefad24000 	C:\Windows\WinSxS\amd64_microsoft.windows.common-controls_6595b64144ccf1df_6.0.7601.18837_none_fa3b1e3d17594757\COMCTL32.dll
0x000007fefdbf0000 - 0x000007fefdc61000 	C:\Windows\system32\SHLWAPI.dll
0x000007fefdc70000 - 0x000007fefdc9e000 	C:\Windows\system32\IMM32.DLL
0x000007fefe1b0000 - 0x000007fefe2b9000 	C:\Windows\system32\MSCTF.dll
0x0000000074a70000 - 0x0000000074b42000 	C:\Program Files\Java\jdk1.8.0_101\jre\bin\msvcr100.dll
0x000000006f4a0000 - 0x000000006fd3a000 	C:\Program Files\Java\jdk1.8.0_101\jre\bin\server\jvm.dll
0x000007fef78c0000 - 0x000007fef78c9000 	C:\Windows\system32\WSOCK32.dll
0x000007fefe3d0000 - 0x000007fefe41d000 	C:\Windows\system32\WS2_32.dll
0x000007fefe3c0000 - 0x000007fefe3c8000 	C:\Windows\system32\NSI.dll
0x000007fef8660000 - 0x000007fef869b000 	C:\Windows\system32\WINMM.dll
0x000007fefc430000 - 0x000007fefc43c000 	C:\Windows\system32\VERSION.dll
0x00000000778b0000 - 0x00000000778b7000 	C:\Windows\system32\PSAPI.DLL
0x0000000074be0000 - 0x0000000074bef000 	C:\Program Files\Java\jdk1.8.0_101\jre\bin\verify.dll
0x0000000074a40000 - 0x0000000074a69000 	C:\Program Files\Java\jdk1.8.0_101\jre\bin\java.dll
0x0000000074a20000 - 0x0000000074a36000 	C:\Program Files\Java\jdk1.8.0_101\jre\bin\zip.dll
0x000007fefe7b0000 - 0x000007feff539000 	C:\Windows\system32\SHELL32.dll
0x000007fefd9e0000 - 0x000007fefdbe3000 	C:\Windows\system32\ole32.dll
0x000007fefd4a0000 - 0x000007fefd4af000 	C:\Windows\system32\profapi.dll
0x000007fee9960000 - 0x000007fee9a4f000 	C:\Program Files\Java\jdk1.8.0_101\jre\bin\msvcr120.dll
0x000007fee9f80000 - 0x000007feea026000 	C:\Program Files\Java\jdk1.8.0_101\jre\bin\msvcp120.dll
0x0000000071540000 - 0x0000000071562000 	C:\Program Files\Java\jdk1.8.0_101\jre\bin\prism_d3d.dll
0x000007feecf00000 - 0x000007feed0ff000 	C:\Windows\system32\d3d9.dll
0x000007feed190000 - 0x000007feed197000 	C:\Windows\system32\d3d8thk.dll
0x000007fef97c0000 - 0x000007fef97d8000 	C:\Windows\system32\dwmapi.dll
0x000007fef9fa0000 - 0x000007fef9ff6000 	C:\Windows\system32\uxtheme.dll
0x000007fee6f10000 - 0x000007fee7faf000 	C:\Windows\system32\nvd3dumx.dll
0x000007fee9460000 - 0x000007fee9617000 	C:\Windows\system32\nvspcap64.dll
0x000007fefdde0000 - 0x000007fefdeb7000 	C:\Windows\system32\OLEAUT32.dll
0x000007fefe420000 - 0x000007fefe5f7000 	C:\Windows\system32\SETUPAPI.dll
0x000007fefd660000 - 0x000007fefd696000 	C:\Windows\system32\CFGMGR32.dll
0x000007fefd4c0000 - 0x000007fefd4da000 	C:\Windows\system32\DEVOBJ.dll
0x000007fef5050000 - 0x000007fef50c1000 	C:\Windows\system32\WINHTTP.dll
0x000007fef4fe0000 - 0x000007fef5044000 	C:\Windows\system32\webio.dll
0x000007fef8760000 - 0x000007fef8b4c000 	C:\Windows\system32\nvapi64.dll
0x000007fefd260000 - 0x000007fefd285000 	C:\Windows\system32\SspiCli.dll
0x00000000714f0000 - 0x0000000071533000 	C:\Program Files\Java\jdk1.8.0_101\jre\bin\glass.dll
0x000007feff5e0000 - 0x000007feff677000 	C:\Windows\system32\COMDLG32.dll
0x000007fefd2f0000 - 0x000007fefd2ff000 	C:\Windows\system32\CRYPTBASE.dll
0x000007fefab00000 - 0x000007fefab2c000 	C:\Windows\system32\powrprof.dll
0x000007fee7fb0000 - 0x000007fee8096000 	C:\Program Files (x86)\NVIDIA Corporation\3D Vision\nvSCPAPI64.dll
0x0000000071580000 - 0x0000000071594000 	C:\Program Files\Java\jdk1.8.0_101\jre\bin\javafx_font.dll
0x000007fee8b00000 - 0x000007fee8c97000 	C:\Windows\system32\dwrite.dll
0x000007feff540000 - 0x000007feff5d9000 	C:\Windows\system32\CLBCatQ.DLL
0x000007fef9500000 - 0x000007fef9661000 	C:\Windows\system32\WindowsCodecs.dll
0x000007fefd290000 - 0x000007fefd2e7000 	C:\Windows\system32\apphelp.dll
0x000007fef5f70000 - 0x000007fef60b2000 	C:\Users\Gringo\AppData\Roaming\Yandex\YandexDisk\YandexDiskOverlays-2398.dll
0x000007fef5f30000 - 0x000007fef5f65000 	C:\Windows\system32\EhStorShell.dll
0x000007fefa000000 - 0x000007fefa12c000 	C:\Windows\system32\PROPSYS.dll
0x000007fef58b0000 - 0x000007fef5f21000 	C:\PROGRA~1\MICROS~2\Office14\GROOVEEX.DLL
0x0000000072f70000 - 0x0000000073013000 	C:\Windows\WinSxS\amd64_microsoft.vc90.crt_1fc8b3b9a1e18e3b_9.0.30729.6161_none_08e61857a83bc251\MSVCR90.dll
0x0000000072e90000 - 0x0000000072f63000 	C:\Windows\WinSxS\amd64_microsoft.vc90.crt_1fc8b3b9a1e18e3b_9.0.30729.6161_none_08e61857a83bc251\MSVCP90.dll
0x0000000072e60000 - 0x0000000072e8f000 	C:\Windows\WinSxS\amd64_microsoft.vc90.atl_1fc8b3b9a1e18e3b_9.0.30729.6161_none_0a1fd3a3a768b895\ATL90.DLL
0x000007fef42a0000 - 0x000007fef46af000 	C:\PROGRA~1\COMMON~1\MICROS~1\OFFICE14\Cultures\office.odf
0x000007fef3a20000 - 0x000007fef4296000 	C:\PROGRA~1\MICROS~2\Office14\1049\GrooveIntlResource.dll
0x000007fef7e60000 - 0x000007fef7ede000 	C:\Windows\System32\cscui.dll
0x000007fef7e50000 - 0x000007fef7e5c000 	C:\Windows\System32\CSCDLL.dll
0x000007fef86a0000 - 0x000007fef86af000 	C:\Windows\system32\CSCAPI.dll
0x000007feebe80000 - 0x000007feebead000 	C:\Program Files\Common Files\Microsoft Shared\Ink\rtscom.dll
0x00000000714d0000 - 0x00000000714e1000 	C:\Program Files\Java\jdk1.8.0_101\jre\bin\prism_common.dll
0x000007fee8730000 - 0x000007fee8af4000 	C:\Windows\system32\d2d1.dll
0x000007fef7ef0000 - 0x000007fef80c5000 	C:\Windows\system32\d3d11.dll
0x000007fef80d0000 - 0x000007fef812d000 	C:\Windows\system32\dxgi.dll
0x000007fee84b0000 - 0x000007fee8729000 	C:\Windows\system32\D3D10Warp.dll
0x000007fefd610000 - 0x000007fefd64b000 	C:\Windows\system32\WINTRUST.dll
0x000007fefd6a0000 - 0x000007fefd80d000 	C:\Windows\system32\CRYPT32.dll
0x000007fefd490000 - 0x000007fefd49f000 	C:\Windows\system32\MSASN1.dll
0x000007fefaa20000 - 0x000007fefaa4d000 	C:\Windows\system32\ntmarta.dll
0x000007fefe2c0000 - 0x000007fefe312000 	C:\Windows\system32\WLDAP32.dll
0x000007fef73d0000 - 0x000007fef744f000 	C:\Program Files\Common Files\microsoft shared\ink\tiptsf.dll
0x000007fef6a30000 - 0x000007fef6bfa000 	C:\Windows\system32\explorerframe.dll
0x000007fef9830000 - 0x000007fef9873000 	C:\Windows\system32\DUser.dll
0x000007fef9880000 - 0x000007fef9972000 	C:\Windows\system32\DUI70.dll
0x000007fef7450000 - 0x000007fef7492000 	C:\Windows\system32\msls31.dll
0x000007fef9670000 - 0x000007fef96a5000 	C:\Windows\system32\xmllite.dll
0x000007fefcc90000 - 0x000007fefcca8000 	C:\Windows\system32\CRYPTSP.dll
0x000007fefc990000 - 0x000007fefc9d7000 	C:\Windows\system32\rsaenh.dll
0x000007fefd3e0000 - 0x000007fefd3f4000 	C:\Windows\system32\RpcRtRemote.dll
0x000007feedfc0000 - 0x000007feee03b000 	C:\Windows\System32\StructuredQuery.dll
0x000007fefd220000 - 0x000007fefd22b000 	C:\Windows\System32\Secur32.dll
0x000007fef7920000 - 0x000007fef7a0e000 	C:\Windows\system32\actxprxy.dll
0x000007feec580000 - 0x000007feec63a000 	C:\Program Files\Internet Explorer\ieproxy.dll
0x000007fefd600000 - 0x000007fefd604000 	C:\Windows\system32\api-ms-win-downlevel-shlwapi-l1-1-0.dll
0x000007fef1010000 - 0x000007fef1014000 	C:\Windows\system32\api-ms-win-downlevel-shlwapi-l2-1-0.dll
0x000007fefd810000 - 0x000007fefd815000 	C:\Windows\system32\api-ms-win-downlevel-advapi32-l1-1-0.dll
0x000007fefc330000 - 0x000007fefc348000 	C:\Windows\system32\MPR.dll
0x000007fef0e50000 - 0x000007fef0e5a000 	C:\Windows\System32\drprov.dll
0x000007fefd3a0000 - 0x000007fefd3dd000 	C:\Windows\System32\WINSTA.dll
0x000007fef0d90000 - 0x000007fef0db2000 	C:\Windows\System32\ntlanman.dll
0x000007fef0d70000 - 0x000007fef0d8d000 	C:\Windows\System32\davclnt.dll
0x000007fef0d60000 - 0x000007fef0d6a000 	C:\Windows\System32\DAVHLPR.dll
0x000007fefc2e0000 - 0x000007fefc2f5000 	C:\Windows\system32\wkscli.dll
0x000007fefc300000 - 0x000007fefc30c000 	C:\Windows\system32\netutils.dll
0x000007fef09f0000 - 0x000007fef0a0f000 	C:\Windows\system32\thumbcache.dll
0x000007fee8230000 - 0x000007fee84a1000 	C:\Windows\system32\wpdshext.dll
0x000007fef9d80000 - 0x000007fef9f96000 	C:\Windows\WinSxS\amd64_microsoft.windows.gdiplus_6595b64144ccf1df_1.1.7601.19061_none_2b299db671e86e03\gdiplus.dll
0x000007fef93b0000 - 0x000007fef946d000 	C:\Windows\system32\PortableDeviceApi.dll
0x000007fef78e0000 - 0x000007fef7914000 	C:\Windows\system32\SHDOCVW.dll
0x000007fefad40000 - 0x000007fefbb10000 	C:\Windows\system32\ieframe.DLL
0x000007fefd4b0000 - 0x000007fefd4b4000 	C:\Windows\system32\api-ms-win-downlevel-user32-l1-1-0.dll
0x000007fefad30000 - 0x000007fefad34000 	C:\Windows\system32\api-ms-win-downlevel-shell32-l1-1-0.dll
0x000007fefd5f0000 - 0x000007fefd5f4000 	C:\Windows\system32\api-ms-win-downlevel-version-l1-1-0.dll
0x000007fefd840000 - 0x000007fefd843000 	C:\Windows\system32\api-ms-win-downlevel-normaliz-l1-1-0.dll
0x00000000778c0000 - 0x00000000778c3000 	C:\Windows\system32\normaliz.DLL
0x000007fefdec0000 - 0x000007fefe188000 	C:\Windows\system32\iertutil.dll
0x000007fef94a0000 - 0x000007fef94d9000 	C:\Windows\system32\PortableDeviceTypes.dll
0x000007feecab0000 - 0x000007feecad7000 	C:\Windows\system32\EhStorAPI.dll
0x000007feea100000 - 0x000007feea211000 	C:\Users\Gringo\AppData\Roaming\Yandex\YandexDisk\YandexDiskShellExt-4724.dll
0x000007fef96f0000 - 0x000007fef96f7000 	C:\Windows\system32\MSIMG32.dll
0x000007feff790000 - 0x000007feff9f9000 	C:\Windows\system32\WININET.dll
0x000007fefd820000 - 0x000007fefd83e000 	C:\Windows\system32\USERENV.dll
0x000007fee9ea0000 - 0x000007fee9f77000 	C:\Windows\system32\SearchFolder.dll
0x000007fef0350000 - 0x000007fef03d0000 	C:\Windows\system32\ntshrui.dll
0x000007fefd010000 - 0x000007fefd033000 	C:\Windows\system32\srvcli.dll
0x000007fef8ea0000 - 0x000007fef8eab000 	C:\Windows\system32\slc.dll
0x000007fef0e60000 - 0x000007fef0ffc000 	C:\Windows\system32\NetworkExplorer.dll
0x000007fef78d0000 - 0x000007fef78dc000 	C:\Windows\system32\LINKINFO.dll

VM Arguments:
jvm_args: -Dfile.encoding=UTF-8 
java_command: C:\Users\Gringo\Desktop\AdcE440DataFilesGraph_3\dist\run779984545\AdcE440DataFilesGraph.jar
java_class_path (initial): C:\Users\Gringo\Desktop\AdcE440DataFilesGraph_3\dist\run779984545\AdcE440DataFilesGraph.jar
Launcher Type: SUN_STANDARD

Environment Variables:
JAVA_HOME=C:\Program Files\Java\jdk1.8.0_101
PATH=C:\oraclexe\app\oracle\product\11.2.0\server\bin;;C:\ProgramData\Oracle\Java\javapath;C:\Windows\system32;C:\Windows;C:\Windows\System32\Wbem;C:\Windows\System32\WindowsPowerShell\v1.0\;C:\Program Files\7-Zip;C:\Program Files (x86)\NVIDIA Corporation\PhysX\Common;C:\Program Files\Java\jdk1.8.0_101\bin;C:\Program Files\Git\cmd;C:\apache-maven-3.3.9\bin;C:\Program Files (x86)\Skype\Phone\
USERNAME=Gringo
OS=Windows_NT
PROCESSOR_IDENTIFIER=AMD64 Family 15 Model 67 Stepping 3, AuthenticAMD



---------------  S Y S T E M  ---------------

OS: Windows 7 , 64 bit Build 7601 (6.1.7601.23250)

CPU:total 2 (2 cores per cpu, 1 threads per core) family 15 model 67 stepping 3, cmov, cx8, fxsr, mmx, sse, sse2, sse3, mmxext, 3dnowpref, tsc

Memory: 4k page, physical 6289912k(2767380k free), swap 12577968k(7654172k free)

vm_info: Java HotSpot(TM) 64-Bit Server VM (25.101-b13) for windows-amd64 JRE (1.8.0_101-b13), built on Jun 22 2016 01:21:29 by "java_re" with MS VC++ 10.0 (VS2010)

time: Wed Apr 19 12:15:55 2017
elapsed time: 16 seconds (0d 0h 0m 16s)

