#
# A fatal error has been detected by the Java Runtime Environment:
#
#  EXCEPTION_ACCESS_VIOLATION (0xc0000005) at pc=0x0000000070e55a43, pid=4928, tid=0x00000000000010b4
#
# JRE version: Java(TM) SE Runtime Environment (8.0_101-b13) (build 1.8.0_101-b13)
# Java VM: Java HotSpot(TM) 64-Bit Server VM (25.101-b13 mixed mode windows-amd64 compressed oops)
# Problematic frame:
# C  [prism_common.dll+0x5a43]
#
# Failed to write core dump. Minidumps are not enabled by default on client versions of Windows
#
# If you would like to submit a bug report, please visit:
#   http://bugreport.java.com/bugreport/crash.jsp
# The crash happened outside the Java Virtual Machine in native code.
# See problematic frame for where to report the bug.
#

---------------  T H R E A D  ---------------

Current thread (0x0000000057776800):  JavaThread "QuantumRenderer-0" daemon [_thread_in_native, id=4276, stack(0x0000000057070000,0x0000000057170000)]

siginfo: ExceptionCode=0xc0000005, reading address 0xffffe0005b513038

Registers:
RAX=0x000000005b513030, RBX=0x000000005716c090, RCX=0xffffe00000000008, RDX=0x0000000000000000
RSP=0x000000005716bcf0, RBP=0x0000000000000886, RSI=0xffffffff9ee70d44, RDI=0x000000006118f2c0
R8 =0x0000000000001534, R9 =0x000000006118f2c8, R10=0x000000000000054d, R11=0x0000000000001536
R12=0xffffffff9ee70d38, R13=0x0000000000001536, R14=0x000000000000088c, R15=0xffffffff9ee70d40
RIP=0x0000000070e55a43, EFLAGS=0x0000000000010206

Top of Stack: (sp=0x000000005716bcf0)
0x000000005716bcf0:   40a1160000000000 00000000ede48020
0x000000005716bd00:   0000000000000000 0000000070e54e6f
0x000000005716bd10:   000000004355099a 0000000000000000
0x000000005716bd20:   00000000bf430000 0000000000000000
0x000000005716bd30:   000000003e1f7e00 0000000000000000
0x000000005716bd40:   00000000be99dae1 0000000000000000
0x000000005716bd50:   00000000bfbc1b98 0000000000000000
0x000000005716bd60:   00000000447d342e 0000000000000000
0x000000005716bd70:   0000000045085e56 0000000000000000
0x000000005716bd80:   00000000000003ca 00000000ede48028
0x000000005716bd90:   00000000ede48024 00000000ede48020
0x000000005716bda0:   000000005716c090 0000000070e54e6f
0x000000005716bdb0:   00000000000003c8 000000005716c170
0x000000005716bdc0:   00000000000003cc 00000000000000c8
0x000000005716bdd0:   0000000000002a76 0000000000000000
0x000000005716bde0:   0000000000000000 0000000000000000 

Instructions: (pc=0x0000000070e55a43)
0x0000000070e55a23:   68 4b 8d 14 0c 8b 0c 02 41 89 49 f8 48 8b 43 68
0x0000000070e55a33:   8b 4c 02 04 41 89 49 fc 48 8b 43 68 4b 8d 0c 0f
0x0000000070e55a43:   8b 0c 01 41 89 09 48 8b 43 68 4a 8d 0c 0e 8b 0c
0x0000000070e55a53:   01 4d 8d 49 10 41 89 49 f4 49 ff ca 75 bf 44 8b 


Register to memory mapping:

RAX=0x000000005b513030 is an unknown value
RBX=0x000000005716c090 is pointing into the stack for thread: 0x0000000057776800
RCX=0xffffe00000000008 is an unknown value
RDX=0x0000000000000000 is an unknown value
RSP=0x000000005716bcf0 is pointing into the stack for thread: 0x0000000057776800
RBP=0x0000000000000886 is an unknown value
RSI=0xffffffff9ee70d44 is an unknown value
RDI=0x000000006118f2c0 is an unknown value
R8 =0x0000000000001534 is an unknown value
R9 =0x000000006118f2c8 is an unknown value
R10=0x000000000000054d is an unknown value
R11=0x0000000000001536 is an unknown value
R12=0xffffffff9ee70d38 is an unknown value
R13=0x0000000000001536 is an unknown value
R14=0x000000000000088c is an unknown value
R15=0xffffffff9ee70d40 is an unknown value


Stack: [0x0000000057070000,0x0000000057170000],  sp=0x000000005716bcf0,  free space=1007k
Native frames: (J=compiled Java code, j=interpreted, Vv=VM code, C=native code)
C  [prism_common.dll+0x5a43]
C  [prism_common.dll+0x4e6f]
C  [prism_common.dll+0x6c44]
C  [prism_common.dll+0x4a72]
C  [prism_common.dll+0x4649]
C  0x0000000002735994

Java frames: (J=compiled Java code, j=interpreted, Vv=VM code)
j  com.sun.prism.impl.shape.NativePiscesRasterizer.produceStrokeAlphas([F[BIFIIF[FFDDDDDD[I[B)V+0
j  com.sun.prism.impl.shape.NativePiscesRasterizer.getMaskData(Lcom/sun/javafx/geom/Shape;Lcom/sun/prism/BasicStroke;Lcom/sun/javafx/geom/RectBounds;Lcom/sun/javafx/geom/transform/BaseTransform;ZZ)Lcom/sun/prism/impl/shape/MaskData;+487
j  com.sun.prism.impl.shape.ShapeUtil.rasterizeShape(Lcom/sun/javafx/geom/Shape;Lcom/sun/prism/BasicStroke;Lcom/sun/javafx/geom/RectBounds;Lcom/sun/javafx/geom/transform/BaseTransform;ZZ)Lcom/sun/prism/impl/shape/MaskData;+11
j  com.sun.prism.impl.ps.BaseShaderGraphics.renderShape(Lcom/sun/javafx/geom/Shape;Lcom/sun/prism/BasicStroke;FFFF)V+40
j  com.sun.prism.impl.BaseGraphics.draw(Lcom/sun/javafx/geom/Shape;)V+136
j  com.sun.prism.impl.ps.CachingShapeRepState.drawNoCache(Lcom/sun/prism/Graphics;Lcom/sun/javafx/geom/Shape;)V+2
j  com.sun.prism.impl.ps.CachingShapeRepState.render(Lcom/sun/prism/Graphics;Lcom/sun/javafx/geom/Shape;Lcom/sun/javafx/geom/RectBounds;Lcom/sun/prism/BasicStroke;)V+241
j  com.sun.prism.impl.ps.CachingShapeRep.draw(Lcom/sun/prism/Graphics;Lcom/sun/javafx/geom/Shape;Lcom/sun/javafx/geom/BaseBounds;)V+31
j  com.sun.javafx.sg.prism.NGShape.renderContent2D(Lcom/sun/prism/Graphics;Z)V+144
J 2563 C1 com.sun.javafx.sg.prism.NGShape.renderContent(Lcom/sun/prism/Graphics;)V (458 bytes) @ 0x0000000002e7c1b4 [0x0000000002e7a020+0x2194]
J 2263 C1 com.sun.javafx.sg.prism.NGNode.doRender(Lcom/sun/prism/Graphics;)V (473 bytes) @ 0x0000000002d9da5c [0x0000000002d9bc20+0x1e3c]
J 2245 C1 com.sun.javafx.sg.prism.NGNode.render(Lcom/sun/prism/Graphics;)V (38 bytes) @ 0x0000000002d93a34 [0x0000000002d937c0+0x274]
J 2418 C1 com.sun.javafx.sg.prism.NGGroup.renderContent(Lcom/sun/prism/Graphics;)V (436 bytes) @ 0x0000000002e0b13c [0x0000000002e09da0+0x139c]
J 2263 C1 com.sun.javafx.sg.prism.NGNode.doRender(Lcom/sun/prism/Graphics;)V (473 bytes) @ 0x0000000002d9da5c [0x0000000002d9bc20+0x1e3c]
J 2245 C1 com.sun.javafx.sg.prism.NGNode.render(Lcom/sun/prism/Graphics;)V (38 bytes) @ 0x0000000002d93a34 [0x0000000002d937c0+0x274]
J 2418 C1 com.sun.javafx.sg.prism.NGGroup.renderContent(Lcom/sun/prism/Graphics;)V (436 bytes) @ 0x0000000002e0b13c [0x0000000002e09da0+0x139c]
J 3418 C1 com.sun.javafx.sg.prism.NGNode.renderRectClip(Lcom/sun/prism/Graphics;Lcom/sun/javafx/sg/prism/NGRectangle;)V (122 bytes) @ 0x00000000031901a4 [0x000000000318f120+0x1084]
J 3454 C1 com.sun.javafx.sg.prism.NGNode.renderClip(Lcom/sun/prism/Graphics;)V (473 bytes) @ 0x00000000031adeb4 [0x00000000031a9460+0x4a54]
J 2263 C1 com.sun.javafx.sg.prism.NGNode.doRender(Lcom/sun/prism/Graphics;)V (473 bytes) @ 0x0000000002d9d714 [0x0000000002d9bc20+0x1af4]
J 2245 C1 com.sun.javafx.sg.prism.NGNode.render(Lcom/sun/prism/Graphics;)V (38 bytes) @ 0x0000000002d93a34 [0x0000000002d937c0+0x274]
J 2418 C1 com.sun.javafx.sg.prism.NGGroup.renderContent(Lcom/sun/prism/Graphics;)V (436 bytes) @ 0x0000000002e0b13c [0x0000000002e09da0+0x139c]
J 2443 C1 com.sun.javafx.sg.prism.NGRegion.renderContent(Lcom/sun/prism/Graphics;)V (115 bytes) @ 0x0000000002e196a4 [0x0000000002e18240+0x1464]
J 2263 C1 com.sun.javafx.sg.prism.NGNode.doRender(Lcom/sun/prism/Graphics;)V (473 bytes) @ 0x0000000002d9da5c [0x0000000002d9bc20+0x1e3c]
J 2245 C1 com.sun.javafx.sg.prism.NGNode.render(Lcom/sun/prism/Graphics;)V (38 bytes) @ 0x0000000002d93a34 [0x0000000002d937c0+0x274]
J 2418 C1 com.sun.javafx.sg.prism.NGGroup.renderContent(Lcom/sun/prism/Graphics;)V (436 bytes) @ 0x0000000002e0b13c [0x0000000002e09da0+0x139c]
J 2443 C1 com.sun.javafx.sg.prism.NGRegion.renderContent(Lcom/sun/prism/Graphics;)V (115 bytes) @ 0x0000000002e196a4 [0x0000000002e18240+0x1464]
J 2263 C1 com.sun.javafx.sg.prism.NGNode.doRender(Lcom/sun/prism/Graphics;)V (473 bytes) @ 0x0000000002d9da5c [0x0000000002d9bc20+0x1e3c]
J 2245 C1 com.sun.javafx.sg.prism.NGNode.render(Lcom/sun/prism/Graphics;)V (38 bytes) @ 0x0000000002d93a34 [0x0000000002d937c0+0x274]
J 2418 C1 com.sun.javafx.sg.prism.NGGroup.renderContent(Lcom/sun/prism/Graphics;)V (436 bytes) @ 0x0000000002e0b13c [0x0000000002e09da0+0x139c]
J 2443 C1 com.sun.javafx.sg.prism.NGRegion.renderContent(Lcom/sun/prism/Graphics;)V (115 bytes) @ 0x0000000002e196a4 [0x0000000002e18240+0x1464]
J 2263 C1 com.sun.javafx.sg.prism.NGNode.doRender(Lcom/sun/prism/Graphics;)V (473 bytes) @ 0x0000000002d9da5c [0x0000000002d9bc20+0x1e3c]
J 2245 C1 com.sun.javafx.sg.prism.NGNode.render(Lcom/sun/prism/Graphics;)V (38 bytes) @ 0x0000000002d93a34 [0x0000000002d937c0+0x274]
J 2418 C1 com.sun.javafx.sg.prism.NGGroup.renderContent(Lcom/sun/prism/Graphics;)V (436 bytes) @ 0x0000000002e0b13c [0x0000000002e09da0+0x139c]
J 2443 C1 com.sun.javafx.sg.prism.NGRegion.renderContent(Lcom/sun/prism/Graphics;)V (115 bytes) @ 0x0000000002e196a4 [0x0000000002e18240+0x1464]
J 2263 C1 com.sun.javafx.sg.prism.NGNode.doRender(Lcom/sun/prism/Graphics;)V (473 bytes) @ 0x0000000002d9da5c [0x0000000002d9bc20+0x1e3c]
J 2245 C1 com.sun.javafx.sg.prism.NGNode.render(Lcom/sun/prism/Graphics;)V (38 bytes) @ 0x0000000002d93a34 [0x0000000002d937c0+0x274]
j  com.sun.javafx.tk.quantum.ViewPainter.doPaint(Lcom/sun/prism/Graphics;Lcom/sun/javafx/sg/prism/NodePath;)V+201
j  com.sun.javafx.tk.quantum.ViewPainter.paintImpl(Lcom/sun/prism/Graphics;)V+953
j  com.sun.javafx.tk.quantum.PresentingPainter.run()V+326
j  java.util.concurrent.Executors$RunnableAdapter.call()Ljava/lang/Object;+4
j  java.util.concurrent.FutureTask.runAndReset()Z+47
j  com.sun.javafx.tk.RenderJob.run()V+1
j  java.util.concurrent.ThreadPoolExecutor.runWorker(Ljava/util/concurrent/ThreadPoolExecutor$Worker;)V+95
j  java.util.concurrent.ThreadPoolExecutor$Worker.run()V+5
j  com.sun.javafx.tk.quantum.QuantumRenderer$PipelineRunnable.run()V+8
j  java.lang.Thread.run()V+11
v  ~StubRoutines::call_stub

---------------  P R O C E S S  ---------------

Java Threads: ( => current thread )
  0x0000000057da3800 JavaThread "Prism Font Disposer" daemon [_thread_blocked, id=1708, stack(0x000000005c7c0000,0x000000005c8c0000)]
  0x0000000057b38000 JavaThread "JavaFX-Launcher" [_thread_blocked, id=5996, stack(0x000000005a0e0000,0x000000005a1e0000)]
  0x0000000057b36800 JavaThread "Thread-2" daemon [_thread_in_native, id=5124, stack(0x0000000059f30000,0x000000005a030000)]
  0x0000000057aed000 JavaThread "JavaFX Application Thread" [_thread_in_native, id=3108, stack(0x00000000587d0000,0x00000000588d0000)]
  0x0000000057ae9800 JavaThread "Thread-1" daemon [_thread_blocked, id=3648, stack(0x00000000588f0000,0x00000000589f0000)]
=>0x0000000057776800 JavaThread "QuantumRenderer-0" daemon [_thread_in_native, id=4276, stack(0x0000000057070000,0x0000000057170000)]
  0x00000000573b0800 JavaThread "Service Thread" daemon [_thread_blocked, id=2716, stack(0x0000000057840000,0x0000000057940000)]
  0x0000000056000000 JavaThread "C1 CompilerThread1" daemon [_thread_blocked, id=5576, stack(0x00000000572a0000,0x00000000573a0000)]
  0x0000000055ffe000 JavaThread "C2 CompilerThread0" daemon [_thread_in_native, id=3208, stack(0x0000000056e20000,0x0000000056f20000)]
  0x0000000055ff8800 JavaThread "Attach Listener" daemon [_thread_blocked, id=5716, stack(0x0000000057190000,0x0000000057290000)]
  0x0000000055ff7800 JavaThread "Signal Dispatcher" daemon [_thread_blocked, id=2208, stack(0x0000000056f50000,0x0000000057050000)]
  0x0000000055fde000 JavaThread "Finalizer" daemon [_thread_blocked, id=4740, stack(0x0000000056bb0000,0x0000000056cb0000)]
  0x0000000055f95000 JavaThread "Reference Handler" daemon [_thread_blocked, id=5284, stack(0x0000000056cb0000,0x0000000056db0000)]
  0x000000000034e000 JavaThread "main" [_thread_blocked, id=3712, stack(0x0000000002350000,0x0000000002450000)]

Other Threads:
  0x0000000055f8d000 VMThread [stack: 0x0000000056a40000,0x0000000056b40000] [id=5700]
  0x00000000573b6800 WatcherThread [stack: 0x00000000579e0000,0x0000000057ae0000] [id=2516]

VM state:not at safepoint (normal execution)

VM Mutex/Monitor currently owned by a thread: None

Heap:
 PSYoungGen      total 264192K, used 240312K [0x00000000e0000000, 0x00000000f0f00000, 0x0000000100000000)
  eden space 250880K, 95% used [0x00000000e0000000,0x00000000eea1ff70,0x00000000ef500000)
  from space 13312K, 4% used [0x00000000f0200000,0x00000000f028e110,0x00000000f0f00000)
  to   space 13312K, 0% used [0x00000000ef500000,0x00000000ef500000,0x00000000f0200000)
 ParOldGen       total 65536K, used 19776K [0x00000000a0000000, 0x00000000a4000000, 0x00000000e0000000)
  object space 65536K, 30% used [0x00000000a0000000,0x00000000a1350070,0x00000000a4000000)
 Metaspace       used 19455K, capacity 20434K, committed 20736K, reserved 1067008K
  class space    used 2741K, capacity 2948K, committed 3072K, reserved 1048576K

Card table byte_map: [0x0000000011ae0000,0x0000000011df0000] byte_map_base: 0x00000000115e0000

Marking Bits: (ParMarkBitMap*) 0x000000006fcba6d0
 Begin Bits: [0x0000000012360000, 0x0000000013b60000)
 End Bits:   [0x0000000013b60000, 0x0000000015360000)

Polling page: 0x0000000000230000

CodeCache: size=245760Kb used=11081Kb max_used=11081Kb free=234678Kb
 bounds [0x0000000002720000, 0x0000000003200000, 0x0000000011720000]
 total_blobs=4233 nmethods=3558 adapters=588
 compilation: enabled

Compilation events (10 events):
Event: 59.050 Thread 0x0000000056000000 3556       3       com.sun.scenario.effect.impl.Renderer::releaseCompatibleImage (37 bytes)
Event: 59.050 Thread 0x0000000056000000 nmethod 3556 0x00000000031f5110 code [0x00000000031f52e0, 0x00000000031f5cd8]
Event: 59.138 Thread 0x0000000056000000 3558       3       javafx.scene.layout.BorderPane::getNodeMargin (17 bytes)
Event: 59.139 Thread 0x0000000056000000 nmethod 3558 0x00000000031f5fd0 code [0x00000000031f61c0, 0x00000000031f6cb8]
Event: 59.139 Thread 0x0000000056000000 3559       3       java.util.BitSet::set (58 bytes)
Event: 59.139 Thread 0x0000000056000000 nmethod 3559 0x00000000031f7290 code [0x00000000031f74a0, 0x00000000031f7eb8]
Event: 59.141 Thread 0x0000000056000000 3560       1       com.sun.prism.PresentableState::getWidth (5 bytes)
Event: 59.141 Thread 0x0000000056000000 nmethod 3560 0x00000000031f8390 code [0x00000000031f84e0, 0x00000000031f85f0]
Event: 59.141 Thread 0x0000000056000000 3561       1       com.sun.prism.PresentableState::getHeight (5 bytes)
Event: 59.141 Thread 0x0000000056000000 nmethod 3561 0x00000000031f8650 code [0x00000000031f87a0, 0x00000000031f88b0]

GC Heap History (10 events):
Event: 27.339 GC heap before
{Heap before GC invocations=8 (full 0):
 PSYoungGen      total 62464K, used 51613K [0x00000000e0000000, 0x00000000e7a00000, 0x0000000100000000)
  eden space 49152K, 99% used [0x00000000e0000000,0x00000000e2ff3350,0x00000000e3000000)
  from space 13312K, 18% used [0x00000000e3000000,0x00000000e32743e8,0x00000000e3d00000)
  to   space 13312K, 0% used [0x00000000e6d00000,0x00000000e6d00000,0x00000000e7a00000)
 ParOldGen       total 65536K, used 17717K [0x00000000a0000000, 0x00000000a4000000, 0x00000000e0000000)
  object space 65536K, 27% used [0x00000000a0000000,0x00000000a114d4b8,0x00000000a4000000)
 Metaspace       used 18789K, capacity 19762K, committed 19840K, reserved 1067008K
  class space    used 2736K, capacity 2938K, committed 2944K, reserved 1048576K
Event: 27.345 GC heap after
Heap after GC invocations=8 (full 0):
 PSYoungGen      total 111104K, used 766K [0x00000000e0000000, 0x00000000e7b00000, 0x0000000100000000)
  eden space 97792K, 0% used [0x00000000e0000000,0x00000000e0000000,0x00000000e5f80000)
  from space 13312K, 5% used [0x00000000e6d00000,0x00000000e6dbf8c0,0x00000000e7a00000)
  to   space 13824K, 0% used [0x00000000e5f80000,0x00000000e5f80000,0x00000000e6d00000)
 ParOldGen       total 65536K, used 19471K [0x00000000a0000000, 0x00000000a4000000, 0x00000000e0000000)
  object space 65536K, 29% used [0x00000000a0000000,0x00000000a1303fd8,0x00000000a4000000)
 Metaspace       used 18789K, capacity 19762K, committed 19840K, reserved 1067008K
  class space    used 2736K, capacity 2938K, committed 2944K, reserved 1048576K
}
Event: 37.794 GC heap before
{Heap before GC invocations=9 (full 0):
 PSYoungGen      total 111104K, used 98558K [0x00000000e0000000, 0x00000000e7b00000, 0x0000000100000000)
  eden space 97792K, 100% used [0x00000000e0000000,0x00000000e5f80000,0x00000000e5f80000)
  from space 13312K, 5% used [0x00000000e6d00000,0x00000000e6dbf8c0,0x00000000e7a00000)
  to   space 13824K, 0% used [0x00000000e5f80000,0x00000000e5f80000,0x00000000e6d00000)
 ParOldGen       total 65536K, used 19471K [0x00000000a0000000, 0x00000000a4000000, 0x00000000e0000000)
  object space 65536K, 29% used [0x00000000a0000000,0x00000000a1303fd8,0x00000000a4000000)
 Metaspace       used 18789K, capacity 19762K, committed 19840K, reserved 1067008K
  class space    used 2736K, capacity 2938K, committed 2944K, reserved 1048576K
Event: 37.797 GC heap after
Heap after GC invocations=9 (full 0):
 PSYoungGen      total 111616K, used 325K [0x00000000e0000000, 0x00000000eb400000, 0x0000000100000000)
  eden space 97792K, 0% used [0x00000000e0000000,0x00000000e0000000,0x00000000e5f80000)
  from space 13824K, 2% used [0x00000000e5f80000,0x00000000e5fd1510,0x00000000e6d00000)
  to   space 13824K, 0% used [0x00000000ea680000,0x00000000ea680000,0x00000000eb400000)
 ParOldGen       total 65536K, used 19736K [0x00000000a0000000, 0x00000000a4000000, 0x00000000e0000000)
  object space 65536K, 30% used [0x00000000a0000000,0x00000000a1346070,0x00000000a4000000)
 Metaspace       used 18789K, capacity 19762K, committed 19840K, reserved 1067008K
  class space    used 2736K, capacity 2938K, committed 2944K, reserved 1048576K
}
Event: 37.879 GC heap before
{Heap before GC invocations=10 (full 0):
 PSYoungGen      total 111616K, used 97943K [0x00000000e0000000, 0x00000000eb400000, 0x0000000100000000)
  eden space 97792K, 99% used [0x00000000e0000000,0x00000000e5f54790,0x00000000e5f80000)
  from space 13824K, 2% used [0x00000000e5f80000,0x00000000e5fd1510,0x00000000e6d00000)
  to   space 13824K, 0% used [0x00000000ea680000,0x00000000ea680000,0x00000000eb400000)
 ParOldGen       total 65536K, used 19736K [0x00000000a0000000, 0x00000000a4000000, 0x00000000e0000000)
  object space 65536K, 30% used [0x00000000a0000000,0x00000000a1346070,0x00000000a4000000)
 Metaspace       used 18791K, capacity 19762K, committed 19840K, reserved 1067008K
  class space    used 2736K, capacity 2938K, committed 2944K, reserved 1048576K
Event: 37.882 GC heap after
Heap after GC invocations=10 (full 0):
 PSYoungGen      total 170496K, used 587K [0x00000000e0000000, 0x00000000eb400000, 0x0000000100000000)
  eden space 156672K, 0% used [0x00000000e0000000,0x00000000e0000000,0x00000000e9900000)
  from space 13824K, 4% used [0x00000000ea680000,0x00000000ea712f30,0x00000000eb400000)
  to   space 13824K, 0% used [0x00000000e9900000,0x00000000e9900000,0x00000000ea680000)
 ParOldGen       total 65536K, used 19768K [0x00000000a0000000, 0x00000000a4000000, 0x00000000e0000000)
  object space 65536K, 30% used [0x00000000a0000000,0x00000000a134e070,0x00000000a4000000)
 Metaspace       used 18791K, capacity 19762K, committed 19840K, reserved 1067008K
  class space    used 2736K, capacity 2938K, committed 2944K, reserved 1048576K
}
Event: 38.398 GC heap before
{Heap before GC invocations=11 (full 0):
 PSYoungGen      total 170496K, used 157259K [0x00000000e0000000, 0x00000000eb400000, 0x0000000100000000)
  eden space 156672K, 100% used [0x00000000e0000000,0x00000000e9900000,0x00000000e9900000)
  from space 13824K, 4% used [0x00000000ea680000,0x00000000ea712f30,0x00000000eb400000)
  to   space 13824K, 0% used [0x00000000e9900000,0x00000000e9900000,0x00000000ea680000)
 ParOldGen       total 65536K, used 19768K [0x00000000a0000000, 0x00000000a4000000, 0x00000000e0000000)
  object space 65536K, 30% used [0x00000000a0000000,0x00000000a134e070,0x00000000a4000000)
 Metaspace       used 18791K, capacity 19762K, committed 19840K, reserved 1067008K
  class space    used 2736K, capacity 2938K, committed 2944K, reserved 1048576K
Event: 38.400 GC heap after
Heap after GC invocations=11 (full 0):
 PSYoungGen      total 170496K, used 576K [0x00000000e0000000, 0x00000000f0f00000, 0x0000000100000000)
  eden space 156672K, 0% used [0x00000000e0000000,0x00000000e0000000,0x00000000e9900000)
  from space 13824K, 4% used [0x00000000e9900000,0x00000000e9990050,0x00000000ea680000)
  to   space 13312K, 0% used [0x00000000f0200000,0x00000000f0200000,0x00000000f0f00000)
 ParOldGen       total 65536K, used 19776K [0x00000000a0000000, 0x00000000a4000000, 0x00000000e0000000)
  object space 65536K, 30% used [0x00000000a0000000,0x00000000a1350070,0x00000000a4000000)
 Metaspace       used 18791K, capacity 19762K, committed 19840K, reserved 1067008K
  class space    used 2736K, capacity 2938K, committed 2944K, reserved 1048576K
}
Event: 38.525 GC heap before
{Heap before GC invocations=12 (full 0):
 PSYoungGen      total 170496K, used 157153K [0x00000000e0000000, 0x00000000f0f00000, 0x0000000100000000)
  eden space 156672K, 99% used [0x00000000e0000000,0x00000000e98e8720,0x00000000e9900000)
  from space 13824K, 4% used [0x00000000e9900000,0x00000000e9990050,0x00000000ea680000)
  to   space 13312K, 0% used [0x00000000f0200000,0x00000000f0200000,0x00000000f0f00000)
 ParOldGen       total 65536K, used 19776K [0x00000000a0000000, 0x00000000a4000000, 0x00000000e0000000)
  object space 65536K, 30% used [0x00000000a0000000,0x00000000a1350070,0x00000000a4000000)
 Metaspace       used 18791K, capacity 19762K, committed 19840K, reserved 1067008K
  class space    used 2736K, capacity 2938K, committed 2944K, reserved 1048576K
Event: 38.527 GC heap after
Heap after GC invocations=12 (full 0):
 PSYoungGen      total 264192K, used 568K [0x00000000e0000000, 0x00000000f0f00000, 0x0000000100000000)
  eden space 250880K, 0% used [0x00000000e0000000,0x00000000e0000000,0x00000000ef500000)
  from space 13312K, 4% used [0x00000000f0200000,0x00000000f028e110,0x00000000f0f00000)
  to   space 13312K, 0% used [0x00000000ef500000,0x00000000ef500000,0x00000000f0200000)
 ParOldGen       total 65536K, used 19776K [0x00000000a0000000, 0x00000000a4000000, 0x00000000e0000000)
  object space 65536K, 30% used [0x00000000a0000000,0x00000000a1350070,0x00000000a4000000)
 Metaspace       used 18791K, capacity 19762K, committed 19840K, reserved 1067008K
  class space    used 2736K, capacity 2938K, committed 2944K, reserved 1048576K
}

Deoptimization events (10 events):
Event: 22.357 Thread 0x0000000057aed000 Uncommon trap: reason=unstable_if action=reinterpret pc=0x0000000002e8dd9c method=com.sun.javafx.geom.Shape.pointCrossingsForLine(FFFFFF)I @ 55
Event: 23.314 Thread 0x0000000057aed000 Uncommon trap: reason=unstable_if action=reinterpret pc=0x0000000002c3cf2c method=java.util.WeakHashMap.expungeStaleEntries()V @ 9
Event: 38.462 Thread 0x0000000057aed000 Uncommon trap: reason=unstable_if action=reinterpret pc=0x0000000002e979c0 method=com.sun.javafx.geom.Shape.pointCrossingsForLine(FFFFFF)I @ 40
Event: 39.194 Thread 0x0000000057aed000 Uncommon trap: reason=null_check action=make_not_entrant pc=0x0000000002e47b50 method=com.sun.javafx.css.StyleManager.getCacheContainer(Ljavafx/css/Styleable;Ljavafx/scene/SubScene;)Lcom/sun/javafx/css/StyleManager$CacheContainer; @ 107
Event: 39.194 Thread 0x0000000057aed000 Uncommon trap: reason=unstable_if action=reinterpret pc=0x0000000002e62d6c method=com.sun.javafx.css.StyleManager$CacheContainer.getStyleMap(I)Lcom/sun/javafx/css/StyleMap; @ 22
Event: 49.799 Thread 0x0000000057aed000 Uncommon trap: reason=array_check action=maybe_recompile pc=0x0000000002fb8cac method=com.sun.javafx.css.CompoundSelector.applies(Ljavafx/css/Styleable;[Ljava/util/Set;I)Z @ 128
Event: 49.799 Thread 0x0000000057aed000 Uncommon trap: reason=array_check action=maybe_recompile pc=0x0000000002fb8cac method=com.sun.javafx.css.CompoundSelector.applies(Ljavafx/css/Styleable;[Ljava/util/Set;I)Z @ 128
Event: 49.799 Thread 0x0000000057aed000 Uncommon trap: reason=array_check action=maybe_recompile pc=0x0000000002fb8cac method=com.sun.javafx.css.CompoundSelector.applies(Ljavafx/css/Styleable;[Ljava/util/Set;I)Z @ 128
Event: 49.799 Thread 0x0000000057aed000 Uncommon trap: reason=array_check action=maybe_recompile pc=0x0000000002fb8cac method=com.sun.javafx.css.CompoundSelector.applies(Ljavafx/css/Styleable;[Ljava/util/Set;I)Z @ 128
Event: 49.986 Thread 0x0000000057aed000 Uncommon trap: reason=unstable_if action=reinterpret pc=0x0000000002d66800 method=javafx.scene.shape.LineTo.setX(D)V @ 10

Internal exceptions (10 events):
Event: 0.946 Thread 0x0000000057aed000 Exception <a 'java/lang/ArrayIndexOutOfBoundsException'> (0x00000000e10429f8) thrown at [C:\re\workspace\8-2-build-windows-amd64-cygwin\jdk8u101\7261\hotspot\src\share\vm\runtime\sharedRuntime.cpp, line 605]
Event: 0.946 Thread 0x0000000057aed000 Exception <a 'java/lang/ArrayIndexOutOfBoundsException'> (0x00000000e1043540) thrown at [C:\re\workspace\8-2-build-windows-amd64-cygwin\jdk8u101\7261\hotspot\src\share\vm\runtime\sharedRuntime.cpp, line 605]
Event: 0.947 Thread 0x0000000057aed000 Exception <a 'java/lang/ArrayIndexOutOfBoundsException'> (0x00000000e10448e8) thrown at [C:\re\workspace\8-2-build-windows-amd64-cygwin\jdk8u101\7261\hotspot\src\share\vm\runtime\sharedRuntime.cpp, line 605]
Event: 0.948 Thread 0x0000000057aed000 Exception <a 'java/lang/ArrayIndexOutOfBoundsException'> (0x00000000e1046bf8) thrown at [C:\re\workspace\8-2-build-windows-amd64-cygwin\jdk8u101\7261\hotspot\src\share\vm\runtime\sharedRuntime.cpp, line 605]
Event: 0.985 Thread 0x0000000057aed000 Exception <a 'java/lang/ArrayIndexOutOfBoundsException'> (0x00000000e10d23e8) thrown at [C:\re\workspace\8-2-build-windows-amd64-cygwin\jdk8u101\7261\hotspot\src\share\vm\runtime\sharedRuntime.cpp, line 605]
Event: 1.072 Thread 0x0000000057aed000 Implicit null exception at 0x00000000029b7965 to 0x00000000029b7b31
Event: 1.948 Thread 0x0000000057aed000 Exception <a 'java/lang/ArrayIndexOutOfBoundsException'> (0x00000000e0684420) thrown at [C:\re\workspace\8-2-build-windows-amd64-cygwin\jdk8u101\7261\hotspot\src\share\vm\runtime\sharedRuntime.cpp, line 605]
Event: 1.961 Thread 0x0000000057aed000 Exception <a 'java/lang/ArrayIndexOutOfBoundsException'> (0x00000000e06a93d8) thrown at [C:\re\workspace\8-2-build-windows-amd64-cygwin\jdk8u101\7261\hotspot\src\share\vm\runtime\sharedRuntime.cpp, line 605]
Event: 16.050 Thread 0x0000000057aed000 Implicit null exception at 0x0000000002d71276 to 0x0000000002d71ac9
Event: 23.409 Thread 0x0000000057aed000 Exception <a 'java/lang/NullPointerException'> (0x00000000e0439178) thrown at [C:\re\workspace\8-2-build-windows-amd64-cygwin\jdk8u101\7261\hotspot\src\share\vm\prims\jvm.cpp, line 1390]

Events (10 events):
Event: 49.799 Thread 0x0000000057aed000 DEOPT PACKING pc=0x0000000002fb8cac sp=0x00000000588cc450
Event: 49.799 Thread 0x0000000057aed000 DEOPT UNPACKING pc=0x000000000276556a sp=0x00000000588cc3c0 mode 2
Event: 49.799 Thread 0x0000000057aed000 Uncommon trap: trap_request=0xffffffd6 fr.pc=0x0000000002fb8cac
Event: 49.799 Thread 0x0000000057aed000 DEOPT PACKING pc=0x0000000002fb8cac sp=0x00000000588cc450
Event: 49.799 Thread 0x0000000057aed000 DEOPT UNPACKING pc=0x000000000276556a sp=0x00000000588cc3c0 mode 2
Event: 49.986 Thread 0x0000000057aed000 Uncommon trap: trap_request=0xffffff65 fr.pc=0x0000000002d66800
Event: 49.986 Thread 0x0000000057aed000 DEOPT PACKING pc=0x0000000002d66800 sp=0x00000000588cd060
Event: 49.986 Thread 0x0000000057aed000 DEOPT UNPACKING pc=0x000000000276556a sp=0x00000000588ccfc0 mode 2
Event: 50.047 Thread 0x0000000057aed000 DEOPT PACKING pc=0x0000000002d5090c sp=0x00000000588ccf90
Event: 50.047 Thread 0x0000000057aed000 DEOPT UNPACKING pc=0x00000000027671bf sp=0x00000000588cccf8 mode 0


Dynamic libraries:
0x000000013fa80000 - 0x000000013fab7000 	C:\Program Files\Java\jdk1.8.0_101\jre\bin\java.exe
0x00000000776f0000 - 0x0000000077899000 	C:\Windows\SYSTEM32\ntdll.dll
0x00000000775d0000 - 0x00000000776f0000 	C:\Windows\system32\kernel32.dll
0x000007fefd580000 - 0x000007fefd5eb000 	C:\Windows\system32\KERNELBASE.dll
0x000007fefe6d0000 - 0x000007fefe7ab000 	C:\Windows\system32\ADVAPI32.dll
0x000007feff6f0000 - 0x000007feff78f000 	C:\Windows\system32\msvcrt.dll
0x000007fefe3a0000 - 0x000007fefe3bf000 	C:\Windows\SYSTEM32\sechost.dll
0x000007fefdca0000 - 0x000007fefddcd000 	C:\Windows\system32\RPCRT4.dll
0x00000000774d0000 - 0x00000000775ca000 	C:\Windows\system32\USER32.dll
0x000007feff680000 - 0x000007feff6e7000 	C:\Windows\system32\GDI32.dll
0x000007fefddd0000 - 0x000007fefddde000 	C:\Windows\system32\LPK.dll
0x000007fefe600000 - 0x000007fefe6ca000 	C:\Windows\system32\USP10.dll
0x000007fefab30000 - 0x000007fefad24000 	C:\Windows\WinSxS\amd64_microsoft.windows.common-controls_6595b64144ccf1df_6.0.7601.18837_none_fa3b1e3d17594757\COMCTL32.dll
0x000007fefdbf0000 - 0x000007fefdc61000 	C:\Windows\system32\SHLWAPI.dll
0x000007fefdc70000 - 0x000007fefdc9e000 	C:\Windows\system32\IMM32.DLL
0x000007fefe1b0000 - 0x000007fefe2b9000 	C:\Windows\system32\MSCTF.dll
0x0000000074a70000 - 0x0000000074b42000 	C:\Program Files\Java\jdk1.8.0_101\jre\bin\msvcr100.dll
0x000000006f4a0000 - 0x000000006fd3a000 	C:\Program Files\Java\jdk1.8.0_101\jre\bin\server\jvm.dll
0x000007fef78c0000 - 0x000007fef78c9000 	C:\Windows\system32\WSOCK32.dll
0x000007fefe3d0000 - 0x000007fefe41d000 	C:\Windows\system32\WS2_32.dll
0x000007fefe3c0000 - 0x000007fefe3c8000 	C:\Windows\system32\NSI.dll
0x000007fef8660000 - 0x000007fef869b000 	C:\Windows\system32\WINMM.dll
0x000007fefc430000 - 0x000007fefc43c000 	C:\Windows\system32\VERSION.dll
0x00000000778b0000 - 0x00000000778b7000 	C:\Windows\system32\PSAPI.DLL
0x0000000074be0000 - 0x0000000074bef000 	C:\Program Files\Java\jdk1.8.0_101\jre\bin\verify.dll
0x0000000074a40000 - 0x0000000074a69000 	C:\Program Files\Java\jdk1.8.0_101\jre\bin\java.dll
0x0000000074a20000 - 0x0000000074a36000 	C:\Program Files\Java\jdk1.8.0_101\jre\bin\zip.dll
0x000007fefe7b0000 - 0x000007feff539000 	C:\Windows\system32\SHELL32.dll
0x000007fefd9e0000 - 0x000007fefdbe3000 	C:\Windows\system32\ole32.dll
0x000007fefd4a0000 - 0x000007fefd4af000 	C:\Windows\system32\profapi.dll
0x000007fee9f40000 - 0x000007feea02f000 	C:\Program Files\Java\jdk1.8.0_101\jre\bin\msvcr120.dll
0x000007fee9e90000 - 0x000007fee9f36000 	C:\Program Files\Java\jdk1.8.0_101\jre\bin\msvcp120.dll
0x0000000070ec0000 - 0x0000000070ee2000 	C:\Program Files\Java\jdk1.8.0_101\jre\bin\prism_d3d.dll
0x000007feecf00000 - 0x000007feed0ff000 	C:\Windows\system32\d3d9.dll
0x000007feed190000 - 0x000007feed197000 	C:\Windows\system32\d3d8thk.dll
0x000007fef97c0000 - 0x000007fef97d8000 	C:\Windows\system32\dwmapi.dll
0x000007fef9fa0000 - 0x000007fef9ff6000 	C:\Windows\system32\uxtheme.dll
0x000007fee6f10000 - 0x000007fee7faf000 	C:\Windows\system32\nvd3dumx.dll
0x000007fee9460000 - 0x000007fee9617000 	C:\Windows\system32\nvspcap64.dll
0x000007fefdde0000 - 0x000007fefdeb7000 	C:\Windows\system32\OLEAUT32.dll
0x000007fefe420000 - 0x000007fefe5f7000 	C:\Windows\system32\SETUPAPI.dll
0x000007fefd660000 - 0x000007fefd696000 	C:\Windows\system32\CFGMGR32.dll
0x000007fefd4c0000 - 0x000007fefd4da000 	C:\Windows\system32\DEVOBJ.dll
0x000007fef5050000 - 0x000007fef50c1000 	C:\Windows\system32\WINHTTP.dll
0x000007fef4fe0000 - 0x000007fef5044000 	C:\Windows\system32\webio.dll
0x000007fef8760000 - 0x000007fef8b4c000 	C:\Windows\system32\nvapi64.dll
0x000007fefd260000 - 0x000007fefd285000 	C:\Windows\system32\SspiCli.dll
0x0000000070e70000 - 0x0000000070eb3000 	C:\Program Files\Java\jdk1.8.0_101\jre\bin\glass.dll
0x000007feff5e0000 - 0x000007feff677000 	C:\Windows\system32\COMDLG32.dll
0x000007fefd2f0000 - 0x000007fefd2ff000 	C:\Windows\system32\CRYPTBASE.dll
0x000007fefab00000 - 0x000007fefab2c000 	C:\Windows\system32\powrprof.dll
0x000007fee7fb0000 - 0x000007fee8096000 	C:\Program Files (x86)\NVIDIA Corporation\3D Vision\nvSCPAPI64.dll
0x0000000070f00000 - 0x0000000070f14000 	C:\Program Files\Java\jdk1.8.0_101\jre\bin\javafx_font.dll
0x000007fee8600000 - 0x000007fee8797000 	C:\Windows\system32\dwrite.dll
0x000007feff540000 - 0x000007feff5d9000 	C:\Windows\system32\CLBCatQ.DLL
0x000007fef9500000 - 0x000007fef9661000 	C:\Windows\system32\WindowsCodecs.dll
0x000007fefd290000 - 0x000007fefd2e7000 	C:\Windows\system32\apphelp.dll
0x000007fef5f70000 - 0x000007fef60b2000 	C:\Users\Gringo\AppData\Roaming\Yandex\YandexDisk\YandexDiskOverlays-2398.dll
0x000007fef5f30000 - 0x000007fef5f65000 	C:\Windows\system32\EhStorShell.dll
0x000007fefa000000 - 0x000007fefa12c000 	C:\Windows\system32\PROPSYS.dll
0x000007fef58b0000 - 0x000007fef5f21000 	C:\PROGRA~1\MICROS~2\Office14\GROOVEEX.DLL
0x0000000072f70000 - 0x0000000073013000 	C:\Windows\WinSxS\amd64_microsoft.vc90.crt_1fc8b3b9a1e18e3b_9.0.30729.6161_none_08e61857a83bc251\MSVCR90.dll
0x0000000072e90000 - 0x0000000072f63000 	C:\Windows\WinSxS\amd64_microsoft.vc90.crt_1fc8b3b9a1e18e3b_9.0.30729.6161_none_08e61857a83bc251\MSVCP90.dll
0x0000000072e60000 - 0x0000000072e8f000 	C:\Windows\WinSxS\amd64_microsoft.vc90.atl_1fc8b3b9a1e18e3b_9.0.30729.6161_none_0a1fd3a3a768b895\ATL90.DLL
0x000007fef42a0000 - 0x000007fef46af000 	C:\PROGRA~1\COMMON~1\MICROS~1\OFFICE14\Cultures\office.odf
0x000007fef3a20000 - 0x000007fef4296000 	C:\PROGRA~1\MICROS~2\Office14\1049\GrooveIntlResource.dll
0x000007fef7e60000 - 0x000007fef7ede000 	C:\Windows\System32\cscui.dll
0x000007fef7e50000 - 0x000007fef7e5c000 	C:\Windows\System32\CSCDLL.dll
0x000007fef86a0000 - 0x000007fef86af000 	C:\Windows\system32\CSCAPI.dll
0x000007feebe80000 - 0x000007feebead000 	C:\Program Files\Common Files\Microsoft Shared\Ink\rtscom.dll
0x0000000070e50000 - 0x0000000070e61000 	C:\Program Files\Java\jdk1.8.0_101\jre\bin\prism_common.dll
0x000007fee8230000 - 0x000007fee85f4000 	C:\Windows\system32\d2d1.dll
0x000007fef7ef0000 - 0x000007fef80c5000 	C:\Windows\system32\d3d11.dll
0x000007fef80d0000 - 0x000007fef812d000 	C:\Windows\system32\dxgi.dll
0x000007fee8c20000 - 0x000007fee8e99000 	C:\Windows\system32\D3D10Warp.dll
0x000007fefd610000 - 0x000007fefd64b000 	C:\Windows\system32\WINTRUST.dll
0x000007fefd6a0000 - 0x000007fefd80d000 	C:\Windows\system32\CRYPT32.dll
0x000007fefd490000 - 0x000007fefd49f000 	C:\Windows\system32\MSASN1.dll
0x000007fefaa20000 - 0x000007fefaa4d000 	C:\Windows\system32\ntmarta.dll
0x000007fefe2c0000 - 0x000007fefe312000 	C:\Windows\system32\WLDAP32.dll
0x000007fef73d0000 - 0x000007fef744f000 	C:\Program Files\Common Files\microsoft shared\ink\tiptsf.dll
0x000007fef6a30000 - 0x000007fef6bfa000 	C:\Windows\system32\explorerframe.dll
0x000007fef9830000 - 0x000007fef9873000 	C:\Windows\system32\DUser.dll
0x000007fef9880000 - 0x000007fef9972000 	C:\Windows\system32\DUI70.dll
0x000007fef7450000 - 0x000007fef7492000 	C:\Windows\system32\msls31.dll
0x000007fef9670000 - 0x000007fef96a5000 	C:\Windows\system32\xmllite.dll
0x000007fefcc90000 - 0x000007fefcca8000 	C:\Windows\system32\CRYPTSP.dll
0x000007fefc990000 - 0x000007fefc9d7000 	C:\Windows\system32\rsaenh.dll
0x000007fefd3e0000 - 0x000007fefd3f4000 	C:\Windows\system32\RpcRtRemote.dll
0x000007feedfc0000 - 0x000007feee03b000 	C:\Windows\System32\StructuredQuery.dll
0x000007fefd220000 - 0x000007fefd22b000 	C:\Windows\System32\Secur32.dll
0x000007fef7920000 - 0x000007fef7a0e000 	C:\Windows\system32\actxprxy.dll
0x000007feec580000 - 0x000007feec63a000 	C:\Program Files\Internet Explorer\ieproxy.dll
0x000007fefd600000 - 0x000007fefd604000 	C:\Windows\system32\api-ms-win-downlevel-shlwapi-l1-1-0.dll
0x000007fef1010000 - 0x000007fef1014000 	C:\Windows\system32\api-ms-win-downlevel-shlwapi-l2-1-0.dll
0x000007fefd810000 - 0x000007fefd815000 	C:\Windows\system32\api-ms-win-downlevel-advapi32-l1-1-0.dll
0x000007fefc330000 - 0x000007fefc348000 	C:\Windows\system32\MPR.dll
0x000007fef0e50000 - 0x000007fef0e5a000 	C:\Windows\System32\drprov.dll
0x000007fefd3a0000 - 0x000007fefd3dd000 	C:\Windows\System32\WINSTA.dll
0x000007fef0d90000 - 0x000007fef0db2000 	C:\Windows\System32\ntlanman.dll
0x000007fef0d70000 - 0x000007fef0d8d000 	C:\Windows\System32\davclnt.dll
0x000007fef0d60000 - 0x000007fef0d6a000 	C:\Windows\System32\DAVHLPR.dll
0x000007fefc2e0000 - 0x000007fefc2f5000 	C:\Windows\system32\wkscli.dll
0x000007fefc300000 - 0x000007fefc30c000 	C:\Windows\system32\netutils.dll
0x000007fef09f0000 - 0x000007fef0a0f000 	C:\Windows\system32\thumbcache.dll
0x000007fee6c90000 - 0x000007fee6f01000 	C:\Windows\system32\wpdshext.dll
0x000007fef9d80000 - 0x000007fef9f96000 	C:\Windows\WinSxS\amd64_microsoft.windows.gdiplus_6595b64144ccf1df_1.1.7601.19061_none_2b299db671e86e03\gdiplus.dll
0x000007fef78e0000 - 0x000007fef7914000 	C:\Windows\system32\SHDOCVW.dll
0x000007fefad40000 - 0x000007fefbb10000 	C:\Windows\system32\ieframe.DLL
0x000007fefd4b0000 - 0x000007fefd4b4000 	C:\Windows\system32\api-ms-win-downlevel-user32-l1-1-0.dll
0x000007fefad30000 - 0x000007fefad34000 	C:\Windows\system32\api-ms-win-downlevel-shell32-l1-1-0.dll
0x000007fefd5f0000 - 0x000007fefd5f4000 	C:\Windows\system32\api-ms-win-downlevel-version-l1-1-0.dll
0x000007fefd840000 - 0x000007fefd843000 	C:\Windows\system32\api-ms-win-downlevel-normaliz-l1-1-0.dll
0x00000000778c0000 - 0x00000000778c3000 	C:\Windows\system32\normaliz.DLL
0x000007fefdec0000 - 0x000007fefe188000 	C:\Windows\system32\iertutil.dll
0x000007fef93b0000 - 0x000007fef946d000 	C:\Windows\system32\PortableDeviceApi.dll
0x000007fef94a0000 - 0x000007fef94d9000 	C:\Windows\system32\PortableDeviceTypes.dll
0x000007feecab0000 - 0x000007feecad7000 	C:\Windows\system32\EhStorAPI.dll
0x000007feea100000 - 0x000007feea211000 	C:\Users\Gringo\AppData\Roaming\Yandex\YandexDisk\YandexDiskShellExt-4724.dll
0x000007fef96f0000 - 0x000007fef96f7000 	C:\Windows\system32\MSIMG32.dll
0x000007feff790000 - 0x000007feff9f9000 	C:\Windows\system32\WININET.dll
0x000007fefd820000 - 0x000007fefd83e000 	C:\Windows\system32\USERENV.dll
0x000007fee9820000 - 0x000007fee98f7000 	C:\Windows\system32\SearchFolder.dll
0x000007fef0350000 - 0x000007fef03d0000 	C:\Windows\system32\ntshrui.dll
0x000007fefd010000 - 0x000007fefd033000 	C:\Windows\system32\srvcli.dll
0x000007fef8ea0000 - 0x000007fef8eab000 	C:\Windows\system32\slc.dll
0x000007fef0e60000 - 0x000007fef0ffc000 	C:\Windows\system32\NetworkExplorer.dll
0x000007fef78d0000 - 0x000007fef78dc000 	C:\Windows\system32\LINKINFO.dll

VM Arguments:
jvm_args: -Dfile.encoding=UTF-8 
java_command: C:\Users\Gringo\Desktop\AdcE440DataFilesGraph_3\dist\run602614944\AdcE440DataFilesGraph.jar
java_class_path (initial): C:\Users\Gringo\Desktop\AdcE440DataFilesGraph_3\dist\run602614944\AdcE440DataFilesGraph.jar
Launcher Type: SUN_STANDARD

Environment Variables:
JAVA_HOME=C:\Program Files\Java\jdk1.8.0_101
PATH=C:\oraclexe\app\oracle\product\11.2.0\server\bin;;C:\ProgramData\Oracle\Java\javapath;C:\Windows\system32;C:\Windows;C:\Windows\System32\Wbem;C:\Windows\System32\WindowsPowerShell\v1.0\;C:\Program Files\7-Zip;C:\Program Files (x86)\NVIDIA Corporation\PhysX\Common;C:\Program Files\Java\jdk1.8.0_101\bin;C:\Program Files\Git\cmd;C:\apache-maven-3.3.9\bin;C:\Program Files (x86)\Skype\Phone\
USERNAME=Gringo
OS=Windows_NT
PROCESSOR_IDENTIFIER=AMD64 Family 15 Model 67 Stepping 3, AuthenticAMD



---------------  S Y S T E M  ---------------

OS: Windows 7 , 64 bit Build 7601 (6.1.7601.23250)

CPU:total 2 (2 cores per cpu, 1 threads per core) family 15 model 67 stepping 3, cmov, cx8, fxsr, mmx, sse, sse2, sse3, mmxext, 3dnowpref, tsc

Memory: 4k page, physical 6289912k(2430668k free), swap 12577968k(7292264k free)

vm_info: Java HotSpot(TM) 64-Bit Server VM (25.101-b13) for windows-amd64 JRE (1.8.0_101-b13), built on Jun 22 2016 01:21:29 by "java_re" with MS VC++ 10.0 (VS2010)

time: Wed Apr 19 14:27:40 2017
elapsed time: 59 seconds (0d 0h 0m 59s)

