#
# A fatal error has been detected by the Java Runtime Environment:
#
#  EXCEPTION_ACCESS_VIOLATION (0xc0000005) at pc=0x0000000071525a43, pid=3112, tid=0x0000000000001770
#
# JRE version: Java(TM) SE Runtime Environment (8.0_101-b13) (build 1.8.0_101-b13)
# Java VM: Java HotSpot(TM) 64-Bit Server VM (25.101-b13 mixed mode windows-amd64 compressed oops)
# Problematic frame:
# C  [prism_common.dll+0x5a43]
#
# Failed to write core dump. Minidumps are not enabled by default on client versions of Windows
#
# If you would like to submit a bug report, please visit:
#   http://bugreport.java.com/bugreport/crash.jsp
# The crash happened outside the Java Virtual Machine in native code.
# See problematic frame for where to report the bug.
#

---------------  T H R E A D  ---------------

Current thread (0x0000000057646000):  JavaThread "QuantumRenderer-0" daemon [_thread_in_native, id=6000, stack(0x0000000057a70000,0x0000000057b70000)]

siginfo: ExceptionCode=0xc0000005, reading address 0xffffe0005b4602a8

Registers:
RAX=0x000000005b4602a0, RBX=0x0000000057b6d0c0, RCX=0xffffe00000000008, RDX=0x0000000000000000
RSP=0x0000000057b6cc70, RBP=0x00000000000001e0, RSI=0xffffffffa4b95384, RDI=0x000000005b46ac80
R8 =0x0000000000002a74, R9 =0x000000005b46ac88, R10=0x0000000000000a9d, R11=0x0000000000002a76
R12=0xffffffffa4b95378, R13=0x0000000000002a76, R14=0x00000000000001e8, R15=0xffffffffa4b95380
RIP=0x0000000071525a43, EFLAGS=0x0000000000010202

Top of Stack: (sp=0x0000000057b6cc70)
0x0000000057b6cc70:   407e700000000000 0000000000000000
0x0000000057b6cc80:   0000000000000000 0000000000000000
0x0000000057b6cc90:   0000000044254000 0000000000000000
0x0000000057b6cca0:   0000000041280000 0000000000000000
0x0000000057b6ccb0:   0000000000000000 0000000000000000
0x0000000057b6ccc0:   0000000000000000 0000000000000000
0x0000000057b6ccd0:   000000003f800000 0000000000000000
0x0000000057b6cce0:   00000000452c4000 0000000000000000
0x0000000057b6ccf0:   0000000043f40000 0000000000000000
0x0000000057b6cd00:   000000000000002e 00000000e0a75b30
0x0000000057b6cd10:   0000000057b6d300 0000000000000004
0x0000000057b6cd20:   0000000057b6d0c0 0000000071524e6f
0x0000000057b6cd30:   0000000000000000 0000000000000000
0x0000000057b6cd40:   0000000000000000 0000000057b6d1a0
0x0000000057b6cd50:   00000000000054f6 0000000040400000
0x0000000057b6cd60:   0000000043a60000 0000000000000000 

Instructions: (pc=0x0000000071525a43)
0x0000000071525a23:   68 4b 8d 14 0c 8b 0c 02 41 89 49 f8 48 8b 43 68
0x0000000071525a33:   8b 4c 02 04 41 89 49 fc 48 8b 43 68 4b 8d 0c 0f
0x0000000071525a43:   8b 0c 01 41 89 09 48 8b 43 68 4a 8d 0c 0e 8b 0c
0x0000000071525a53:   01 4d 8d 49 10 41 89 49 f4 49 ff ca 75 bf 44 8b 


Register to memory mapping:

RAX=0x000000005b4602a0 is an unknown value
RBX=0x0000000057b6d0c0 is pointing into the stack for thread: 0x0000000057646000
RCX=0xffffe00000000008 is an unknown value
RDX=0x0000000000000000 is an unknown value
RSP=0x0000000057b6cc70 is pointing into the stack for thread: 0x0000000057646000
RBP=0x00000000000001e0 is an unknown value
RSI=0xffffffffa4b95384 is an unknown value
RDI=0x000000005b46ac80 is an unknown value
R8 =0x0000000000002a74 is an unknown value
R9 =0x000000005b46ac88 is an unknown value
R10=0x0000000000000a9d is an unknown value
R11=0x0000000000002a76 is an unknown value
R12=0xffffffffa4b95378 is an unknown value
R13=0x0000000000002a76 is an unknown value
R14=0x00000000000001e8 is an unknown value
R15=0xffffffffa4b95380 is an unknown value


Stack: [0x0000000057a70000,0x0000000057b70000],  sp=0x0000000057b6cc70,  free space=1011k
Native frames: (J=compiled Java code, j=interpreted, Vv=VM code, C=native code)
C  [prism_common.dll+0x5a43]
C  [prism_common.dll+0x4e6f]
C  [prism_common.dll+0x8c7c]
C  [prism_common.dll+0x6d94]
C  [prism_common.dll+0x2e8f]
C  [prism_common.dll+0x1cee]
C  [prism_common.dll+0x4a72]
C  [prism_common.dll+0x4649]
C  0x0000000002935994

Java frames: (J=compiled Java code, j=interpreted, Vv=VM code)
j  com.sun.prism.impl.shape.NativePiscesRasterizer.produceStrokeAlphas([F[BIFIIF[FFDDDDDD[I[B)V+0
j  com.sun.prism.impl.shape.NativePiscesRasterizer.getMaskData(Lcom/sun/javafx/geom/Shape;Lcom/sun/prism/BasicStroke;Lcom/sun/javafx/geom/RectBounds;Lcom/sun/javafx/geom/transform/BaseTransform;ZZ)Lcom/sun/prism/impl/shape/MaskData;+487
j  com.sun.prism.impl.shape.ShapeUtil.rasterizeShape(Lcom/sun/javafx/geom/Shape;Lcom/sun/prism/BasicStroke;Lcom/sun/javafx/geom/RectBounds;Lcom/sun/javafx/geom/transform/BaseTransform;ZZ)Lcom/sun/prism/impl/shape/MaskData;+11
j  com.sun.prism.impl.ps.BaseShaderGraphics.renderShape(Lcom/sun/javafx/geom/Shape;Lcom/sun/prism/BasicStroke;FFFF)V+40
j  com.sun.prism.impl.BaseGraphics.draw(Lcom/sun/javafx/geom/Shape;)V+136
j  com.sun.prism.impl.ps.CachingShapeRepState.drawNoCache(Lcom/sun/prism/Graphics;Lcom/sun/javafx/geom/Shape;)V+2
j  com.sun.prism.impl.ps.CachingShapeRepState.render(Lcom/sun/prism/Graphics;Lcom/sun/javafx/geom/Shape;Lcom/sun/javafx/geom/RectBounds;Lcom/sun/prism/BasicStroke;)V+241
j  com.sun.prism.impl.ps.CachingShapeRep.draw(Lcom/sun/prism/Graphics;Lcom/sun/javafx/geom/Shape;Lcom/sun/javafx/geom/BaseBounds;)V+31
j  com.sun.javafx.sg.prism.NGShape.renderContent2D(Lcom/sun/prism/Graphics;Z)V+144
j  com.sun.javafx.sg.prism.NGShape.renderContent(Lcom/sun/prism/Graphics;)V+454
j  com.sun.javafx.sg.prism.NGNode.doRender(Lcom/sun/prism/Graphics;)V+330
j  com.sun.javafx.sg.prism.NGNode.render(Lcom/sun/prism/Graphics;)V+34
j  com.sun.javafx.sg.prism.NGGroup.renderContent(Lcom/sun/prism/Graphics;)V+160
j  com.sun.javafx.sg.prism.NGNode.renderForClip(Lcom/sun/prism/Graphics;)V+17
j  com.sun.javafx.sg.prism.NGNode.renderRectClip(Lcom/sun/prism/Graphics;Lcom/sun/javafx/sg/prism/NGRectangle;)V+106
j  com.sun.javafx.sg.prism.NGNode.renderClip(Lcom/sun/prism/Graphics;)V+83
j  com.sun.javafx.sg.prism.NGNode.doRender(Lcom/sun/prism/Graphics;)V+285
j  com.sun.javafx.sg.prism.NGNode.render(Lcom/sun/prism/Graphics;)V+34
j  com.sun.javafx.sg.prism.NGGroup.renderContent(Lcom/sun/prism/Graphics;)V+160
j  com.sun.javafx.sg.prism.NGRegion.renderContent(Lcom/sun/prism/Graphics;)V+111
j  com.sun.javafx.sg.prism.NGNode.doRender(Lcom/sun/prism/Graphics;)V+330
j  com.sun.javafx.sg.prism.NGNode.render(Lcom/sun/prism/Graphics;)V+34
j  com.sun.javafx.sg.prism.NGGroup.renderContent(Lcom/sun/prism/Graphics;)V+160
j  com.sun.javafx.sg.prism.NGRegion.renderContent(Lcom/sun/prism/Graphics;)V+111
j  com.sun.javafx.sg.prism.NGNode.doRender(Lcom/sun/prism/Graphics;)V+330
j  com.sun.javafx.sg.prism.NGNode.render(Lcom/sun/prism/Graphics;)V+34
j  com.sun.javafx.sg.prism.NGGroup.renderContent(Lcom/sun/prism/Graphics;)V+160
j  com.sun.javafx.sg.prism.NGRegion.renderContent(Lcom/sun/prism/Graphics;)V+111
j  com.sun.javafx.sg.prism.NGNode.doRender(Lcom/sun/prism/Graphics;)V+330
j  com.sun.javafx.sg.prism.NGNode.render(Lcom/sun/prism/Graphics;)V+34
j  com.sun.javafx.sg.prism.NGGroup.renderContent(Lcom/sun/prism/Graphics;)V+160
j  com.sun.javafx.sg.prism.NGRegion.renderContent(Lcom/sun/prism/Graphics;)V+111
j  com.sun.javafx.sg.prism.NGNode.doRender(Lcom/sun/prism/Graphics;)V+330
j  com.sun.javafx.sg.prism.NGNode.render(Lcom/sun/prism/Graphics;)V+34
j  com.sun.javafx.tk.quantum.ViewPainter.doPaint(Lcom/sun/prism/Graphics;Lcom/sun/javafx/sg/prism/NodePath;)V+201
j  com.sun.javafx.tk.quantum.ViewPainter.paintImpl(Lcom/sun/prism/Graphics;)V+982
j  com.sun.javafx.tk.quantum.PresentingPainter.run()V+326
j  java.util.concurrent.Executors$RunnableAdapter.call()Ljava/lang/Object;+4
j  java.util.concurrent.FutureTask.runAndReset()Z+47
j  com.sun.javafx.tk.RenderJob.run()V+1
j  java.util.concurrent.ThreadPoolExecutor.runWorker(Ljava/util/concurrent/ThreadPoolExecutor$Worker;)V+95
j  java.util.concurrent.ThreadPoolExecutor$Worker.run()V+5
j  com.sun.javafx.tk.quantum.QuantumRenderer$PipelineRunnable.run()V+8
j  java.lang.Thread.run()V+11
v  ~StubRoutines::call_stub

---------------  P R O C E S S  ---------------

Java Threads: ( => current thread )
  0x0000000059f24000 JavaThread "Prism Font Disposer" daemon [_thread_blocked, id=1516, stack(0x000000005c840000,0x000000005c940000)]
  0x000000005780c800 JavaThread "JavaFX-Launcher" [_thread_blocked, id=2516, stack(0x00000000599e0000,0x0000000059ae0000)]
  0x00000000577f5000 JavaThread "Thread-2" daemon [_thread_in_native, id=5576, stack(0x00000000598d0000,0x00000000599d0000)]
  0x000000005766f000 JavaThread "JavaFX Application Thread" [_thread_in_native, id=3048, stack(0x0000000058440000,0x0000000058540000)]
  0x000000005766b800 JavaThread "Thread-1" daemon [_thread_blocked, id=5836, stack(0x0000000058300000,0x0000000058400000)]
=>0x0000000057646000 JavaThread "QuantumRenderer-0" daemon [_thread_in_native, id=6000, stack(0x0000000057a70000,0x0000000057b70000)]
  0x000000005605b800 JavaThread "Service Thread" daemon [_thread_blocked, id=3600, stack(0x0000000057940000,0x0000000057a40000)]
  0x0000000056056800 JavaThread "C1 CompilerThread1" daemon [_thread_blocked, id=4416, stack(0x0000000057360000,0x0000000057460000)]
  0x0000000056000000 JavaThread "C2 CompilerThread0" daemon [_thread_blocked, id=4228, stack(0x0000000056c80000,0x0000000056d80000)]
  0x0000000055ffb000 JavaThread "Attach Listener" daemon [_thread_blocked, id=1368, stack(0x0000000057180000,0x0000000057280000)]
  0x0000000055ff9800 JavaThread "Signal Dispatcher" daemon [_thread_blocked, id=2552, stack(0x0000000056ef0000,0x0000000056ff0000)]
  0x0000000055fde800 JavaThread "Finalizer" daemon [_thread_blocked, id=4492, stack(0x0000000056db0000,0x0000000056eb0000)]
  0x0000000055f95000 JavaThread "Reference Handler" daemon [_thread_blocked, id=5352, stack(0x0000000056b60000,0x0000000056c60000)]
  0x000000000016e000 JavaThread "main" [_thread_blocked, id=5428, stack(0x0000000002550000,0x0000000002650000)]

Other Threads:
  0x0000000055f8d000 VMThread [stack: 0x0000000056930000,0x0000000056a30000] [id=4640]
  0x0000000057472800 WatcherThread [stack: 0x0000000057020000,0x0000000057120000] [id=1052]

VM state:not at safepoint (normal execution)

VM Mutex/Monitor currently owned by a thread: None

Heap:
 PSYoungGen      total 28672K, used 18636K [0x00000000e0000000, 0x00000000e2000000, 0x0000000100000000)
  eden space 24576K, 60% used [0x00000000e0000000,0x00000000e0e7f018,0x00000000e1800000)
  from space 4096K, 92% used [0x00000000e1800000,0x00000000e1bb4030,0x00000000e1c00000)
  to   space 4096K, 0% used [0x00000000e1c00000,0x00000000e1c00000,0x00000000e2000000)
 ParOldGen       total 65536K, used 80K [0x00000000a0000000, 0x00000000a4000000, 0x00000000e0000000)
  object space 65536K, 0% used [0x00000000a0000000,0x00000000a0014010,0x00000000a4000000)
 Metaspace       used 16996K, capacity 17774K, committed 17920K, reserved 1064960K
  class space    used 2538K, capacity 2731K, committed 2816K, reserved 1048576K

Card table byte_map: [0x0000000011ce0000,0x0000000011ff0000] byte_map_base: 0x00000000117e0000

Marking Bits: (ParMarkBitMap*) 0x000000006fcba6d0
 Begin Bits: [0x0000000012360000, 0x0000000013b60000)
 End Bits:   [0x0000000013b60000, 0x0000000015360000)

Polling page: 0x0000000000140000

CodeCache: size=245760Kb used=4448Kb max_used=4448Kb free=241311Kb
 bounds [0x0000000002920000, 0x0000000002d80000, 0x0000000011920000]
 total_blobs=2028 nmethods=1383 adapters=559
 compilation: enabled

Compilation events (10 events):
Event: 3.364 Thread 0x0000000056056800 1381       3       com.sun.javafx.geom.Shape::pointCrossingsForLine (110 bytes)
Event: 3.365 Thread 0x0000000056056800 nmethod 1381 0x0000000002d784d0 code [0x0000000002d78640, 0x0000000002d78c10]
Event: 3.365 Thread 0x0000000056056800 1382       1       com.sun.javafx.geom.PickRay::getOriginNoClone (5 bytes)
Event: 3.365 Thread 0x0000000056056800 nmethod 1382 0x0000000002d78c90 code [0x0000000002d78de0, 0x0000000002d78ef0]
Event: 3.365 Thread 0x0000000056056800 1383       3       java.lang.StrictMath::floorOrCeil (128 bytes)
Event: 3.365 Thread 0x0000000056056800 nmethod 1383 0x0000000002d78f50 code [0x0000000002d790c0, 0x0000000002d79550]
Event: 3.365 Thread 0x0000000056056800 1384       3       com.sun.javafx.geom.Path2D$Iterator::next (35 bytes)
Event: 3.365 Thread 0x0000000056056800 nmethod 1384 0x0000000002d79650 code [0x0000000002d797c0, 0x0000000002d79990]
Event: 3.365 Thread 0x0000000056056800 1385       3       com.sun.openpisces.Stroker::emitLineTo (12 bytes)
Event: 3.366 Thread 0x0000000056056800 nmethod 1385 0x0000000002d79b10 code [0x0000000002d79c80, 0x0000000002d79ea8]

GC Heap History (2 events):
Event: 2.413 GC heap before
{Heap before GC invocations=1 (full 0):
 PSYoungGen      total 28672K, used 24576K [0x00000000e0000000, 0x00000000e2000000, 0x0000000100000000)
  eden space 24576K, 100% used [0x00000000e0000000,0x00000000e1800000,0x00000000e1800000)
  from space 4096K, 0% used [0x00000000e1c00000,0x00000000e1c00000,0x00000000e2000000)
  to   space 4096K, 0% used [0x00000000e1800000,0x00000000e1800000,0x00000000e1c00000)
 ParOldGen       total 65536K, used 0K [0x00000000a0000000, 0x00000000a4000000, 0x00000000e0000000)
  object space 65536K, 0% used [0x00000000a0000000,0x00000000a0000000,0x00000000a4000000)
 Metaspace       used 13698K, capacity 14296K, committed 14336K, reserved 1060864K
  class space    used 1889K, capacity 2048K, committed 2048K, reserved 1048576K
Event: 2.425 GC heap after
Heap after GC invocations=1 (full 0):
 PSYoungGen      total 28672K, used 3792K [0x00000000e0000000, 0x00000000e2000000, 0x0000000100000000)
  eden space 24576K, 0% used [0x00000000e0000000,0x00000000e0000000,0x00000000e1800000)
  from space 4096K, 92% used [0x00000000e1800000,0x00000000e1bb4030,0x00000000e1c00000)
  to   space 4096K, 0% used [0x00000000e1c00000,0x00000000e1c00000,0x00000000e2000000)
 ParOldGen       total 65536K, used 80K [0x00000000a0000000, 0x00000000a4000000, 0x00000000e0000000)
  object space 65536K, 0% used [0x00000000a0000000,0x00000000a0014010,0x00000000a4000000)
 Metaspace       used 13698K, capacity 14296K, committed 14336K, reserved 1060864K
  class space    used 1889K, capacity 2048K, committed 2048K, reserved 1048576K
}

Deoptimization events (10 events):
Event: 2.238 Thread 0x000000005766f000 Uncommon trap: reason=class_check action=maybe_recompile pc=0x0000000002bb9d50 method=java.io.DataInputStream.readShort()S @ 4
Event: 2.238 Thread 0x000000005766f000 Uncommon trap: reason=class_check action=maybe_recompile pc=0x0000000002bb9d50 method=java.io.DataInputStream.readShort()S @ 4
Event: 2.238 Thread 0x000000005766f000 Uncommon trap: reason=class_check action=maybe_recompile pc=0x0000000002bb9d50 method=java.io.DataInputStream.readShort()S @ 4
Event: 2.238 Thread 0x000000005766f000 Uncommon trap: reason=class_check action=maybe_recompile pc=0x0000000002bb9d50 method=java.io.DataInputStream.readShort()S @ 4
Event: 2.253 Thread 0x000000005766f000 Uncommon trap: reason=class_check action=maybe_recompile pc=0x0000000002a3cf20 method=java.lang.String.equals(Ljava/lang/Object;)Z @ 8
Event: 2.253 Thread 0x000000005766f000 Uncommon trap: reason=class_check action=maybe_recompile pc=0x0000000002a3cf20 method=java.lang.String.equals(Ljava/lang/Object;)Z @ 8
Event: 2.253 Thread 0x000000005766f000 Uncommon trap: reason=class_check action=maybe_recompile pc=0x0000000002a3cf20 method=java.lang.String.equals(Ljava/lang/Object;)Z @ 8
Event: 2.256 Thread 0x000000005766f000 Uncommon trap: reason=class_check action=maybe_recompile pc=0x0000000002a3cf20 method=java.lang.String.equals(Ljava/lang/Object;)Z @ 8
Event: 2.495 Thread 0x000000005766f000 Uncommon trap: reason=unstable_if action=reinterpret pc=0x0000000002ae5980 method=java.lang.CharacterData.of(I)Ljava/lang/CharacterData; @ 4
Event: 3.021 Thread 0x000000005766f000 Uncommon trap: reason=unstable_if action=reinterpret pc=0x0000000002cb58d8 method=java.lang.String.regionMatches(ZILjava/lang/String;II)Z @ 123

Internal exceptions (10 events):
Event: 0.246 Thread 0x000000000016e000 Exception <a 'java/lang/NullPointerException'> (0x00000000e029ba08) thrown at [C:\re\workspace\8-2-build-windows-amd64-cygwin\jdk8u101\7261\hotspot\src\share\vm\interpreter\linkResolver.cpp, line 1178]
Event: 1.401 Thread 0x000000005766f000 Exception <a 'java/lang/NullPointerException'> (0x00000000e0bd4948) thrown at [C:\re\workspace\8-2-build-windows-amd64-cygwin\jdk8u101\7261\hotspot\src\share\vm\interpreter\linkResolver.cpp, line 1178]
Event: 1.401 Thread 0x000000005766f000 Exception <a 'java/lang/NullPointerException'> (0x00000000e0bd4948) thrown at [C:\re\workspace\8-2-build-windows-amd64-cygwin\jdk8u101\7261\hotspot\src\share\vm\prims\jvm.cpp, line 1390]
Event: 1.656 Thread 0x000000005766f000 Exception <a 'java/lang/ArrayIndexOutOfBoundsException'> (0x00000000e10212f0) thrown at [C:\re\workspace\8-2-build-windows-amd64-cygwin\jdk8u101\7261\hotspot\src\share\vm\runtime\sharedRuntime.cpp, line 605]
Event: 1.657 Thread 0x000000005766f000 Exception <a 'java/lang/ArrayIndexOutOfBoundsException'> (0x00000000e1021e38) thrown at [C:\re\workspace\8-2-build-windows-amd64-cygwin\jdk8u101\7261\hotspot\src\share\vm\runtime\sharedRuntime.cpp, line 605]
Event: 1.657 Thread 0x000000005766f000 Exception <a 'java/lang/ArrayIndexOutOfBoundsException'> (0x00000000e10231e0) thrown at [C:\re\workspace\8-2-build-windows-amd64-cygwin\jdk8u101\7261\hotspot\src\share\vm\runtime\sharedRuntime.cpp, line 605]
Event: 1.658 Thread 0x000000005766f000 Exception <a 'java/lang/ArrayIndexOutOfBoundsException'> (0x00000000e10254f0) thrown at [C:\re\workspace\8-2-build-windows-amd64-cygwin\jdk8u101\7261\hotspot\src\share\vm\runtime\sharedRuntime.cpp, line 605]
Event: 2.928 Thread 0x000000005766f000 Exception <a 'java/lang/ArrayIndexOutOfBoundsException'> (0x00000000e06326b8) thrown at [C:\re\workspace\8-2-build-windows-amd64-cygwin\jdk8u101\7261\hotspot\src\share\vm\runtime\sharedRuntime.cpp, line 605]
Event: 2.954 Thread 0x000000005766f000 Exception <a 'java/lang/ArrayIndexOutOfBoundsException'> (0x00000000e0684f48) thrown at [C:\re\workspace\8-2-build-windows-amd64-cygwin\jdk8u101\7261\hotspot\src\share\vm\runtime\sharedRuntime.cpp, line 605]
Event: 2.958 Thread 0x000000005766f000 Exception <a 'java/lang/ArrayIndexOutOfBoundsException'> (0x00000000e0695838) thrown at [C:\re\workspace\8-2-build-windows-amd64-cygwin\jdk8u101\7261\hotspot\src\share\vm\runtime\sharedRuntime.cpp, line 605]

Events (10 events):
Event: 3.349 loading class com/sun/javafx/sg/prism/RegionImageCache$CachedImage
Event: 3.350 loading class com/sun/javafx/sg/prism/RegionImageCache$CachedImage done
Event: 3.351 loading class com/sun/prism/shader/Mask_TextureSuper_Loader
Event: 3.351 loading class com/sun/prism/shader/Mask_TextureSuper_Loader done
Event: 3.352 loading class com/sun/javafx/geom/transform/Affine2D$1
Event: 3.352 loading class com/sun/javafx/geom/transform/Affine2D$1 done
Event: 3.353 loading class com/sun/scenario/effect/ImageData$1
Event: 3.353 loading class com/sun/scenario/effect/ImageData$1 done
Event: 3.360 loading class com/sun/javafx/sg/prism/NGPerspectiveCamera
Event: 3.360 loading class com/sun/javafx/sg/prism/NGPerspectiveCamera done


Dynamic libraries:
0x000000013fab0000 - 0x000000013fae7000 	C:\Program Files\Java\jdk1.8.0_101\jre\bin\java.exe
0x00000000776f0000 - 0x0000000077899000 	C:\Windows\SYSTEM32\ntdll.dll
0x00000000775d0000 - 0x00000000776f0000 	C:\Windows\system32\kernel32.dll
0x000007fefd580000 - 0x000007fefd5eb000 	C:\Windows\system32\KERNELBASE.dll
0x000007fefe6d0000 - 0x000007fefe7ab000 	C:\Windows\system32\ADVAPI32.dll
0x000007feff6f0000 - 0x000007feff78f000 	C:\Windows\system32\msvcrt.dll
0x000007fefe3a0000 - 0x000007fefe3bf000 	C:\Windows\SYSTEM32\sechost.dll
0x000007fefdca0000 - 0x000007fefddcd000 	C:\Windows\system32\RPCRT4.dll
0x00000000774d0000 - 0x00000000775ca000 	C:\Windows\system32\USER32.dll
0x000007feff680000 - 0x000007feff6e7000 	C:\Windows\system32\GDI32.dll
0x000007fefddd0000 - 0x000007fefddde000 	C:\Windows\system32\LPK.dll
0x000007fefe600000 - 0x000007fefe6ca000 	C:\Windows\system32\USP10.dll
0x000007fefab30000 - 0x000007fefad24000 	C:\Windows\WinSxS\amd64_microsoft.windows.common-controls_6595b64144ccf1df_6.0.7601.18837_none_fa3b1e3d17594757\COMCTL32.dll
0x000007fefdbf0000 - 0x000007fefdc61000 	C:\Windows\system32\SHLWAPI.dll
0x000007fefdc70000 - 0x000007fefdc9e000 	C:\Windows\system32\IMM32.DLL
0x000007fefe1b0000 - 0x000007fefe2b9000 	C:\Windows\system32\MSCTF.dll
0x0000000074a70000 - 0x0000000074b42000 	C:\Program Files\Java\jdk1.8.0_101\jre\bin\msvcr100.dll
0x000000006f4a0000 - 0x000000006fd3a000 	C:\Program Files\Java\jdk1.8.0_101\jre\bin\server\jvm.dll
0x000007fef78c0000 - 0x000007fef78c9000 	C:\Windows\system32\WSOCK32.dll
0x000007fefe3d0000 - 0x000007fefe41d000 	C:\Windows\system32\WS2_32.dll
0x000007fefe3c0000 - 0x000007fefe3c8000 	C:\Windows\system32\NSI.dll
0x000007fef8660000 - 0x000007fef869b000 	C:\Windows\system32\WINMM.dll
0x000007fefc430000 - 0x000007fefc43c000 	C:\Windows\system32\VERSION.dll
0x00000000778b0000 - 0x00000000778b7000 	C:\Windows\system32\PSAPI.DLL
0x0000000074be0000 - 0x0000000074bef000 	C:\Program Files\Java\jdk1.8.0_101\jre\bin\verify.dll
0x0000000074a40000 - 0x0000000074a69000 	C:\Program Files\Java\jdk1.8.0_101\jre\bin\java.dll
0x0000000074a20000 - 0x0000000074a36000 	C:\Program Files\Java\jdk1.8.0_101\jre\bin\zip.dll
0x000007fefe7b0000 - 0x000007feff539000 	C:\Windows\system32\SHELL32.dll
0x000007fefd9e0000 - 0x000007fefdbe3000 	C:\Windows\system32\ole32.dll
0x000007fefd4a0000 - 0x000007fefd4af000 	C:\Windows\system32\profapi.dll
0x000007fee97e0000 - 0x000007fee98cf000 	C:\Program Files\Java\jdk1.8.0_101\jre\bin\msvcr120.dll
0x000007fee93b0000 - 0x000007fee9456000 	C:\Program Files\Java\jdk1.8.0_101\jre\bin\msvcp120.dll
0x0000000071540000 - 0x0000000071562000 	C:\Program Files\Java\jdk1.8.0_101\jre\bin\prism_d3d.dll
0x000007feecf00000 - 0x000007feed0ff000 	C:\Windows\system32\d3d9.dll
0x000007feed190000 - 0x000007feed197000 	C:\Windows\system32\d3d8thk.dll
0x000007fef97c0000 - 0x000007fef97d8000 	C:\Windows\system32\dwmapi.dll
0x000007fef9fa0000 - 0x000007fef9ff6000 	C:\Windows\system32\uxtheme.dll
0x000007fee6f10000 - 0x000007fee7faf000 	C:\Windows\system32\nvd3dumx.dll
0x000007fee9460000 - 0x000007fee9617000 	C:\Windows\system32\nvspcap64.dll
0x000007fefdde0000 - 0x000007fefdeb7000 	C:\Windows\system32\OLEAUT32.dll
0x000007fefe420000 - 0x000007fefe5f7000 	C:\Windows\system32\SETUPAPI.dll
0x000007fefd660000 - 0x000007fefd696000 	C:\Windows\system32\CFGMGR32.dll
0x000007fefd4c0000 - 0x000007fefd4da000 	C:\Windows\system32\DEVOBJ.dll
0x000007fef5050000 - 0x000007fef50c1000 	C:\Windows\system32\WINHTTP.dll
0x000007fef4fe0000 - 0x000007fef5044000 	C:\Windows\system32\webio.dll
0x000007fef8760000 - 0x000007fef8b4c000 	C:\Windows\system32\nvapi64.dll
0x000007fefd260000 - 0x000007fefd285000 	C:\Windows\system32\SspiCli.dll
0x00000000714a0000 - 0x00000000714e3000 	C:\Program Files\Java\jdk1.8.0_101\jre\bin\glass.dll
0x000007feff5e0000 - 0x000007feff677000 	C:\Windows\system32\COMDLG32.dll
0x000007fefd2f0000 - 0x000007fefd2ff000 	C:\Windows\system32\CRYPTBASE.dll
0x000007fefab00000 - 0x000007fefab2c000 	C:\Windows\system32\powrprof.dll
0x000007fee7fb0000 - 0x000007fee8096000 	C:\Program Files (x86)\NVIDIA Corporation\3D Vision\nvSCPAPI64.dll
0x0000000071580000 - 0x0000000071594000 	C:\Program Files\Java\jdk1.8.0_101\jre\bin\javafx_font.dll
0x000007fee8b60000 - 0x000007fee8cf7000 	C:\Windows\system32\dwrite.dll
0x000007feff540000 - 0x000007feff5d9000 	C:\Windows\system32\CLBCatQ.DLL
0x000007fef9500000 - 0x000007fef9661000 	C:\Windows\system32\WindowsCodecs.dll
0x000007fefd290000 - 0x000007fefd2e7000 	C:\Windows\system32\apphelp.dll
0x000007fef5f70000 - 0x000007fef60b2000 	C:\Users\Gringo\AppData\Roaming\Yandex\YandexDisk\YandexDiskOverlays-2398.dll
0x000007fef5f30000 - 0x000007fef5f65000 	C:\Windows\system32\EhStorShell.dll
0x000007fefa000000 - 0x000007fefa12c000 	C:\Windows\system32\PROPSYS.dll
0x000007fef58b0000 - 0x000007fef5f21000 	C:\PROGRA~1\MICROS~2\Office14\GROOVEEX.DLL
0x0000000072f70000 - 0x0000000073013000 	C:\Windows\WinSxS\amd64_microsoft.vc90.crt_1fc8b3b9a1e18e3b_9.0.30729.6161_none_08e61857a83bc251\MSVCR90.dll
0x0000000072e90000 - 0x0000000072f63000 	C:\Windows\WinSxS\amd64_microsoft.vc90.crt_1fc8b3b9a1e18e3b_9.0.30729.6161_none_08e61857a83bc251\MSVCP90.dll
0x0000000072e60000 - 0x0000000072e8f000 	C:\Windows\WinSxS\amd64_microsoft.vc90.atl_1fc8b3b9a1e18e3b_9.0.30729.6161_none_0a1fd3a3a768b895\ATL90.DLL
0x000007fef42a0000 - 0x000007fef46af000 	C:\PROGRA~1\COMMON~1\MICROS~1\OFFICE14\Cultures\office.odf
0x000007fef3a20000 - 0x000007fef4296000 	C:\PROGRA~1\MICROS~2\Office14\1049\GrooveIntlResource.dll
0x000007fef7e60000 - 0x000007fef7ede000 	C:\Windows\System32\cscui.dll
0x000007fef7e50000 - 0x000007fef7e5c000 	C:\Windows\System32\CSCDLL.dll
0x000007fef86a0000 - 0x000007fef86af000 	C:\Windows\system32\CSCAPI.dll
0x000007feebe80000 - 0x000007feebead000 	C:\Program Files\Common Files\Microsoft Shared\Ink\rtscom.dll
0x0000000071520000 - 0x0000000071531000 	C:\Program Files\Java\jdk1.8.0_101\jre\bin\prism_common.dll
0x000007fee8790000 - 0x000007fee8b54000 	C:\Windows\system32\d2d1.dll
0x000007fef7ef0000 - 0x000007fef80c5000 	C:\Windows\system32\d3d11.dll
0x000007fef80d0000 - 0x000007fef812d000 	C:\Windows\system32\dxgi.dll
0x000007fee8510000 - 0x000007fee8789000 	C:\Windows\system32\D3D10Warp.dll
0x000007fefd610000 - 0x000007fefd64b000 	C:\Windows\system32\WINTRUST.dll
0x000007fefd6a0000 - 0x000007fefd80d000 	C:\Windows\system32\CRYPT32.dll
0x000007fefd490000 - 0x000007fefd49f000 	C:\Windows\system32\MSASN1.dll
0x000007fefa360000 - 0x000007fefa485000 	C:\Windows\system32\dbghelp.dll

VM Arguments:
jvm_args: -Dfile.encoding=UTF-8 
java_command: C:\Users\Gringo\Desktop\AdcE440DataFilesGraph_3\dist\run1348542082\AdcE440DataFilesGraph.jar
java_class_path (initial): C:\Users\Gringo\Desktop\AdcE440DataFilesGraph_3\dist\run1348542082\AdcE440DataFilesGraph.jar
Launcher Type: SUN_STANDARD

Environment Variables:
JAVA_HOME=C:\Program Files\Java\jdk1.8.0_101
PATH=C:\oraclexe\app\oracle\product\11.2.0\server\bin;;C:\ProgramData\Oracle\Java\javapath;C:\Windows\system32;C:\Windows;C:\Windows\System32\Wbem;C:\Windows\System32\WindowsPowerShell\v1.0\;C:\Program Files\7-Zip;C:\Program Files (x86)\NVIDIA Corporation\PhysX\Common;C:\Program Files\Java\jdk1.8.0_101\bin;C:\Program Files\Git\cmd;C:\apache-maven-3.3.9\bin;C:\Program Files (x86)\Skype\Phone\
USERNAME=Gringo
OS=Windows_NT
PROCESSOR_IDENTIFIER=AMD64 Family 15 Model 67 Stepping 3, AuthenticAMD



---------------  S Y S T E M  ---------------

OS: Windows 7 , 64 bit Build 7601 (6.1.7601.23250)

CPU:total 2 (2 cores per cpu, 1 threads per core) family 15 model 67 stepping 3, cmov, cx8, fxsr, mmx, sse, sse2, sse3, mmxext, 3dnowpref, tsc

Memory: 4k page, physical 6289912k(2897300k free), swap 12577968k(7703492k free)

vm_info: Java HotSpot(TM) 64-Bit Server VM (25.101-b13) for windows-amd64 JRE (1.8.0_101-b13), built on Jun 22 2016 01:21:29 by "java_re" with MS VC++ 10.0 (VS2010)

time: Wed Apr 19 12:05:03 2017
elapsed time: 3 seconds (0d 0h 0m 3s)

