#
# A fatal error has been detected by the Java Runtime Environment:
#
#  EXCEPTION_ACCESS_VIOLATION (0xc0000005) at pc=0x000000006f165a43, pid=3648, tid=0x0000000000001130
#
# JRE version: Java(TM) SE Runtime Environment (8.0_101-b13) (build 1.8.0_101-b13)
# Java VM: Java HotSpot(TM) 64-Bit Server VM (25.101-b13 mixed mode windows-amd64 compressed oops)
# Problematic frame:
# C  [prism_common.dll+0x5a43]
#
# Failed to write core dump. Minidumps are not enabled by default on client versions of Windows
#
# If you would like to submit a bug report, please visit:
#   http://bugreport.java.com/bugreport/crash.jsp
# The crash happened outside the Java Virtual Machine in native code.
# See problematic frame for where to report the bug.
#

---------------  T H R E A D  ---------------

Current thread (0x0000000057964800):  JavaThread "QuantumRenderer-0" daemon [_thread_in_native, id=4400, stack(0x0000000057f10000,0x0000000058010000)]

siginfo: ExceptionCode=0xc0000005, reading address 0xffffe0006164bfc8

Registers:
RAX=0x000000006164bfc0, RBX=0x000000005800bfb0, RCX=0xffffe00000000008, RDX=0x0000000000000000
RSP=0x000000005800bb70, RBP=0x0000000000000ac4, RSI=0xffffffff9e981724, RDI=0x000000006167e8e0
R8 =0x00000000000054f4, R9 =0x000000006167e8e8, R10=0x000000000000153d, R11=0x00000000000054f6
R12=0xffffffff9e981718, R13=0x00000000000054f6, R14=0x0000000000000ac7, R15=0xffffffff9e981720
RIP=0x000000006f165a43, EFLAGS=0x0000000000010202

Top of Stack: (sp=0x000000005800bb70)
0x000000005800bb70:   40a58c0000000000 0000000000006400
0x000000005800bb80:   0000000000000000 000000007773deb8
0x000000005800bb90:   00000000438e4a00 0000000000000000
0x000000005800bba0:   00000000be820000 0000000000000000
0x000000005800bbb0:   000000003dd2a000 0000000000000000
0x000000005800bbc0:   00000000bf10295b 0000000000000000
0x000000005800bbd0:   0000000043437c75 0000000000000000
0x000000005800bbe0:   0000000044fe7c75 0000000000000000
0x000000005800bbf0:   00000000452c6a80 0000000000000000
0x000000005800bc00:   0000000000000ee2 00000000a1e19370
0x000000005800bc10:   00000000a1e1936c 00000000a1e19368
0x000000005800bc20:   000000005800bfb0 000000006f164e6f
0x000000005800bc30:   0000000000000ee0 000000005800c001
0x000000005800bc40:   0000000000000ee4 0000000000000000
0x000000005800bc50:   000000000000a9f6 0000000000000000
0x000000005800bc60:   0000000000000000 0000000000000000 

Instructions: (pc=0x000000006f165a43)
0x000000006f165a23:   68 4b 8d 14 0c 8b 0c 02 41 89 49 f8 48 8b 43 68
0x000000006f165a33:   8b 4c 02 04 41 89 49 fc 48 8b 43 68 4b 8d 0c 0f
0x000000006f165a43:   8b 0c 01 41 89 09 48 8b 43 68 4a 8d 0c 0e 8b 0c
0x000000006f165a53:   01 4d 8d 49 10 41 89 49 f4 49 ff ca 75 bf 44 8b 


Register to memory mapping:

RAX=0x000000006164bfc0 is an unknown value
RBX=0x000000005800bfb0 is pointing into the stack for thread: 0x0000000057964800
RCX=0xffffe00000000008 is an unknown value
RDX=0x0000000000000000 is an unknown value
RSP=0x000000005800bb70 is pointing into the stack for thread: 0x0000000057964800
RBP=0x0000000000000ac4 is an unknown value
RSI=0xffffffff9e981724 is an unknown value
RDI=0x000000006167e8e0 is an unknown value
R8 =0x00000000000054f4 is an unknown value
R9 =0x000000006167e8e8 is an unknown value
R10=0x000000000000153d is an unknown value
R11=0x00000000000054f6 is an unknown value
R12=0xffffffff9e981718 is an unknown value
R13=0x00000000000054f6 is an unknown value
R14=0x0000000000000ac7 is an unknown value
R15=0xffffffff9e981720 is an unknown value


Stack: [0x0000000057f10000,0x0000000058010000],  sp=0x000000005800bb70,  free space=1006k
Native frames: (J=compiled Java code, j=interpreted, Vv=VM code, C=native code)
C  [prism_common.dll+0x5a43]
C  [prism_common.dll+0x4e6f]
C  [prism_common.dll+0x8040]
C  [prism_common.dll+0x6c09]
C  [prism_common.dll+0x4a72]
C  [prism_common.dll+0x4649]
C  0x0000000002685994

Java frames: (J=compiled Java code, j=interpreted, Vv=VM code)
j  com.sun.prism.impl.shape.NativePiscesRasterizer.produceStrokeAlphas([F[BIFIIF[FFDDDDDD[I[B)V+0
j  com.sun.prism.impl.shape.NativePiscesRasterizer.getMaskData(Lcom/sun/javafx/geom/Shape;Lcom/sun/prism/BasicStroke;Lcom/sun/javafx/geom/RectBounds;Lcom/sun/javafx/geom/transform/BaseTransform;ZZ)Lcom/sun/prism/impl/shape/MaskData;+487
j  com.sun.prism.impl.shape.ShapeUtil.rasterizeShape(Lcom/sun/javafx/geom/Shape;Lcom/sun/prism/BasicStroke;Lcom/sun/javafx/geom/RectBounds;Lcom/sun/javafx/geom/transform/BaseTransform;ZZ)Lcom/sun/prism/impl/shape/MaskData;+11
j  com.sun.prism.impl.ps.BaseShaderGraphics.renderShape(Lcom/sun/javafx/geom/Shape;Lcom/sun/prism/BasicStroke;FFFF)V+40
j  com.sun.prism.impl.BaseGraphics.draw(Lcom/sun/javafx/geom/Shape;)V+136
j  com.sun.prism.impl.ps.CachingShapeRepState.drawNoCache(Lcom/sun/prism/Graphics;Lcom/sun/javafx/geom/Shape;)V+2
j  com.sun.prism.impl.ps.CachingShapeRepState.render(Lcom/sun/prism/Graphics;Lcom/sun/javafx/geom/Shape;Lcom/sun/javafx/geom/RectBounds;Lcom/sun/prism/BasicStroke;)V+241
j  com.sun.prism.impl.ps.CachingShapeRep.draw(Lcom/sun/prism/Graphics;Lcom/sun/javafx/geom/Shape;Lcom/sun/javafx/geom/BaseBounds;)V+31
j  com.sun.javafx.sg.prism.NGShape.renderContent2D(Lcom/sun/prism/Graphics;Z)V+144
J 2634 C1 com.sun.javafx.sg.prism.NGShape.renderContent(Lcom/sun/prism/Graphics;)V (458 bytes) @ 0x0000000002e47074 [0x0000000002e44ee0+0x2194]
J 2448 C1 com.sun.javafx.sg.prism.NGNode.doRender(Lcom/sun/prism/Graphics;)V (473 bytes) @ 0x0000000002de33dc [0x0000000002de15a0+0x1e3c]
J 2436 C1 com.sun.javafx.sg.prism.NGNode.render(Lcom/sun/prism/Graphics;)V (38 bytes) @ 0x0000000002dd8ef4 [0x0000000002dd8c80+0x274]
J 2650 C1 com.sun.javafx.sg.prism.NGGroup.renderContent(Lcom/sun/prism/Graphics;)V (436 bytes) @ 0x0000000002e54f0c [0x0000000002e53ba0+0x136c]
J 2448 C1 com.sun.javafx.sg.prism.NGNode.doRender(Lcom/sun/prism/Graphics;)V (473 bytes) @ 0x0000000002de33dc [0x0000000002de15a0+0x1e3c]
J 2436 C1 com.sun.javafx.sg.prism.NGNode.render(Lcom/sun/prism/Graphics;)V (38 bytes) @ 0x0000000002dd8ef4 [0x0000000002dd8c80+0x274]
J 2650 C1 com.sun.javafx.sg.prism.NGGroup.renderContent(Lcom/sun/prism/Graphics;)V (436 bytes) @ 0x0000000002e54f0c [0x0000000002e53ba0+0x136c]
J 3024 C1 com.sun.javafx.sg.prism.NGNode.renderRectClip(Lcom/sun/prism/Graphics;Lcom/sun/javafx/sg/prism/NGRectangle;)V (122 bytes) @ 0x0000000002f5f224 [0x0000000002f5e1a0+0x1084]
J 3053 C1 com.sun.javafx.sg.prism.NGNode.renderClip(Lcom/sun/prism/Graphics;)V (473 bytes) @ 0x0000000002f804d4 [0x0000000002f7ba60+0x4a74]
J 2448 C1 com.sun.javafx.sg.prism.NGNode.doRender(Lcom/sun/prism/Graphics;)V (473 bytes) @ 0x0000000002de3094 [0x0000000002de15a0+0x1af4]
J 2436 C1 com.sun.javafx.sg.prism.NGNode.render(Lcom/sun/prism/Graphics;)V (38 bytes) @ 0x0000000002dd8ef4 [0x0000000002dd8c80+0x274]
J 2650 C1 com.sun.javafx.sg.prism.NGGroup.renderContent(Lcom/sun/prism/Graphics;)V (436 bytes) @ 0x0000000002e54f0c [0x0000000002e53ba0+0x136c]
J 2554 C1 com.sun.javafx.sg.prism.NGRegion.renderContent(Lcom/sun/prism/Graphics;)V (115 bytes) @ 0x0000000002e1a064 [0x0000000002e18c00+0x1464]
J 2448 C1 com.sun.javafx.sg.prism.NGNode.doRender(Lcom/sun/prism/Graphics;)V (473 bytes) @ 0x0000000002de33dc [0x0000000002de15a0+0x1e3c]
J 2436 C1 com.sun.javafx.sg.prism.NGNode.render(Lcom/sun/prism/Graphics;)V (38 bytes) @ 0x0000000002dd8ef4 [0x0000000002dd8c80+0x274]
J 2650 C1 com.sun.javafx.sg.prism.NGGroup.renderContent(Lcom/sun/prism/Graphics;)V (436 bytes) @ 0x0000000002e54f0c [0x0000000002e53ba0+0x136c]
J 2554 C1 com.sun.javafx.sg.prism.NGRegion.renderContent(Lcom/sun/prism/Graphics;)V (115 bytes) @ 0x0000000002e1a064 [0x0000000002e18c00+0x1464]
J 2448 C1 com.sun.javafx.sg.prism.NGNode.doRender(Lcom/sun/prism/Graphics;)V (473 bytes) @ 0x0000000002de33dc [0x0000000002de15a0+0x1e3c]
J 2436 C1 com.sun.javafx.sg.prism.NGNode.render(Lcom/sun/prism/Graphics;)V (38 bytes) @ 0x0000000002dd8ef4 [0x0000000002dd8c80+0x274]
J 2650 C1 com.sun.javafx.sg.prism.NGGroup.renderContent(Lcom/sun/prism/Graphics;)V (436 bytes) @ 0x0000000002e54f0c [0x0000000002e53ba0+0x136c]
J 2554 C1 com.sun.javafx.sg.prism.NGRegion.renderContent(Lcom/sun/prism/Graphics;)V (115 bytes) @ 0x0000000002e1a064 [0x0000000002e18c00+0x1464]
J 2448 C1 com.sun.javafx.sg.prism.NGNode.doRender(Lcom/sun/prism/Graphics;)V (473 bytes) @ 0x0000000002de33dc [0x0000000002de15a0+0x1e3c]
J 2436 C1 com.sun.javafx.sg.prism.NGNode.render(Lcom/sun/prism/Graphics;)V (38 bytes) @ 0x0000000002dd8ef4 [0x0000000002dd8c80+0x274]
J 2650 C1 com.sun.javafx.sg.prism.NGGroup.renderContent(Lcom/sun/prism/Graphics;)V (436 bytes) @ 0x0000000002e54f0c [0x0000000002e53ba0+0x136c]
J 2554 C1 com.sun.javafx.sg.prism.NGRegion.renderContent(Lcom/sun/prism/Graphics;)V (115 bytes) @ 0x0000000002e1a064 [0x0000000002e18c00+0x1464]
J 2448 C1 com.sun.javafx.sg.prism.NGNode.doRender(Lcom/sun/prism/Graphics;)V (473 bytes) @ 0x0000000002de33dc [0x0000000002de15a0+0x1e3c]
J 2436 C1 com.sun.javafx.sg.prism.NGNode.render(Lcom/sun/prism/Graphics;)V (38 bytes) @ 0x0000000002dd8ef4 [0x0000000002dd8c80+0x274]
j  com.sun.javafx.tk.quantum.ViewPainter.doPaint(Lcom/sun/prism/Graphics;Lcom/sun/javafx/sg/prism/NodePath;)V+201
j  com.sun.javafx.tk.quantum.ViewPainter.paintImpl(Lcom/sun/prism/Graphics;)V+953
j  com.sun.javafx.tk.quantum.PresentingPainter.run()V+326
j  java.util.concurrent.Executors$RunnableAdapter.call()Ljava/lang/Object;+4
j  java.util.concurrent.FutureTask.runAndReset()Z+47
j  com.sun.javafx.tk.RenderJob.run()V+1
j  java.util.concurrent.ThreadPoolExecutor.runWorker(Ljava/util/concurrent/ThreadPoolExecutor$Worker;)V+95
j  java.util.concurrent.ThreadPoolExecutor$Worker.run()V+5
j  com.sun.javafx.tk.quantum.QuantumRenderer$PipelineRunnable.run()V+8
j  java.lang.Thread.run()V+11
v  ~StubRoutines::call_stub

---------------  P R O C E S S  ---------------

Java Threads: ( => current thread )
  0x000000005a0fe000 JavaThread "Prism Font Disposer" daemon [_thread_blocked, id=5232, stack(0x000000005cb30000,0x000000005cc30000)]
  0x00000000579ea800 JavaThread "JavaFX-Launcher" [_thread_blocked, id=2636, stack(0x0000000059cb0000,0x0000000059db0000)]
  0x00000000579bf000 JavaThread "Thread-2" daemon [_thread_in_native, id=5760, stack(0x0000000059b20000,0x0000000059c20000)]
  0x000000005799c800 JavaThread "JavaFX Application Thread" [_thread_blocked, id=2688, stack(0x0000000058500000,0x0000000058600000)]
  0x0000000057999800 JavaThread "Thread-1" daemon [_thread_blocked, id=5300, stack(0x00000000581f0000,0x00000000582f0000)]
=>0x0000000057964800 JavaThread "QuantumRenderer-0" daemon [_thread_in_native, id=4400, stack(0x0000000057f10000,0x0000000058010000)]
  0x00000000560e8800 JavaThread "Service Thread" daemon [_thread_blocked, id=5436, stack(0x0000000057b10000,0x0000000057c10000)]
  0x000000005608f000 JavaThread "C1 CompilerThread1" daemon [_thread_blocked, id=4308, stack(0x0000000057530000,0x0000000057630000)]
  0x000000005608d000 JavaThread "C2 CompilerThread0" daemon [_thread_in_native, id=5976, stack(0x00000000572f0000,0x00000000573f0000)]
  0x000000005608b000 JavaThread "Attach Listener" daemon [_thread_blocked, id=3576, stack(0x0000000057140000,0x0000000057240000)]
  0x0000000056089800 JavaThread "Signal Dispatcher" daemon [_thread_blocked, id=5404, stack(0x0000000056f80000,0x0000000057080000)]
  0x000000005606e000 JavaThread "Finalizer" daemon [_thread_blocked, id=3048, stack(0x0000000056db0000,0x0000000056eb0000)]
  0x0000000056025000 JavaThread "Reference Handler" daemon [_thread_blocked, id=5516, stack(0x0000000056c50000,0x0000000056d50000)]
  0x0000000001dbe000 JavaThread "main" [_thread_blocked, id=4336, stack(0x00000000022a0000,0x00000000023a0000)]

Other Threads:
  0x000000005601d000 VMThread [stack: 0x0000000056a40000,0x0000000056b40000] [id=5800]
  0x0000000057639000 WatcherThread [stack: 0x0000000057cd0000,0x0000000057dd0000] [id=4940]

VM state:not at safepoint (normal execution)

VM Mutex/Monitor currently owned by a thread: None

Heap:
 PSYoungGen      total 219136K, used 85836K [0x00000000e0000000, 0x00000000ef400000, 0x0000000100000000)
  eden space 194560K, 34% used [0x00000000e0000000,0x00000000e422a768,0x00000000ebe00000)
  from space 24576K, 73% used [0x00000000ed800000,0x00000000ee9a8b88,0x00000000ef000000)
  to   space 26624K, 0% used [0x00000000ebe00000,0x00000000ebe00000,0x00000000ed800000)
 ParOldGen       total 65536K, used 31488K [0x00000000a0000000, 0x00000000a4000000, 0x00000000e0000000)
  object space 65536K, 48% used [0x00000000a0000000,0x00000000a1ec0108,0x00000000a4000000)
 Metaspace       used 19600K, capacity 20622K, committed 20992K, reserved 1067008K
  class space    used 2738K, capacity 2948K, committed 3072K, reserved 1048576K

Card table byte_map: [0x0000000011a30000,0x0000000011d40000] byte_map_base: 0x0000000011530000

Marking Bits: (ParMarkBitMap*) 0x000000006fcba6d0
 Begin Bits: [0x00000000123f0000, 0x0000000013bf0000)
 End Bits:   [0x0000000013bf0000, 0x00000000153f0000)

Polling page: 0x00000000002c0000

CodeCache: size=245760Kb used=12350Kb max_used=12350Kb free=233409Kb
 bounds [0x0000000002670000, 0x0000000003290000, 0x0000000011670000]
 total_blobs=4438 nmethods=3762 adapters=588
 compilation: enabled

Compilation events (10 events):
Event: 64.341 Thread 0x000000005608f000 3789       2       javafx.scene.shape.Shape::impl_updatePeer (9 bytes)
Event: 64.341 Thread 0x000000005608f000 nmethod 3789 0x0000000003285610 code [0x0000000003285780, 0x0000000003285918]
Event: 64.343 Thread 0x000000005608f000 3790       2       com.sun.javafx.geom.DirtyRegionContainer::hasSpace (18 bytes)
Event: 64.343 Thread 0x000000005608f000 nmethod 3790 0x00000000032859d0 code [0x0000000003285b20, 0x0000000003285c90]
Event: 64.343 Thread 0x000000005608f000 3791       2       com.sun.javafx.geom.DirtyRegionContainer::addDirtyRegion (172 bytes)
Event: 64.344 Thread 0x000000005608f000 nmethod 3791 0x0000000003285d50 code [0x0000000003285f20, 0x0000000003286478]
Event: 64.344 Thread 0x000000005608f000 3793       2       com.sun.javafx.sg.prism.NGNode::checkBoundsInQuad (266 bytes)
Event: 64.345 Thread 0x000000005608f000 nmethod 3793 0x0000000003286950 code [0x0000000003286b80, 0x0000000003287158]
Event: 64.345 Thread 0x000000005608f000 3792       1       com.sun.javafx.sg.prism.NGNode::supportsOpaqueRegions (2 bytes)
Event: 64.345 Thread 0x000000005608f000 nmethod 3792 0x0000000003287690 code [0x00000000032877e0, 0x00000000032878f0]

GC Heap History (10 events):
Event: 23.580 GC heap before
{Heap before GC invocations=4 (full 0):
 PSYoungGen      total 28672K, used 28626K [0x00000000e0000000, 0x00000000e3800000, 0x0000000100000000)
  eden space 24576K, 99% used [0x00000000e0000000,0x00000000e17fc628,0x00000000e1800000)
  from space 4096K, 99% used [0x00000000e1800000,0x00000000e1bf8480,0x00000000e1c00000)
  to   space 4096K, 0% used [0x00000000e3400000,0x00000000e3400000,0x00000000e3800000)
 ParOldGen       total 65536K, used 23852K [0x00000000a0000000, 0x00000000a4000000, 0x00000000e0000000)
  object space 65536K, 36% used [0x00000000a0000000,0x00000000a174b2d8,0x00000000a4000000)
 Metaspace       used 19182K, capacity 20174K, committed 20480K, reserved 1067008K
  class space    used 2738K, capacity 2948K, committed 3072K, reserved 1048576K
Event: 23.623 GC heap after
Heap after GC invocations=4 (full 0):
 PSYoungGen      total 53248K, used 4082K [0x00000000e0000000, 0x00000000e3800000, 0x0000000100000000)
  eden space 49152K, 0% used [0x00000000e0000000,0x00000000e0000000,0x00000000e3000000)
  from space 4096K, 99% used [0x00000000e3400000,0x00000000e37fc930,0x00000000e3800000)
  to   space 4096K, 0% used [0x00000000e3000000,0x00000000e3000000,0x00000000e3400000)
 ParOldGen       total 65536K, used 28480K [0x00000000a0000000, 0x00000000a4000000, 0x00000000e0000000)
  object space 65536K, 43% used [0x00000000a0000000,0x00000000a1bd02c0,0x00000000a4000000)
 Metaspace       used 19182K, capacity 20174K, committed 20480K, reserved 1067008K
  class space    used 2738K, capacity 2948K, committed 3072K, reserved 1048576K
}
Event: 23.678 GC heap before
{Heap before GC invocations=5 (full 0):
 PSYoungGen      total 53248K, used 53234K [0x00000000e0000000, 0x00000000e3800000, 0x0000000100000000)
  eden space 49152K, 100% used [0x00000000e0000000,0x00000000e3000000,0x00000000e3000000)
  from space 4096K, 99% used [0x00000000e3400000,0x00000000e37fc930,0x00000000e3800000)
  to   space 4096K, 0% used [0x00000000e3000000,0x00000000e3000000,0x00000000e3400000)
 ParOldGen       total 65536K, used 28480K [0x00000000a0000000, 0x00000000a4000000, 0x00000000e0000000)
  object space 65536K, 43% used [0x00000000a0000000,0x00000000a1bd02c0,0x00000000a4000000)
 Metaspace       used 19182K, capacity 20174K, committed 20480K, reserved 1067008K
  class space    used 2738K, capacity 2948K, committed 3072K, reserved 1048576K
Event: 23.721 GC heap after
Heap after GC invocations=5 (full 0):
 PSYoungGen      total 53248K, used 4082K [0x00000000e0000000, 0x00000000e8b00000, 0x0000000100000000)
  eden space 49152K, 0% used [0x00000000e0000000,0x00000000e0000000,0x00000000e3000000)
  from space 4096K, 99% used [0x00000000e3000000,0x00000000e33fc840,0x00000000e3400000)
  to   space 22016K, 0% used [0x00000000e7580000,0x00000000e7580000,0x00000000e8b00000)
 ParOldGen       total 65536K, used 28784K [0x00000000a0000000, 0x00000000a4000000, 0x00000000e0000000)
  object space 65536K, 43% used [0x00000000a0000000,0x00000000a1c1c228,0x00000000a4000000)
 Metaspace       used 19182K, capacity 20174K, committed 20480K, reserved 1067008K
  class space    used 2738K, capacity 2948K, committed 3072K, reserved 1048576K
}
Event: 23.770 GC heap before
{Heap before GC invocations=6 (full 0):
 PSYoungGen      total 53248K, used 53234K [0x00000000e0000000, 0x00000000e8b00000, 0x0000000100000000)
  eden space 49152K, 100% used [0x00000000e0000000,0x00000000e3000000,0x00000000e3000000)
  from space 4096K, 99% used [0x00000000e3000000,0x00000000e33fc840,0x00000000e3400000)
  to   space 22016K, 0% used [0x00000000e7580000,0x00000000e7580000,0x00000000e8b00000)
 ParOldGen       total 65536K, used 28784K [0x00000000a0000000, 0x00000000a4000000, 0x00000000e0000000)
  object space 65536K, 43% used [0x00000000a0000000,0x00000000a1c1c228,0x00000000a4000000)
 Metaspace       used 19182K, capacity 20174K, committed 20480K, reserved 1067008K
  class space    used 2738K, capacity 2948K, committed 3072K, reserved 1048576K
Event: 23.794 GC heap after
Heap after GC invocations=6 (full 0):
 PSYoungGen      total 119296K, used 4171K [0x00000000e0000000, 0x00000000e8a00000, 0x0000000100000000)
  eden space 98304K, 0% used [0x00000000e0000000,0x00000000e0000000,0x00000000e6000000)
  from space 20992K, 19% used [0x00000000e7580000,0x00000000e7992cb0,0x00000000e8a00000)
  to   space 21504K, 0% used [0x00000000e6000000,0x00000000e6000000,0x00000000e7500000)
 ParOldGen       total 65536K, used 28784K [0x00000000a0000000, 0x00000000a4000000, 0x00000000e0000000)
  object space 65536K, 43% used [0x00000000a0000000,0x00000000a1c1c228,0x00000000a4000000)
 Metaspace       used 19182K, capacity 20174K, committed 20480K, reserved 1067008K
  class space    used 2738K, capacity 2948K, committed 3072K, reserved 1048576K
}
Event: 62.691 GC heap before
{Heap before GC invocations=7 (full 0):
 PSYoungGen      total 119296K, used 102475K [0x00000000e0000000, 0x00000000e8a00000, 0x0000000100000000)
  eden space 98304K, 100% used [0x00000000e0000000,0x00000000e6000000,0x00000000e6000000)
  from space 20992K, 19% used [0x00000000e7580000,0x00000000e7992cb0,0x00000000e8a00000)
  to   space 21504K, 0% used [0x00000000e6000000,0x00000000e6000000,0x00000000e7500000)
 ParOldGen       total 65536K, used 28784K [0x00000000a0000000, 0x00000000a4000000, 0x00000000e0000000)
  object space 65536K, 43% used [0x00000000a0000000,0x00000000a1c1c228,0x00000000a4000000)
 Metaspace       used 19458K, capacity 20430K, committed 20736K, reserved 1067008K
  class space    used 2738K, capacity 2948K, committed 3072K, reserved 1048576K
Event: 62.793 GC heap after
Heap after GC invocations=7 (full 0):
 PSYoungGen      total 119808K, used 19157K [0x00000000e0000000, 0x00000000ef000000, 0x0000000100000000)
  eden space 98304K, 0% used [0x00000000e0000000,0x00000000e0000000,0x00000000e6000000)
  from space 21504K, 89% used [0x00000000e6000000,0x00000000e72b5718,0x00000000e7500000)
  to   space 24576K, 0% used [0x00000000ed800000,0x00000000ed800000,0x00000000ef000000)
 ParOldGen       total 65536K, used 30448K [0x00000000a0000000, 0x00000000a4000000, 0x00000000e0000000)
  object space 65536K, 46% used [0x00000000a0000000,0x00000000a1dbc180,0x00000000a4000000)
 Metaspace       used 19458K, capacity 20430K, committed 20736K, reserved 1067008K
  class space    used 2738K, capacity 2948K, committed 3072K, reserved 1048576K
}
Event: 62.864 GC heap before
{Heap before GC invocations=8 (full 0):
 PSYoungGen      total 119808K, used 117461K [0x00000000e0000000, 0x00000000ef000000, 0x0000000100000000)
  eden space 98304K, 100% used [0x00000000e0000000,0x00000000e6000000,0x00000000e6000000)
  from space 21504K, 89% used [0x00000000e6000000,0x00000000e72b5718,0x00000000e7500000)
  to   space 24576K, 0% used [0x00000000ed800000,0x00000000ed800000,0x00000000ef000000)
 ParOldGen       total 65536K, used 30448K [0x00000000a0000000, 0x00000000a4000000, 0x00000000e0000000)
  object space 65536K, 46% used [0x00000000a0000000,0x00000000a1dbc180,0x00000000a4000000)
 Metaspace       used 19458K, capacity 20430K, committed 20736K, reserved 1067008K
  class space    used 2738K, capacity 2948K, committed 3072K, reserved 1048576K
Event: 62.933 GC heap after
Heap after GC invocations=8 (full 0):
 PSYoungGen      total 219136K, used 18082K [0x00000000e0000000, 0x00000000ef400000, 0x0000000100000000)
  eden space 194560K, 0% used [0x00000000e0000000,0x00000000e0000000,0x00000000ebe00000)
  from space 24576K, 73% used [0x00000000ed800000,0x00000000ee9a8b88,0x00000000ef000000)
  to   space 26624K, 0% used [0x00000000ebe00000,0x00000000ebe00000,0x00000000ed800000)
 ParOldGen       total 65536K, used 31488K [0x00000000a0000000, 0x00000000a4000000, 0x00000000e0000000)
  object space 65536K, 48% used [0x00000000a0000000,0x00000000a1ec0108,0x00000000a4000000)
 Metaspace       used 19458K, capacity 20430K, committed 20736K, reserved 1067008K
  class space    used 2738K, capacity 2948K, committed 3072K, reserved 1048576K
}

Deoptimization events (10 events):
Event: 17.066 Thread 0x0000000057964800 Uncommon trap: reason=class_check action=maybe_recompile pc=0x0000000002d20ad0 method=java.util.WeakHashMap.eq(Ljava/lang/Object;Ljava/lang/Object;)Z @ 7
Event: 23.559 Thread 0x000000005799c800 Uncommon trap: reason=unstable_if action=reinterpret pc=0x0000000002db0684 method=com.sun.javafx.geom.Path2D.needRoom(ZI)V @ 57
Event: 23.560 Thread 0x000000005799c800 Uncommon trap: reason=unstable_if action=reinterpret pc=0x0000000002db0d4c method=com.sun.javafx.geom.Path2D.needRoom(ZI)V @ 57
Event: 24.392 Thread 0x000000005799c800 Uncommon trap: reason=unstable_if action=reinterpret pc=0x0000000002e184a0 method=com.sun.javafx.css.StyleManager$CacheContainer.getStyleMap(I)Lcom/sun/javafx/css/StyleMap; @ 22
Event: 24.393 Thread 0x000000005799c800 Uncommon trap: reason=unstable_if action=reinterpret pc=0x0000000002e10f2c method=com.sun.javafx.css.StyleManager$CacheContainer.getStyleMap(I)Lcom/sun/javafx/css/StyleMap; @ 22
Event: 24.397 Thread 0x000000005799c800 Uncommon trap: reason=unstable_if action=reinterpret pc=0x0000000002eacee4 method=java.util.WeakHashMap.expungeStaleEntries()V @ 9
Event: 24.406 Thread 0x000000005799c800 Uncommon trap: reason=unstable_if action=reinterpret pc=0x0000000002f50f08 method=javafx.scene.Node.updateBounds()V @ 47
Event: 34.391 Thread 0x000000005799c800 Uncommon trap: reason=unstable_if action=reinterpret pc=0x0000000002fb6248 method=javafx.scene.Node.getProperties()Ljavafx/collections/ObservableMap; @ 4
Event: 34.512 Thread 0x000000005799c800 Uncommon trap: reason=unstable_if action=reinterpret pc=0x0000000002d8a4e8 method=javafx.scene.shape.LineTo.setY(D)V @ 10
Event: 64.099 Thread 0x000000005799c800 Uncommon trap: reason=unstable_if action=reinterpret pc=0x000000000306f514 method=javafx.scene.chart.ValueAxis.invalidateRange(Ljava/util/List;)V @ 55

Internal exceptions (10 events):
Event: 0.872 Thread 0x000000005799c800 Exception <a 'java/lang/NullPointerException'> (0x00000000e0bf1c18) thrown at [C:\re\workspace\8-2-build-windows-amd64-cygwin\jdk8u101\7261\hotspot\src\share\vm\prims\jvm.cpp, line 1390]
Event: 1.097 Thread 0x000000005799c800 Exception <a 'java/lang/ArrayIndexOutOfBoundsException'> (0x00000000e1043f88) thrown at [C:\re\workspace\8-2-build-windows-amd64-cygwin\jdk8u101\7261\hotspot\src\share\vm\runtime\sharedRuntime.cpp, line 605]
Event: 1.098 Thread 0x000000005799c800 Exception <a 'java/lang/ArrayIndexOutOfBoundsException'> (0x00000000e1044ad0) thrown at [C:\re\workspace\8-2-build-windows-amd64-cygwin\jdk8u101\7261\hotspot\src\share\vm\runtime\sharedRuntime.cpp, line 605]
Event: 1.099 Thread 0x000000005799c800 Exception <a 'java/lang/ArrayIndexOutOfBoundsException'> (0x00000000e1045e78) thrown at [C:\re\workspace\8-2-build-windows-amd64-cygwin\jdk8u101\7261\hotspot\src\share\vm\runtime\sharedRuntime.cpp, line 605]
Event: 1.100 Thread 0x000000005799c800 Exception <a 'java/lang/ArrayIndexOutOfBoundsException'> (0x00000000e1048188) thrown at [C:\re\workspace\8-2-build-windows-amd64-cygwin\jdk8u101\7261\hotspot\src\share\vm\runtime\sharedRuntime.cpp, line 605]
Event: 1.133 Thread 0x000000005799c800 Exception <a 'java/lang/ArrayIndexOutOfBoundsException'> (0x00000000e10d39a8) thrown at [C:\re\workspace\8-2-build-windows-amd64-cygwin\jdk8u101\7261\hotspot\src\share\vm\runtime\sharedRuntime.cpp, line 605]
Event: 1.193 Thread 0x000000005799c800 Implicit null exception at 0x00000000028fb125 to 0x00000000028fb335
Event: 2.041 Thread 0x000000005799c800 Exception <a 'java/lang/ArrayIndexOutOfBoundsException'> (0x00000000e0685598) thrown at [C:\re\workspace\8-2-build-windows-amd64-cygwin\jdk8u101\7261\hotspot\src\share\vm\runtime\sharedRuntime.cpp, line 605]
Event: 2.053 Thread 0x000000005799c800 Exception <a 'java/lang/ArrayIndexOutOfBoundsException'> (0x00000000e06aa460) thrown at [C:\re\workspace\8-2-build-windows-amd64-cygwin\jdk8u101\7261\hotspot\src\share\vm\runtime\sharedRuntime.cpp, line 605]
Event: 13.823 Thread 0x000000005799c800 Implicit null exception at 0x0000000002db4f36 to 0x0000000002db53a1

Events (10 events):
Event: 64.241 Thread 0x000000005799c800 DEOPT PACKING pc=0x0000000002d866c0 sp=0x00000000585fd460
Event: 64.241 Thread 0x000000005799c800 DEOPT UNPACKING pc=0x00000000026b71bf sp=0x00000000585fd1c0 mode 0
Event: 64.255 Thread 0x000000005799c800 DEOPT PACKING pc=0x0000000002d86722 sp=0x00000000585fd460
Event: 64.255 Thread 0x000000005799c800 DEOPT UNPACKING pc=0x00000000026b71bf sp=0x00000000585fd1c0 mode 0
Event: 64.265 Thread 0x000000005799c800 DEOPT PACKING pc=0x0000000002d86722 sp=0x00000000585fd460
Event: 64.265 Thread 0x000000005799c800 DEOPT UNPACKING pc=0x00000000026b71bf sp=0x00000000585fd1c0 mode 0
Event: 64.283 Thread 0x000000005799c800 DEOPT PACKING pc=0x0000000002d86722 sp=0x00000000585fd460
Event: 64.283 Thread 0x000000005799c800 DEOPT UNPACKING pc=0x00000000026b71bf sp=0x00000000585fd1c0 mode 0
Event: 64.298 Thread 0x000000005799c800 DEOPT PACKING pc=0x0000000002d86722 sp=0x00000000585fd460
Event: 64.298 Thread 0x000000005799c800 DEOPT UNPACKING pc=0x00000000026b71bf sp=0x00000000585fd1c0 mode 0


Dynamic libraries:
0x000000013f9b0000 - 0x000000013f9e7000 	C:\Program Files\Java\jdk1.8.0_101\jre\bin\java.exe
0x00000000776f0000 - 0x0000000077899000 	C:\Windows\SYSTEM32\ntdll.dll
0x00000000775d0000 - 0x00000000776f0000 	C:\Windows\system32\kernel32.dll
0x000007fefd580000 - 0x000007fefd5eb000 	C:\Windows\system32\KERNELBASE.dll
0x000007fefe6d0000 - 0x000007fefe7ab000 	C:\Windows\system32\ADVAPI32.dll
0x000007feff6f0000 - 0x000007feff78f000 	C:\Windows\system32\msvcrt.dll
0x000007fefe3a0000 - 0x000007fefe3bf000 	C:\Windows\SYSTEM32\sechost.dll
0x000007fefdca0000 - 0x000007fefddcd000 	C:\Windows\system32\RPCRT4.dll
0x00000000774d0000 - 0x00000000775ca000 	C:\Windows\system32\USER32.dll
0x000007feff680000 - 0x000007feff6e7000 	C:\Windows\system32\GDI32.dll
0x000007fefddd0000 - 0x000007fefddde000 	C:\Windows\system32\LPK.dll
0x000007fefe600000 - 0x000007fefe6ca000 	C:\Windows\system32\USP10.dll
0x000007fefab30000 - 0x000007fefad24000 	C:\Windows\WinSxS\amd64_microsoft.windows.common-controls_6595b64144ccf1df_6.0.7601.18837_none_fa3b1e3d17594757\COMCTL32.dll
0x000007fefdbf0000 - 0x000007fefdc61000 	C:\Windows\system32\SHLWAPI.dll
0x000007fefdc70000 - 0x000007fefdc9e000 	C:\Windows\system32\IMM32.DLL
0x000007fefe1b0000 - 0x000007fefe2b9000 	C:\Windows\system32\MSCTF.dll
0x0000000074a70000 - 0x0000000074b42000 	C:\Program Files\Java\jdk1.8.0_101\jre\bin\msvcr100.dll
0x000000006f4a0000 - 0x000000006fd3a000 	C:\Program Files\Java\jdk1.8.0_101\jre\bin\server\jvm.dll
0x000007fef78c0000 - 0x000007fef78c9000 	C:\Windows\system32\WSOCK32.dll
0x000007fefe3d0000 - 0x000007fefe41d000 	C:\Windows\system32\WS2_32.dll
0x000007fefe3c0000 - 0x000007fefe3c8000 	C:\Windows\system32\NSI.dll
0x000007fef8660000 - 0x000007fef869b000 	C:\Windows\system32\WINMM.dll
0x000007fefc430000 - 0x000007fefc43c000 	C:\Windows\system32\VERSION.dll
0x00000000778b0000 - 0x00000000778b7000 	C:\Windows\system32\PSAPI.DLL
0x0000000074be0000 - 0x0000000074bef000 	C:\Program Files\Java\jdk1.8.0_101\jre\bin\verify.dll
0x0000000074a40000 - 0x0000000074a69000 	C:\Program Files\Java\jdk1.8.0_101\jre\bin\java.dll
0x0000000074a20000 - 0x0000000074a36000 	C:\Program Files\Java\jdk1.8.0_101\jre\bin\zip.dll
0x000007fefe7b0000 - 0x000007feff539000 	C:\Windows\system32\SHELL32.dll
0x000007fefd9e0000 - 0x000007fefdbe3000 	C:\Windows\system32\ole32.dll
0x000007fefd4a0000 - 0x000007fefd4af000 	C:\Windows\system32\profapi.dll
0x000007fee9f40000 - 0x000007feea02f000 	C:\Program Files\Java\jdk1.8.0_101\jre\bin\msvcr120.dll
0x000007fee9e90000 - 0x000007fee9f36000 	C:\Program Files\Java\jdk1.8.0_101\jre\bin\msvcp120.dll
0x0000000074f10000 - 0x0000000074f32000 	C:\Program Files\Java\jdk1.8.0_101\jre\bin\prism_d3d.dll
0x000007feecf00000 - 0x000007feed0ff000 	C:\Windows\system32\d3d9.dll
0x000007feed190000 - 0x000007feed197000 	C:\Windows\system32\d3d8thk.dll
0x000007fef97c0000 - 0x000007fef97d8000 	C:\Windows\system32\dwmapi.dll
0x000007fef9fa0000 - 0x000007fef9ff6000 	C:\Windows\system32\uxtheme.dll
0x000007fee6f10000 - 0x000007fee7faf000 	C:\Windows\system32\nvd3dumx.dll
0x000007fee9460000 - 0x000007fee9617000 	C:\Windows\system32\nvspcap64.dll
0x000007fefdde0000 - 0x000007fefdeb7000 	C:\Windows\system32\OLEAUT32.dll
0x000007fefe420000 - 0x000007fefe5f7000 	C:\Windows\system32\SETUPAPI.dll
0x000007fefd660000 - 0x000007fefd696000 	C:\Windows\system32\CFGMGR32.dll
0x000007fefd4c0000 - 0x000007fefd4da000 	C:\Windows\system32\DEVOBJ.dll
0x000007fef5050000 - 0x000007fef50c1000 	C:\Windows\system32\WINHTTP.dll
0x000007fef4fe0000 - 0x000007fef5044000 	C:\Windows\system32\webio.dll
0x000007fef8760000 - 0x000007fef8b4c000 	C:\Windows\system32\nvapi64.dll
0x000007fefd260000 - 0x000007fefd285000 	C:\Windows\system32\SspiCli.dll
0x0000000074ec0000 - 0x0000000074f03000 	C:\Program Files\Java\jdk1.8.0_101\jre\bin\glass.dll
0x000007feff5e0000 - 0x000007feff677000 	C:\Windows\system32\COMDLG32.dll
0x000007fefd2f0000 - 0x000007fefd2ff000 	C:\Windows\system32\CRYPTBASE.dll
0x000007fefab00000 - 0x000007fefab2c000 	C:\Windows\system32\powrprof.dll
0x000007fee7fb0000 - 0x000007fee8096000 	C:\Program Files (x86)\NVIDIA Corporation\3D Vision\nvSCPAPI64.dll
0x000000006f180000 - 0x000000006f194000 	C:\Program Files\Java\jdk1.8.0_101\jre\bin\javafx_font.dll
0x000007fee8600000 - 0x000007fee8797000 	C:\Windows\system32\dwrite.dll
0x000007feff540000 - 0x000007feff5d9000 	C:\Windows\system32\CLBCatQ.DLL
0x000007fef9500000 - 0x000007fef9661000 	C:\Windows\system32\WindowsCodecs.dll
0x000007fefd290000 - 0x000007fefd2e7000 	C:\Windows\system32\apphelp.dll
0x000007fef5f70000 - 0x000007fef60b2000 	C:\Users\Gringo\AppData\Roaming\Yandex\YandexDisk\YandexDiskOverlays-2398.dll
0x000007fef5f30000 - 0x000007fef5f65000 	C:\Windows\system32\EhStorShell.dll
0x000007fefa000000 - 0x000007fefa12c000 	C:\Windows\system32\PROPSYS.dll
0x000007fef58b0000 - 0x000007fef5f21000 	C:\PROGRA~1\MICROS~2\Office14\GROOVEEX.DLL
0x0000000072f70000 - 0x0000000073013000 	C:\Windows\WinSxS\amd64_microsoft.vc90.crt_1fc8b3b9a1e18e3b_9.0.30729.6161_none_08e61857a83bc251\MSVCR90.dll
0x0000000072e90000 - 0x0000000072f63000 	C:\Windows\WinSxS\amd64_microsoft.vc90.crt_1fc8b3b9a1e18e3b_9.0.30729.6161_none_08e61857a83bc251\MSVCP90.dll
0x0000000072e60000 - 0x0000000072e8f000 	C:\Windows\WinSxS\amd64_microsoft.vc90.atl_1fc8b3b9a1e18e3b_9.0.30729.6161_none_0a1fd3a3a768b895\ATL90.DLL
0x000007fef42a0000 - 0x000007fef46af000 	C:\PROGRA~1\COMMON~1\MICROS~1\OFFICE14\Cultures\office.odf
0x000007fef3a20000 - 0x000007fef4296000 	C:\PROGRA~1\MICROS~2\Office14\1049\GrooveIntlResource.dll
0x000007fef7e60000 - 0x000007fef7ede000 	C:\Windows\System32\cscui.dll
0x000007fef7e50000 - 0x000007fef7e5c000 	C:\Windows\System32\CSCDLL.dll
0x000007fef86a0000 - 0x000007fef86af000 	C:\Windows\system32\CSCAPI.dll
0x000007feecab0000 - 0x000007feecadd000 	C:\Program Files\Common Files\Microsoft Shared\Ink\rtscom.dll
0x000000006f160000 - 0x000000006f171000 	C:\Program Files\Java\jdk1.8.0_101\jre\bin\prism_common.dll
0x000007fee8230000 - 0x000007fee85f4000 	C:\Windows\system32\d2d1.dll
0x000007fef7ef0000 - 0x000007fef80c5000 	C:\Windows\system32\d3d11.dll
0x000007fef80d0000 - 0x000007fef812d000 	C:\Windows\system32\dxgi.dll
0x000007fee6c90000 - 0x000007fee6f09000 	C:\Windows\system32\D3D10Warp.dll
0x000007fefd610000 - 0x000007fefd64b000 	C:\Windows\system32\WINTRUST.dll
0x000007fefd6a0000 - 0x000007fefd80d000 	C:\Windows\system32\CRYPT32.dll
0x000007fefd490000 - 0x000007fefd49f000 	C:\Windows\system32\MSASN1.dll
0x000007fefaa20000 - 0x000007fefaa4d000 	C:\Windows\system32\ntmarta.dll
0x000007fefe2c0000 - 0x000007fefe312000 	C:\Windows\system32\WLDAP32.dll
0x000007fef73d0000 - 0x000007fef744f000 	C:\Program Files\Common Files\microsoft shared\ink\tiptsf.dll
0x000007fef6a30000 - 0x000007fef6bfa000 	C:\Windows\system32\explorerframe.dll
0x000007fef9830000 - 0x000007fef9873000 	C:\Windows\system32\DUser.dll
0x000007fef9880000 - 0x000007fef9972000 	C:\Windows\system32\DUI70.dll
0x000007fef7450000 - 0x000007fef7492000 	C:\Windows\system32\msls31.dll
0x000007fef9670000 - 0x000007fef96a5000 	C:\Windows\system32\xmllite.dll
0x000007fefcc90000 - 0x000007fefcca8000 	C:\Windows\system32\CRYPTSP.dll
0x000007fefc990000 - 0x000007fefc9d7000 	C:\Windows\system32\rsaenh.dll
0x000007fefd3e0000 - 0x000007fefd3f4000 	C:\Windows\system32\RpcRtRemote.dll
0x000007feedfc0000 - 0x000007feee03b000 	C:\Windows\System32\StructuredQuery.dll
0x000007fefd220000 - 0x000007fefd22b000 	C:\Windows\System32\Secur32.dll
0x000007fef7920000 - 0x000007fef7a0e000 	C:\Windows\system32\actxprxy.dll
0x000007feec580000 - 0x000007feec63a000 	C:\Program Files\Internet Explorer\ieproxy.dll
0x000007fefd600000 - 0x000007fefd604000 	C:\Windows\system32\api-ms-win-downlevel-shlwapi-l1-1-0.dll
0x000007fef1010000 - 0x000007fef1014000 	C:\Windows\system32\api-ms-win-downlevel-shlwapi-l2-1-0.dll
0x000007fefd810000 - 0x000007fefd815000 	C:\Windows\system32\api-ms-win-downlevel-advapi32-l1-1-0.dll
0x000007fefc330000 - 0x000007fefc348000 	C:\Windows\system32\MPR.dll
0x000007fef0e50000 - 0x000007fef0e5a000 	C:\Windows\System32\drprov.dll
0x000007fefd3a0000 - 0x000007fefd3dd000 	C:\Windows\System32\WINSTA.dll
0x000007fef0d90000 - 0x000007fef0db2000 	C:\Windows\System32\ntlanman.dll
0x000007fef0d70000 - 0x000007fef0d8d000 	C:\Windows\System32\davclnt.dll
0x000007fef0d60000 - 0x000007fef0d6a000 	C:\Windows\System32\DAVHLPR.dll
0x000007fefc2e0000 - 0x000007fefc2f5000 	C:\Windows\system32\wkscli.dll
0x000007fefc300000 - 0x000007fefc30c000 	C:\Windows\system32\netutils.dll
0x000007fef09f0000 - 0x000007fef0a0f000 	C:\Windows\system32\thumbcache.dll
0x000007fee6a10000 - 0x000007fee6c81000 	C:\Windows\system32\wpdshext.dll
0x000007fef9d80000 - 0x000007fef9f96000 	C:\Windows\WinSxS\amd64_microsoft.windows.gdiplus_6595b64144ccf1df_1.1.7601.19061_none_2b299db671e86e03\gdiplus.dll
0x000007fef78e0000 - 0x000007fef7914000 	C:\Windows\system32\SHDOCVW.dll
0x000007fefad40000 - 0x000007fefbb10000 	C:\Windows\system32\ieframe.DLL
0x000007fefd4b0000 - 0x000007fefd4b4000 	C:\Windows\system32\api-ms-win-downlevel-user32-l1-1-0.dll
0x000007fefad30000 - 0x000007fefad34000 	C:\Windows\system32\api-ms-win-downlevel-shell32-l1-1-0.dll
0x000007fefd5f0000 - 0x000007fefd5f4000 	C:\Windows\system32\api-ms-win-downlevel-version-l1-1-0.dll
0x000007fefd840000 - 0x000007fefd843000 	C:\Windows\system32\api-ms-win-downlevel-normaliz-l1-1-0.dll
0x00000000778c0000 - 0x00000000778c3000 	C:\Windows\system32\normaliz.DLL
0x000007fefdec0000 - 0x000007fefe188000 	C:\Windows\system32\iertutil.dll
0x000007fef93b0000 - 0x000007fef946d000 	C:\Windows\system32\PortableDeviceApi.dll
0x000007fef94a0000 - 0x000007fef94d9000 	C:\Windows\system32\PortableDeviceTypes.dll
0x000007feebe80000 - 0x000007feebea7000 	C:\Windows\system32\EhStorAPI.dll
0x000007fef8ea0000 - 0x000007fef8eab000 	C:\Windows\system32\slc.dll
0x000007feea100000 - 0x000007feea211000 	C:\Users\Gringo\AppData\Roaming\Yandex\YandexDisk\YandexDiskShellExt-4724.dll
0x000007fef96f0000 - 0x000007fef96f7000 	C:\Windows\system32\MSIMG32.dll
0x000007feff790000 - 0x000007feff9f9000 	C:\Windows\system32\WININET.dll
0x000007fefd820000 - 0x000007fefd83e000 	C:\Windows\system32\USERENV.dll
0x000007fef0e60000 - 0x000007fef0ffc000 	C:\Windows\system32\NetworkExplorer.dll
0x000007fee9820000 - 0x000007fee98f7000 	C:\Windows\system32\SearchFolder.dll
0x000007fef0350000 - 0x000007fef03d0000 	C:\Windows\system32\ntshrui.dll
0x000007fefd010000 - 0x000007fefd033000 	C:\Windows\system32\srvcli.dll
0x000007fef78d0000 - 0x000007fef78dc000 	C:\Windows\system32\LINKINFO.dll

VM Arguments:
jvm_args: -Dfile.encoding=UTF-8 
java_command: C:\Users\Gringo\Desktop\AdcE440DataFilesGraph_3\dist\run1667281160\AdcE440DataFilesGraph.jar
java_class_path (initial): C:\Users\Gringo\Desktop\AdcE440DataFilesGraph_3\dist\run1667281160\AdcE440DataFilesGraph.jar
Launcher Type: SUN_STANDARD

Environment Variables:
JAVA_HOME=C:\Program Files\Java\jdk1.8.0_101
PATH=C:\oraclexe\app\oracle\product\11.2.0\server\bin;;C:\ProgramData\Oracle\Java\javapath;C:\Windows\system32;C:\Windows;C:\Windows\System32\Wbem;C:\Windows\System32\WindowsPowerShell\v1.0\;C:\Program Files\7-Zip;C:\Program Files (x86)\NVIDIA Corporation\PhysX\Common;C:\Program Files\Java\jdk1.8.0_101\bin;C:\Program Files\Git\cmd;C:\apache-maven-3.3.9\bin;C:\Program Files (x86)\Skype\Phone\
USERNAME=Gringo
OS=Windows_NT
PROCESSOR_IDENTIFIER=AMD64 Family 15 Model 67 Stepping 3, AuthenticAMD



---------------  S Y S T E M  ---------------

OS: Windows 7 , 64 bit Build 7601 (6.1.7601.23250)

CPU:total 2 (2 cores per cpu, 1 threads per core) family 15 model 67 stepping 3, cmov, cx8, fxsr, mmx, sse, sse2, sse3, mmxext, 3dnowpref, tsc

Memory: 4k page, physical 6289912k(2382152k free), swap 12577968k(7207716k free)

vm_info: Java HotSpot(TM) 64-Bit Server VM (25.101-b13) for windows-amd64 JRE (1.8.0_101-b13), built on Jun 22 2016 01:21:29 by "java_re" with MS VC++ 10.0 (VS2010)

time: Wed Apr 19 15:21:38 2017
elapsed time: 64 seconds (0d 0h 1m 4s)

